#
# There is insufficient memory for the Java Runtime Environment to continue.
# Native memory allocation (malloc) failed to allocate 1034112 bytes for Chunk::new
# Possible reasons:
#   The system is out of physical RAM or swap space
#   The process is running with CompressedOops enabled, and the Java Heap may be blocking the growth of the native heap
# Possible solutions:
#   Reduce memory load on the system
#   Increase physical memory or swap space
#   Check if swap backing store is full
#   Decrease Java heap size (-Xmx/-Xms)
#   Decrease number of Java threads
#   Decrease Java thread stack sizes (-Xss)
#   Set larger code cache with -XX:ReservedCodeCacheSize=
#   JVM is running with Unscaled Compressed Oops mode in which the Java heap is
#     placed in the first 4GB address space. The Java Heap base address is the
#     maximum limit for the native heap growth. Please use -XX:HeapBaseMinAddress
#     to set the Java Heap base and to place the Java Heap above 4GB virtual address.
# This output file may be truncated or incomplete.
#
#  Out of Memory Error (allocation.cpp:389), pid=5444, tid=0x0000000000001418
#
# JRE version: OpenJDK Runtime Environment (8.0_202-b03) (build 1.8.0_202-release-1483-b03)
# Java VM: OpenJDK 64-Bit Server VM (25.202-b03 mixed mode windows-amd64 compressed oops)
# Failed to write core dump. Minidumps are not enabled by default on client versions of Windows
#

---------------  T H R E A D  ---------------

Current thread (0x00000000562ee800):  JavaThread "C2 CompilerThread0" daemon [_thread_in_native, id=5144, stack(0x0000000057610000,0x0000000057710000)]

Stack: [0x0000000057610000,0x0000000057710000]
[error occurred during error reporting (printing stack bounds), id 0xc0000005]

Native frames: (J=compiled Java code, j=interpreted, Vv=VM code, C=native code)


Current CompileTask:
C2:  15630 5257       4       sun.reflect.generics.parser.SignatureParser::parsePackageNameAndSimpleClassTypeSignature (139 bytes)


---------------  P R O C E S S  ---------------

Java Threads: ( => current thread )
  0x00000000584c7800 JavaThread "Cache worker for file content cache (E:\Android_code_file\KotlinStudy\.gradle\5.4.1\fileContent)" [_thread_blocked, id=8896, stack(0x0000000062a40000,0x0000000062b40000)]
  0x00000000584c6800 JavaThread "Cache worker for file content cache (C:\Users\Administrator\.gradle\caches\5.4.1\fileContent)" [_thread_blocked, id=1128, stack(0x0000000063e60000,0x0000000063f60000)]
  0x00000000584c6000 JavaThread "Memory manager" [_thread_blocked, id=8328, stack(0x00000000628c0000,0x00000000629c0000)]
  0x00000000584c4800 JavaThread "Cache worker for Build Output Cleanup Cache (E:\Android_code_file\KotlinStudy\.gradle\buildOutputCleanup)" [_thread_blocked, id=816, stack(0x00000000614a0000,0x00000000615a0000)]
  0x00000000584c3800 JavaThread "Build operations Thread 4" [_thread_blocked, id=8512, stack(0x00000000616e0000,0x00000000617e0000)]
  0x00000000584c3000 JavaThread "Build operations Thread 3" [_thread_blocked, id=8720, stack(0x0000000061250000,0x0000000061350000)]
  0x00000000584c2000 JavaThread "Build operations Thread 2" [_thread_blocked, id=4656, stack(0x00000000615c0000,0x00000000616c0000)]
  0x00000000584c1800 JavaThread "Build operations" [_thread_blocked, id=4304, stack(0x0000000061380000,0x0000000061480000)]
  0x00000000584c0800 JavaThread "Cache worker for execution history cache (C:\Users\Administrator\.gradle\caches\5.4.1\executionHistory)" [_thread_blocked, id=3372, stack(0x0000000061120000,0x0000000061220000)]
  0x00000000584c0000 JavaThread "Cache worker for cache directory md-rule (C:\Users\Administrator\.gradle\caches\5.4.1\md-rule)" [_thread_blocked, id=8256, stack(0x000000005f1a0000,0x000000005f2a0000)]
  0x00000000584bf000 JavaThread "Cache worker for cache directory md-supplier (C:\Users\Administrator\.gradle\caches\5.4.1\md-supplier)" [_thread_blocked, id=8480, stack(0x0000000060da0000,0x0000000060ea0000)]
  0x00000000584ba000 JavaThread "Cache worker for file hash cache (E:\Android_code_file\KotlinStudy\.gradle\5.4.1\fileHashes)" [_thread_blocked, id=4472, stack(0x000000005ee20000,0x000000005ef20000)]
  0x00000000584b9000 JavaThread "Cache worker for journal cache (C:\Users\Administrator\.gradle\caches\journal-1)" [_thread_blocked, id=8240, stack(0x000000005ca90000,0x000000005cb90000)]
  0x00000000584b8800 JavaThread "File lock request listener" [_thread_in_native, id=2444, stack(0x000000005c900000,0x000000005ca00000)]
  0x00000000584d7000 JavaThread "Cache worker for file hash cache (C:\Users\Administrator\.gradle\caches\5.4.1\fileHashes)" [_thread_blocked, id=7828, stack(0x000000005c350000,0x000000005c450000)]
  0x0000000059db7000 JavaThread "Thread-9" [_thread_blocked, id=8976, stack(0x000000005c5a0000,0x000000005c6a0000)]
  0x0000000059db6000 JavaThread "Stdin handler" [_thread_blocked, id=160, stack(0x000000005c470000,0x000000005c570000)]
  0x0000000059db1800 JavaThread "Asynchronous log dispatcher for DefaultDaemonConnection: socket connection from /127.0.0.1:59330 to /127.0.0.1:59331" [_thread_blocked, id=6384, stack(0x000000005c240000,0x000000005c340000)]
  0x0000000059da4800 JavaThread "Daemon worker" [_thread_in_Java, id=6148, stack(0x000000005bf60000,0x000000005c060000)]
  0x0000000059d70000 JavaThread "Cancel handler" [_thread_blocked, id=2364, stack(0x000000005c130000,0x000000005c230000)]
  0x0000000059d6e800 JavaThread "Handler for socket connection from /127.0.0.1:59330 to /127.0.0.1:59331" [_thread_in_native, id=8940, stack(0x000000005b270000,0x000000005b370000)]
  0x0000000059d52000 JavaThread "Daemon" [_thread_blocked, id=9008, stack(0x0000000058cc0000,0x0000000058dc0000)]
  0x0000000059d3b000 JavaThread "Daemon periodic checks" [_thread_blocked, id=8296, stack(0x000000005b020000,0x000000005b120000)]
  0x0000000059d39800 JavaThread "Incoming local TCP Connector on port 59330" [_thread_in_native, id=8232, stack(0x000000005bc40000,0x000000005bd40000)]
  0x0000000059342800 JavaThread "Daemon health stats" [_thread_blocked, id=5872, stack(0x00000000580f0000,0x00000000581f0000)]
  0x00000000578b6000 JavaThread "Service Thread" daemon [_thread_blocked, id=7980, stack(0x00000000573c0000,0x00000000574c0000)]
  0x00000000578b3000 JavaThread "C1 CompilerThread2" daemon [_thread_blocked, id=3580, stack(0x0000000058210000,0x0000000058310000)]
  0x00000000578b1000 JavaThread "C2 CompilerThread1" daemon [_thread_blocked, id=8132, stack(0x0000000057f80000,0x0000000058080000)]
=>0x00000000562ee800 JavaThread "C2 CompilerThread0" daemon [_thread_in_native, id=5144, stack(0x0000000057610000,0x0000000057710000)]
  0x000000005789a800 JavaThread "Attach Listener" daemon [_thread_blocked, id=828, stack(0x0000000057e00000,0x0000000057f00000)]
  0x00000000562dc000 JavaThread "Signal Dispatcher" daemon [_thread_blocked, id=3840, stack(0x0000000057c90000,0x0000000057d90000)]
  0x00000000562c2800 JavaThread "Finalizer" daemon [_thread_blocked, id=9040, stack(0x0000000057790000,0x0000000057890000)]
  0x00000000562c1000 JavaThread "Reference Handler" daemon [_thread_blocked, id=1280, stack(0x00000000574c0000,0x00000000575c0000)]
  0x000000000244f800 JavaThread "main" [_thread_blocked, id=3132, stack(0x00000000027c0000,0x00000000028c0000)]

Other Threads:
  0x0000000056279800 VMThread [stack: 0x00000000572b0000,0x00000000573b0000] [id=5992]
  0x00000000578b8800 WatcherThread [stack: 0x0000000058380000,0x0000000058480000] [id=5788]

VM state:not at safepoint (normal execution)

VM Mutex/Monitor currently owned by a thread: None

heap address: 0x00000000a0000000, size: 1536 MB, Compressed Oops mode: 32-bit
Narrow klass base: 0x0000000000000000, Narrow klass shift: 0
Compressed class space size: 1073741824 Address: 0x00000000158f0000

Heap:
 PSYoungGen      total 344064K, used 16933K [0x00000000e0000000, 0x00000000f6d00000, 0x0000000100000000)
  eden space 321024K, 5% used [0x00000000e0000000,0x00000000e1089668,0x00000000f3980000)
  from space 23040K, 0% used [0x00000000f3980000,0x00000000f3980000,0x00000000f5000000)
  to   space 16384K, 0% used [0x00000000f5000000,0x00000000f5000000,0x00000000f6000000)
 ParOldGen       total 134656K, used 33014K [0x00000000a0000000, 0x00000000a8380000, 0x00000000e0000000)
  object space 134656K, 24% used [0x00000000a0000000,0x00000000a203dbd8,0x00000000a8380000)
 Metaspace       used 58066K, capacity 59730K, committed 59992K, reserved 1101824K
  class space    used 7868K, capacity 8298K, committed 8320K, reserved 1048576K

Card table byte_map: [0x0000000011c80000,0x0000000011f90000] byte_map_base: 0x0000000011780000

Marking Bits: (ParMarkBitMap*) 0x000000005bb69f30
 Begin Bits: [0x00000000125f0000, 0x0000000013df0000)
 End Bits:   [0x0000000013df0000, 0x00000000155f0000)

Polling page: 0x0000000000240000

CodeCache: size=245760Kb used=16454Kb max_used=16483Kb free=229305Kb
 bounds [0x00000000028c0000, 0x00000000038f0000, 0x00000000118c0000]
 total_blobs=5698 nmethods=4912 adapters=698
 compilation: enabled

Compilation events (10 events):
Event: 15.599 Thread 0x00000000578b1000 nmethod 5334 0x00000000038e5990 code [0x00000000038e5b40, 0x00000000038e6e48]
Event: 15.599 Thread 0x00000000578b1000 5342       4       java.util.regex.Pattern$LastNode::match (45 bytes)
Event: 15.600 Thread 0x00000000578b1000 nmethod 5342 0x0000000002b28010 code [0x0000000002b28160, 0x0000000002b28218]
Event: 15.600 Thread 0x00000000578b1000 5343       4       java.util.regex.Matcher::find (69 bytes)
Event: 15.604 Thread 0x00000000578b1000 nmethod 5343 0x00000000038e3810 code [0x00000000038e3960, 0x00000000038e3c38]
Event: 15.604 Thread 0x00000000578b1000 5344       4       java.lang.StringBuilder::getChars (10 bytes)
Event: 15.605 Thread 0x00000000578b1000 nmethod 5344 0x00000000038d4fd0 code [0x00000000038d5120, 0x00000000038d52b8]
Event: 15.605 Thread 0x00000000578b1000 5345       4       java.lang.AbstractStringBuilder::getChars (64 bytes)
Event: 15.607 Thread 0x00000000578b1000 nmethod 5345 0x00000000038e3350 code [0x00000000038e34a0, 0x00000000038e3638]
Event: 15.607 Thread 0x00000000578b1000 5335       4       java.lang.AbstractStringBuilder::append (50 bytes)

GC Heap History (10 events):
Event: 10.227 GC heap before
{Heap before GC invocations=6 (full 1):
 PSYoungGen      total 189440K, used 98051K [0x00000000e0000000, 0x00000000ed000000, 0x0000000100000000)
  eden space 181248K, 49% used [0x00000000e0000000,0x00000000e57c3110,0x00000000eb100000)
  from space 8192K, 99% used [0x00000000ec800000,0x00000000ecffdaf0,0x00000000ed000000)
  to   space 8192K, 0% used [0x00000000ec000000,0x00000000ec000000,0x00000000ec800000)
 ParOldGen       total 78848K, used 17085K [0x00000000a0000000, 0x00000000a4d00000, 0x00000000e0000000)
  object space 78848K, 21% used [0x00000000a0000000,0x00000000a10af418,0x00000000a4d00000)
 Metaspace       used 34561K, capacity 35340K, committed 35456K, reserved 1079296K
  class space    used 4763K, capacity 4949K, committed 4992K, reserved 1048576K
Event: 10.248 GC heap after
Heap after GC invocations=6 (full 1):
 PSYoungGen      total 204800K, used 8176K [0x00000000e0000000, 0x00000000f6000000, 0x0000000100000000)
  eden space 196608K, 0% used [0x00000000e0000000,0x00000000e0000000,0x00000000ec000000)
  from space 8192K, 99% used [0x00000000ec000000,0x00000000ec7fc010,0x00000000ec800000)
  to   space 16384K, 0% used [0x00000000f5000000,0x00000000f5000000,0x00000000f6000000)
 ParOldGen       total 78848K, used 21426K [0x00000000a0000000, 0x00000000a4d00000, 0x00000000e0000000)
  object space 78848K, 27% used [0x00000000a0000000,0x00000000a14ecad0,0x00000000a4d00000)
 Metaspace       used 34561K, capacity 35340K, committed 35456K, reserved 1079296K
  class space    used 4763K, capacity 4949K, committed 4992K, reserved 1048576K
}
Event: 10.248 GC heap before
{Heap before GC invocations=7 (full 2):
 PSYoungGen      total 204800K, used 8176K [0x00000000e0000000, 0x00000000f6000000, 0x0000000100000000)
  eden space 196608K, 0% used [0x00000000e0000000,0x00000000e0000000,0x00000000ec000000)
  from space 8192K, 99% used [0x00000000ec000000,0x00000000ec7fc010,0x00000000ec800000)
  to   space 16384K, 0% used [0x00000000f5000000,0x00000000f5000000,0x00000000f6000000)
 ParOldGen       total 78848K, used 21426K [0x00000000a0000000, 0x00000000a4d00000, 0x00000000e0000000)
  object space 78848K, 27% used [0x00000000a0000000,0x00000000a14ecad0,0x00000000a4d00000)
 Metaspace       used 34561K, capacity 35340K, committed 35456K, reserved 1079296K
  class space    used 4763K, capacity 4949K, committed 4992K, reserved 1048576K
Event: 10.363 GC heap after
Heap after GC invocations=7 (full 2):
 PSYoungGen      total 204800K, used 0K [0x00000000e0000000, 0x00000000f6000000, 0x0000000100000000)
  eden space 196608K, 0% used [0x00000000e0000000,0x00000000e0000000,0x00000000ec000000)
  from space 8192K, 0% used [0x00000000ec000000,0x00000000ec000000,0x00000000ec800000)
  to   space 16384K, 0% used [0x00000000f5000000,0x00000000f5000000,0x00000000f6000000)
 ParOldGen       total 100352K, used 19690K [0x00000000a0000000, 0x00000000a6200000, 0x00000000e0000000)
  object space 100352K, 19% used [0x00000000a0000000,0x00000000a133abd8,0x00000000a6200000)
 Metaspace       used 34561K, capacity 35340K, committed 35456K, reserved 1079296K
  class space    used 4763K, capacity 4949K, committed 4992K, reserved 1048576K
}
Event: 14.002 GC heap before
{Heap before GC invocations=8 (full 2):
 PSYoungGen      total 204800K, used 196608K [0x00000000e0000000, 0x00000000f6000000, 0x0000000100000000)
  eden space 196608K, 100% used [0x00000000e0000000,0x00000000ec000000,0x00000000ec000000)
  from space 8192K, 0% used [0x00000000ec000000,0x00000000ec000000,0x00000000ec800000)
  to   space 16384K, 0% used [0x00000000f5000000,0x00000000f5000000,0x00000000f6000000)
 ParOldGen       total 100352K, used 19690K [0x00000000a0000000, 0x00000000a6200000, 0x00000000e0000000)
  object space 100352K, 19% used [0x00000000a0000000,0x00000000a133abd8,0x00000000a6200000)
 Metaspace       used 51688K, capacity 53110K, committed 53504K, reserved 1095680K
  class space    used 6961K, capacity 7312K, committed 7424K, reserved 1048576K
Event: 14.034 GC heap after
Heap after GC invocations=8 (full 2):
 PSYoungGen      total 337408K, used 16361K [0x00000000e0000000, 0x00000000f6d00000, 0x0000000100000000)
  eden space 321024K, 0% used [0x00000000e0000000,0x00000000e0000000,0x00000000f3980000)
  from space 16384K, 99% used [0x00000000f5000000,0x00000000f5ffa7e8,0x00000000f6000000)
  to   space 23040K, 0% used [0x00000000f3980000,0x00000000f3980000,0x00000000f5000000)
 ParOldGen       total 100352K, used 27046K [0x00000000a0000000, 0x00000000a6200000, 0x00000000e0000000)
  object space 100352K, 26% used [0x00000000a0000000,0x00000000a1a69848,0x00000000a6200000)
 Metaspace       used 51688K, capacity 53110K, committed 53504K, reserved 1095680K
  class space    used 6961K, capacity 7312K, committed 7424K, reserved 1048576K
}
Event: 15.227 GC heap before
{Heap before GC invocations=9 (full 2):
 PSYoungGen      total 337408K, used 88419K [0x00000000e0000000, 0x00000000f6d00000, 0x0000000100000000)
  eden space 321024K, 22% used [0x00000000e0000000,0x00000000e465e5f0,0x00000000f3980000)
  from space 16384K, 99% used [0x00000000f5000000,0x00000000f5ffa7e8,0x00000000f6000000)
  to   space 23040K, 0% used [0x00000000f3980000,0x00000000f3980000,0x00000000f5000000)
 ParOldGen       total 100352K, used 27046K [0x00000000a0000000, 0x00000000a6200000, 0x00000000e0000000)
  object space 100352K, 26% used [0x00000000a0000000,0x00000000a1a69848,0x00000000a6200000)
 Metaspace       used 57452K, capacity 59058K, committed 59096K, reserved 1099776K
  class space    used 7771K, capacity 8164K, committed 8192K, reserved 1048576K
Event: 15.248 GC heap after
Heap after GC invocations=9 (full 2):
 PSYoungGen      total 344064K, used 17919K [0x00000000e0000000, 0x00000000f6d00000, 0x0000000100000000)
  eden space 321024K, 0% used [0x00000000e0000000,0x00000000e0000000,0x00000000f3980000)
  from space 23040K, 77% used [0x00000000f3980000,0x00000000f4affe38,0x00000000f5000000)
  to   space 16384K, 0% used [0x00000000f5000000,0x00000000f5000000,0x00000000f6000000)
 ParOldGen       total 100352K, used 27118K [0x00000000a0000000, 0x00000000a6200000, 0x00000000e0000000)
  object space 100352K, 27% used [0x00000000a0000000,0x00000000a1a7b858,0x00000000a6200000)
 Metaspace       used 57452K, capacity 59058K, committed 59096K, reserved 1099776K
  class space    used 7771K, capacity 8164K, committed 8192K, reserved 1048576K
}
Event: 15.248 GC heap before
{Heap before GC invocations=10 (full 3):
 PSYoungGen      total 344064K, used 17919K [0x00000000e0000000, 0x00000000f6d00000, 0x0000000100000000)
  eden space 321024K, 0% used [0x00000000e0000000,0x00000000e0000000,0x00000000f3980000)
  from space 23040K, 77% used [0x00000000f3980000,0x00000000f4affe38,0x00000000f5000000)
  to   space 16384K, 0% used [0x00000000f5000000,0x00000000f5000000,0x00000000f6000000)
 ParOldGen       total 100352K, used 27118K [0x00000000a0000000, 0x00000000a6200000, 0x00000000e0000000)
  object space 100352K, 27% used [0x00000000a0000000,0x00000000a1a7b858,0x00000000a6200000)
 Metaspace       used 57452K, capacity 59058K, committed 59096K, reserved 1099776K
  class space    used 7771K, capacity 8164K, committed 8192K, reserved 1048576K
Event: 15.415 GC heap after
Heap after GC invocations=10 (full 3):
 PSYoungGen      total 344064K, used 0K [0x00000000e0000000, 0x00000000f6d00000, 0x0000000100000000)
  eden space 321024K, 0% used [0x00000000e0000000,0x00000000e0000000,0x00000000f3980000)
  from space 23040K, 0% used [0x00000000f3980000,0x00000000f3980000,0x00000000f5000000)
  to   space 16384K, 0% used [0x00000000f5000000,0x00000000f5000000,0x00000000f6000000)
 ParOldGen       total 134656K, used 33014K [0x00000000a0000000, 0x00000000a8380000, 0x00000000e0000000)
  object space 134656K, 24% used [0x00000000a0000000,0x00000000a203dbd8,0x00000000a8380000)
 Metaspace       used 57452K, capacity 59058K, committed 59096K, reserved 1099776K
  class space    used 7771K, capacity 8164K, committed 8192K, reserved 1048576K
}

Deoptimization events (10 events):
Event: 14.755 Thread 0x0000000059da4800 Uncommon trap: reason=unstable_if action=reinterpret pc=0x0000000002e1d614 method=java.util.Collections$SetFromMap.remove(Ljava/lang/Object;)Z @ 10
Event: 14.793 Thread 0x0000000059da4800 Uncommon trap: reason=unstable_if action=reinterpret pc=0x00000000035201f4 method=java.util.TreeMap.put(Ljava/lang/Object;Ljava/lang/Object;)Ljava/lang/Object; @ 163
Event: 14.912 Thread 0x0000000059da4800 Uncommon trap: reason=bimorphic action=maybe_recompile pc=0x00000000035c20f0 method=java.util.regex.Pattern$5.isSatisfiedBy(I)Z @ 16
Event: 14.912 Thread 0x0000000059da4800 Uncommon trap: reason=bimorphic action=maybe_recompile pc=0x00000000035c20f0 method=java.util.regex.Pattern$5.isSatisfiedBy(I)Z @ 16
Event: 14.912 Thread 0x0000000059da4800 Uncommon trap: reason=bimorphic action=maybe_recompile pc=0x00000000035c20f0 method=java.util.regex.Pattern$5.isSatisfiedBy(I)Z @ 16
Event: 14.912 Thread 0x0000000059da4800 Uncommon trap: reason=bimorphic action=maybe_recompile pc=0x00000000035c20f0 method=java.util.regex.Pattern$5.isSatisfiedBy(I)Z @ 16
Event: 15.227 Thread 0x0000000059da4800 Uncommon trap: reason=unstable_if action=reinterpret pc=0x0000000002e83e0c method=java.io.DataInputStream.readUTF(Ljava/io/DataInput;)Ljava/lang/String; @ 31
Event: 15.510 Thread 0x0000000059da4800 Uncommon trap: reason=unstable_if action=reinterpret pc=0x0000000002e668d8 method=java.util.regex.Pattern$BmpCharProperty.match(Ljava/util/regex/Matcher;ILjava/lang/CharSequence;)Z @ 34
Event: 15.529 Thread 0x0000000059da4800 Uncommon trap: reason=unstable_if action=reinterpret pc=0x000000000377dd20 method=com.sun.org.apache.xerces.internal.impl.XMLEntityScanner.scanLiteral(ILcom/sun/org/apache/xerces/internal/xni/XMLString;Z)I @ 660
Event: 15.531 Thread 0x0000000059da4800 Uncommon trap: reason=unstable_if action=reinterpret pc=0x0000000003804fa8 method=com.sun.org.apache.xerces.internal.impl.XMLEntityScanner.peekChar()I @ 14

Classes redefined (0 events):
No events

Internal exceptions (10 events):
Event: 14.185 Thread 0x0000000059da4800 Exception <a 'java/lang/ClassNotFoundException': com/android/build/gradle/internal/api/ApkVariantOutputImplCustomizer> (0x00000000e0855568) thrown at [D:\src\AOSP-openjdk-cygwin\jdk8u\hotspot\src\share\vm\classfile\systemDictionary.cpp, line 210]
Event: 14.186 Thread 0x0000000059da4800 Exception <a 'java/lang/ClassNotFoundException': com/android/build/gradle/internal/api/ApkVariantOutputImpl_DecoratedCustomizer> (0x00000000e0888c80) thrown at [D:\src\AOSP-openjdk-cygwin\jdk8u\hotspot\src\share\vm\classfile\systemDictionary.cpp, line 210
Event: 14.370 Thread 0x0000000059da4800 Implicit null exception at 0x0000000003487597 to 0x0000000003487a35
Event: 14.823 Thread 0x0000000059da4800 Exception <a 'java/lang/NoSuchMethodError': java.lang.Object.lambda$static$0(Ljava/util/Set;Ljava/util/Set;)Z> (0x00000000e26e6190) thrown at [D:\src\AOSP-openjdk-cygwin\jdk8u\hotspot\src\share\vm\interpreter\linkResolver.cpp, line 620]
Event: 14.824 Thread 0x0000000059da4800 Exception <a 'java/lang/NoSuchMethodError': java.lang.Object.lambda$static$1(Ljava/util/Set;Ljava/util/Set;)Z> (0x00000000e26e9100) thrown at [D:\src\AOSP-openjdk-cygwin\jdk8u\hotspot\src\share\vm\interpreter\linkResolver.cpp, line 620]
Event: 14.824 Thread 0x0000000059da4800 Exception <a 'java/lang/NoSuchMethodError': java.lang.Object.lambda$static$2(Ljava/util/Set;Ljava/util/Set;)Z> (0x00000000e26ebc40) thrown at [D:\src\AOSP-openjdk-cygwin\jdk8u\hotspot\src\share\vm\interpreter\linkResolver.cpp, line 620]
Event: 14.824 Thread 0x0000000059da4800 Exception <a 'java/lang/NoSuchMethodError': java.lang.Object.lambda$static$3(Ljava/util/Set;Ljava/util/Set;)Z> (0x00000000e26ee780) thrown at [D:\src\AOSP-openjdk-cygwin\jdk8u\hotspot\src\share\vm\interpreter\linkResolver.cpp, line 620]
Event: 14.825 Thread 0x0000000059da4800 Exception <a 'java/lang/NoSuchMethodError': java.lang.Object.lambda$static$4(Ljava/util/Set;Ljava/util/Set;)Z> (0x00000000e26f12c0) thrown at [D:\src\AOSP-openjdk-cygwin\jdk8u\hotspot\src\share\vm\interpreter\linkResolver.cpp, line 620]
Event: 14.944 Thread 0x0000000059da4800 Exception <a 'java/lang/ClassNotFoundException': com/sun/org/glassfish/hk2/osgiresourcelocator/ServiceLoader> (0x00000000e2e52f68) thrown at [D:\src\AOSP-openjdk-cygwin\jdk8u\hotspot\src\share\vm\classfile\systemDictionary.cpp, line 210]
Event: 14.993 Thread 0x0000000059da4800 Exception <a 'java/lang/NullPointerException'> (0x00000000e33d0158) thrown at [D:\src\AOSP-openjdk-cygwin\jdk8u\hotspot\src\share\vm\interpreter\linkResolver.cpp, line 1287]

Events (10 events):
Event: 15.608 loading class com/android/sdklib/IAndroidTarget
Event: 15.608 loading class com/android/sdklib/IAndroidTarget done
Event: 15.610 loading class com/android/sdklib/repository/targets/PlatformTarget$1
Event: 15.610 loading class com/android/sdklib/repository/targets/PlatformTarget$1 done
Event: 15.610 Executing VM operation: Deoptimize
Event: 15.611 Executing VM operation: Deoptimize done
Event: 15.612 loading class com/android/sdklib/repository/targets/PlatformTarget$Library
Event: 15.612 loading class com/android/sdklib/repository/targets/PlatformTarget$Library done
Event: 15.612 loading class com/google/common/io/Files
Event: 15.612 loading class com/google/common/io/Files done


Dynamic libraries:
0x000000013f4d0000 - 0x000000013f501000 	C:\Program Files\Android\Android Studio1\jre\bin\java.exe
0x0000000076fd0000 - 0x000000007716f000 	C:\Windows\SYSTEM32\ntdll.dll
0x0000000076d50000 - 0x0000000076e6f000 	C:\Windows\system32\kernel32.dll
0x000007fefd780000 - 0x000007fefd7e7000 	C:\Windows\system32\KERNELBASE.dll
0x000007fefdbd0000 - 0x000007fefdcab000 	C:\Windows\system32\ADVAPI32.dll
0x000007feff170000 - 0x000007feff20f000 	C:\Windows\system32\msvcrt.dll
0x000007fefe080000 - 0x000007fefe09f000 	C:\Windows\SYSTEM32\sechost.dll
0x000007fefdcb0000 - 0x000007fefdddc000 	C:\Windows\system32\RPCRT4.dll
0x0000000076c50000 - 0x0000000076d4a000 	C:\Windows\system32\USER32.dll
0x000007fefdf70000 - 0x000007fefdfd7000 	C:\Windows\system32\GDI32.dll
0x000007fefe240000 - 0x000007fefe24e000 	C:\Windows\system32\LPK.dll
0x000007fefe0c0000 - 0x000007fefe18b000 	C:\Windows\system32\USP10.dll
0x000007fefbc30000 - 0x000007fefbe25000 	C:\Windows\WinSxS\amd64_microsoft.windows.common-controls_6595b64144ccf1df_6.0.7601.24483_none_e372d88f30fbb845\COMCTL32.dll
0x000007fefdde0000 - 0x000007fefde51000 	C:\Windows\system32\SHLWAPI.dll
0x000007feff210000 - 0x000007feff23e000 	C:\Windows\system32\IMM32.DLL
0x000007fefde60000 - 0x000007fefdf69000 	C:\Windows\system32\MSCTF.dll
0x00000000665e0000 - 0x00000000666b2000 	C:\Program Files\Android\Android Studio1\jre\jre\bin\msvcr100.dll
0x000000005b3a0000 - 0x000000005bbe6000 	C:\Program Files\Android\Android Studio1\jre\jre\bin\server\jvm.dll
0x000007fef1380000 - 0x000007fef1389000 	C:\Windows\system32\WSOCK32.dll
0x000007fefe330000 - 0x000007fefe37d000 	C:\Windows\system32\WS2_32.dll
0x000007fefe230000 - 0x000007fefe238000 	C:\Windows\system32\NSI.dll
0x000007fef9200000 - 0x000007fef923b000 	C:\Windows\system32\WINMM.dll
0x000007fefc570000 - 0x000007fefc57c000 	C:\Windows\system32\VERSION.dll
0x0000000077170000 - 0x0000000077177000 	C:\Windows\system32\PSAPI.DLL
0x000007fefc0e0000 - 0x000007fefc0ef000 	C:\Program Files\Android\Android Studio1\jre\jre\bin\verify.dll
0x000007feef2b0000 - 0x000007feef2d9000 	C:\Program Files\Android\Android Studio1\jre\jre\bin\java.dll
0x000007feefd50000 - 0x000007feefd66000 	C:\Program Files\Android\Android Studio1\jre\jre\bin\zip.dll
0x000007fefe380000 - 0x000007feff10b000 	C:\Windows\system32\SHELL32.dll
0x000007fefd7f0000 - 0x000007fefd9ef000 	C:\Windows\system32\ole32.dll
0x000007fefd420000 - 0x000007fefd42f000 	C:\Windows\system32\profapi.dll
0x000007feefdd0000 - 0x000007feefdea000 	C:\Program Files\Android\Android Studio1\jre\jre\bin\net.dll
0x000007fefcbf0000 - 0x000007fefcc45000 	C:\Windows\system32\mswsock.dll
0x000007fefcbe0000 - 0x000007fefcbe7000 	C:\Windows\System32\wship6.dll
0x000007feef950000 - 0x000007feef961000 	C:\Program Files\Android\Android Studio1\jre\jre\bin\nio.dll
0x000007feed190000 - 0x000007feed1b6000 	C:\Users\Administrator\.gradle\native\29\windows-amd64\native-platform.dll
0x000007fef8d90000 - 0x000007fef8d93000 	C:\Windows\system32\api-ms-win-core-synch-l1-2-0.DLL
0x000007feefd40000 - 0x000007feefd4d000 	C:\Program Files\Android\Android Studio1\jre\jre\bin\management.dll
0x000007fefcc50000 - 0x000007fefcc68000 	C:\Windows\system32\CRYPTSP.dll
0x000007fefc950000 - 0x000007fefc997000 	C:\Windows\system32\rsaenh.dll
0x000007fefcdf0000 - 0x000007fefce12000 	C:\Windows\system32\bcrypt.dll
0x000007fefcd60000 - 0x000007fefcdac000 	C:\Windows\system32\bcryptprimitives.dll
0x000007fefc760000 - 0x000007fefc77f000 	C:\Windows\system32\USERENV.dll
0x000007fefd350000 - 0x000007fefd35f000 	C:\Windows\system32\CRYPTBASE.dll
0x000007fefaef0000 - 0x000007fefaf17000 	C:\Windows\system32\IPHLPAPI.DLL
0x000007fefaed0000 - 0x000007fefaedb000 	C:\Windows\system32\WINNSI.DLL
0x000007fefacd0000 - 0x000007feface1000 	C:\Windows\system32\dhcpcsvc6.DLL
0x000007fefacb0000 - 0x000007fefacc8000 	C:\Windows\system32\dhcpcsvc.DLL

VM Arguments:
jvm_args: -Xmx1536m -Dfile.encoding=GBK -Duser.country=CN -Duser.language=zh -Duser.variant 
java_command: org.gradle.launcher.daemon.bootstrap.GradleDaemon 5.4.1
java_class_path (initial): C:\Users\Administrator\.gradle\wrapper\dists\gradle-5.4.1-all\3221gyojl5jsh0helicew7rwx\gradle-5.4.1\lib\gradle-launcher-5.4.1.jar
Launcher Type: SUN_STANDARD

Environment Variables:
PATH=C:\Program Files (x86)\Common Files\Oracle\Java\javapath;C:\sybase\OCS-12_5\lib3p;C:\sybase\OCS-12_5\dll;C:\sybase\OCS-12_5\bin;C:\Windows\system32;C:\Windows;C:\Windows\System32\Wbem;C:\Windows\System32\WindowsPowerShell\v1.0\;C:\Program Files\Git\cmd;D:\flutter_SDK\bin;C:\Windows\System32\WindowsPowerShell\v1.0\;D:\android_SDK\platform-tools;D:\bin\业务系统\dll;D:\Microsoft VS Code\bin
USERNAME=Administrator
OS=Windows_NT
PROCESSOR_IDENTIFIER=Intel64 Family 6 Model 60 Stepping 3, GenuineIntel



---------------  S Y S T E M  ---------------

OS: Windows 7 , 64 bit Build 7601 (6.1.7601.24499)

CPU:total 4 (initial active 4) (2 cores per cpu, 2 threads per core) family 6 model 60 stepping 3, cmov, cx8, fxsr, mmx, sse, sse2, sse3, ssse3, sse4.1, sse4.2, popcnt, avx, avx2, aes, clmul, erms, lzcnt, ht, tsc, tscinvbit, bmi1, bmi2

Memory: 4k page, physical 12480660k(1866916k free), swap 12478760k(5416k free)

vm_info: OpenJDK 64-Bit Server VM (25.202-b03) for windows-amd64 JRE (1.8.0_202-release-1483-b03), built by "builder" with MS VC++ 10.0 (VS2010)

time: Tue Jun 16 10:26:59 2020
timezone: 中国标准时间
elapsed time: 15 seconds (0d 0h 0m 15s)

