#
# There is insufficient memory for the Java Runtime Environment to continue.
# Native memory allocation (malloc) failed to allocate 666736 bytes for Chunk::new
# Possible reasons:
#   The system is out of physical RAM or swap space
#   The process is running with CompressedOops enabled, and the Java Heap may be blocking the growth of the native heap
# Possible solutions:
#   Reduce memory load on the system
#   Increase physical memory or swap space
#   Check if swap backing store is full
#   Decrease Java heap size (-Xmx/-Xms)
#   Decrease number of Java threads
#   Decrease Java thread stack sizes (-Xss)
#   Set larger code cache with -XX:ReservedCodeCacheSize=
#   JVM is running with Zero Based Compressed Oops mode in which the Java heap is
#     placed in the first 32GB address space. The Java Heap base address is the
#     maximum limit for the native heap growth. Please use -XX:HeapBaseMinAddress
#     to set the Java Heap base and to place the Java Heap above 32GB virtual address.
# This output file may be truncated or incomplete.
#
#  Out of Memory Error (allocation.cpp:389), pid=8448, tid=0x00000000000013b8
#
# JRE version: OpenJDK Runtime Environment (8.0_202-b03) (build 1.8.0_202-release-1483-b03)
# Java VM: OpenJDK 64-Bit Server VM (25.202-b03 mixed mode windows-amd64 compressed oops)
# Failed to write core dump. Minidumps are not enabled by default on client versions of Windows
#

---------------  T H R E A D  ---------------

Current thread (0x000000001afce800):  JavaThread "C2 CompilerThread1" daemon [_thread_in_native, id=5048, stack(0x000000001b600000,0x000000001b700000)]

Stack: [0x000000001b600000,0x000000001b700000]
[error occurred during error reporting (printing stack bounds), id 0xc0000005]

Native frames: (J=compiled Java code, j=interpreted, Vv=VM code, C=native code)


Current CompileTask:
C2:   1174 1497   !   4       java.lang.ClassLoader::loadClass (122 bytes)


---------------  P R O C E S S  ---------------

Java Threads: ( => current thread )
  0x000000001b039800 JavaThread "Service Thread" daemon [_thread_blocked, id=4912, stack(0x000000001b910000,0x000000001ba10000)]
  0x000000001afcf800 JavaThread "C1 CompilerThread2" daemon [_thread_blocked, id=2320, stack(0x000000001b800000,0x000000001b900000)]
=>0x000000001afce800 JavaThread "C2 CompilerThread1" daemon [_thread_in_native, id=5048, stack(0x000000001b600000,0x000000001b700000)]
  0x000000001afb1800 JavaThread "C2 CompilerThread0" daemon [_thread_blocked, id=1960, stack(0x000000001b4f0000,0x000000001b5f0000)]
  0x000000001af9b000 JavaThread "Attach Listener" daemon [_thread_blocked, id=2660, stack(0x000000001aa00000,0x000000001ab00000)]
  0x0000000019b0f000 JavaThread "Signal Dispatcher" daemon [_thread_blocked, id=472, stack(0x000000001b3e0000,0x000000001b4e0000)]
  0x0000000019aed000 JavaThread "Finalizer" daemon [_thread_blocked, id=5180, stack(0x000000001ae90000,0x000000001af90000)]
  0x0000000019ae5800 JavaThread "Reference Handler" daemon [_thread_blocked, id=4692, stack(0x000000001ad50000,0x000000001ae50000)]
  0x00000000023bb000 JavaThread "main" [_thread_in_native, id=5756, stack(0x00000000028d0000,0x00000000029d0000)]

Other Threads:
  0x0000000019a9d800 VMThread [stack: 0x000000001abd0000,0x000000001acd0000] [id=5768]
  0x000000001b042800 WatcherThread [stack: 0x000000001bb60000,0x000000001bc60000] [id=7992]

VM state:not at safepoint (normal execution)

VM Mutex/Monitor currently owned by a thread: None

heap address: 0x0000000701800000, size: 3048 MB, Compressed Oops mode: Zero based, Oop shift amount: 3
Narrow klass base: 0x0000000000000000, Narrow klass shift: 3
Compressed class space size: 1073741824 Address: 0x00000007c0000000

Heap:
 PSYoungGen      total 57344K, used 39821K [0x0000000780800000, 0x0000000787800000, 0x00000007c0000000)
  eden space 49152K, 64% used [0x0000000780800000,0x00000007826ea8d8,0x0000000783800000)
  from space 8192K, 99% used [0x0000000783800000,0x0000000783ff8bf0,0x0000000784000000)
  to   space 8192K, 0% used [0x0000000787000000,0x0000000787000000,0x0000000787800000)
 ParOldGen       total 131072K, used 3635K [0x0000000701800000, 0x0000000709800000, 0x0000000780800000)
  object space 131072K, 2% used [0x0000000701800000,0x0000000701b8cd08,0x0000000709800000)
 Metaspace       used 19549K, capacity 19984K, committed 20224K, reserved 1067008K
  class space    used 2308K, capacity 2452K, committed 2560K, reserved 1048576K

Card table byte_map: [0x0000000011d90000,0x0000000012390000] byte_map_base: 0x000000000e584000

Marking Bits: (ParMarkBitMap*) 0x000000005bb69f30
 Begin Bits: [0x0000000012bd0000, 0x0000000015b70000)
 End Bits:   [0x0000000015b70000, 0x0000000018b10000)

Polling page: 0x0000000000140000

CodeCache: size=245760Kb used=4763Kb max_used=4773Kb free=240996Kb
 bounds [0x00000000029d0000, 0x0000000002e80000, 0x00000000119d0000]
 total_blobs=1894 nmethods=1510 adapters=297
 compilation: enabled

Compilation events (10 events):
Event: 1.153 Thread 0x000000001afcf800 1507       3       sun.invoke.util.VerifyAccess::isClassAccessible (66 bytes)
Event: 1.153 Thread 0x000000001afcf800 nmethod 1507 0x0000000002e780d0 code [0x0000000002e782a0, 0x0000000002e78928]
Event: 1.153 Thread 0x000000001afcf800 1509       3       java.lang.invoke.TypeConvertingMethodAdapter::descriptorToName (36 bytes)
Event: 1.154 Thread 0x000000001afcf800 nmethod 1509 0x0000000002e78b10 code [0x0000000002e78cc0, 0x0000000002e793e8]
Event: 1.154 Thread 0x000000001afcf800 1508       3       sun.invoke.util.VerifyAccess::getClassModifiers (24 bytes)
Event: 1.154 Thread 0x000000001afcf800 nmethod 1508 0x0000000002e79690 code [0x0000000002e79820, 0x0000000002e79c18]
Event: 1.170 Thread 0x000000001afb1800 1510       4       java.lang.ref.Reference::<init> (25 bytes)
Event: 1.170 Thread 0x000000001afb1800 nmethod 1510 0x0000000002e75710 code [0x0000000002e75840, 0x0000000002e758f8]
Event: 1.172 Thread 0x000000001afcf800 1511       3       gnu.trove.TObjectHash::computeHashCode (13 bytes)
Event: 1.173 Thread 0x000000001afcf800 nmethod 1511 0x0000000002e7c510 code [0x0000000002e7c680, 0x0000000002e7c908]

GC Heap History (2 events):
Event: 0.786 GC heap before
{Heap before GC invocations=1 (full 0):
 PSYoungGen      total 57344K, used 49152K [0x0000000780800000, 0x0000000784800000, 0x00000007c0000000)
  eden space 49152K, 100% used [0x0000000780800000,0x0000000783800000,0x0000000783800000)
  from space 8192K, 0% used [0x0000000784000000,0x0000000784000000,0x0000000784800000)
  to   space 8192K, 0% used [0x0000000783800000,0x0000000783800000,0x0000000784000000)
 ParOldGen       total 131072K, used 0K [0x0000000701800000, 0x0000000709800000, 0x0000000780800000)
  object space 131072K, 0% used [0x0000000701800000,0x0000000701800000,0x0000000709800000)
 Metaspace       used 12352K, capacity 12624K, committed 12800K, reserved 1060864K
  class space    used 1384K, capacity 1466K, committed 1536K, reserved 1048576K
Event: 0.796 GC heap after
Heap after GC invocations=1 (full 0):
 PSYoungGen      total 57344K, used 8162K [0x0000000780800000, 0x0000000787800000, 0x00000007c0000000)
  eden space 49152K, 0% used [0x0000000780800000,0x0000000780800000,0x0000000783800000)
  from space 8192K, 99% used [0x0000000783800000,0x0000000783ff8bf0,0x0000000784000000)
  to   space 8192K, 0% used [0x0000000787000000,0x0000000787000000,0x0000000787800000)
 ParOldGen       total 131072K, used 3635K [0x0000000701800000, 0x0000000709800000, 0x0000000780800000)
  object space 131072K, 2% used [0x0000000701800000,0x0000000701b8cd08,0x0000000709800000)
 Metaspace       used 12352K, capacity 12624K, committed 12800K, reserved 1060864K
  class space    used 1384K, capacity 1466K, committed 1536K, reserved 1048576K
}

Deoptimization events (10 events):
Event: 0.922 Thread 0x00000000023bb000 Uncommon trap: reason=unstable_if action=reinterpret pc=0x0000000002caaea8 method=java.util.HashMap.hash(Ljava/lang/Object;)I @ 1
Event: 0.970 Thread 0x00000000023bb000 Uncommon trap: reason=class_check action=maybe_recompile pc=0x0000000002d35500 method=java.util.Collections$UnmodifiableCollection.size()I @ 4
Event: 0.971 Thread 0x00000000023bb000 Uncommon trap: reason=class_check action=maybe_recompile pc=0x0000000002d35500 method=java.util.Collections$UnmodifiableCollection.size()I @ 4
Event: 1.140 Thread 0x00000000023bb000 Uncommon trap: reason=class_check action=maybe_recompile pc=0x0000000002d35500 method=java.util.Collections$UnmodifiableCollection.size()I @ 4
Event: 1.140 Thread 0x00000000023bb000 Uncommon trap: reason=class_check action=maybe_recompile pc=0x0000000002d4ca78 method=java.util.Collections$UnmodifiableList.get(I)Ljava/lang/Object; @ 5
Event: 1.140 Thread 0x00000000023bb000 Uncommon trap: reason=class_check action=maybe_recompile pc=0x0000000002d4ca78 method=java.util.Collections$UnmodifiableList.get(I)Ljava/lang/Object; @ 5
Event: 1.141 Thread 0x00000000023bb000 Uncommon trap: reason=class_check action=maybe_recompile pc=0x0000000002d35500 method=java.util.Collections$UnmodifiableCollection.size()I @ 4
Event: 1.141 Thread 0x00000000023bb000 Uncommon trap: reason=class_check action=maybe_recompile pc=0x0000000002d4ca78 method=java.util.Collections$UnmodifiableList.get(I)Ljava/lang/Object; @ 5
Event: 1.141 Thread 0x00000000023bb000 Uncommon trap: reason=class_check action=maybe_recompile pc=0x0000000002d4ca78 method=java.util.Collections$UnmodifiableList.get(I)Ljava/lang/Object; @ 5
Event: 1.142 Thread 0x00000000023bb000 Uncommon trap: reason=unstable_if action=reinterpret pc=0x0000000002b8a6dc method=java.lang.String.startsWith(Ljava/lang/String;I)Z @ 25

Classes redefined (0 events):
No events

Internal exceptions (10 events):
Event: 0.380 Thread 0x00000000023bb000 Exception <a 'java/security/PrivilegedActionException'> (0x000000078198dad8) thrown at [D:\src\AOSP-openjdk-cygwin\jdk8u\hotspot\src\share\vm\prims\jvm.cpp, line 1508]
Event: 0.380 Thread 0x00000000023bb000 Exception <a 'java/security/PrivilegedActionException'> (0x000000078198f800) thrown at [D:\src\AOSP-openjdk-cygwin\jdk8u\hotspot\src\share\vm\prims\jvm.cpp, line 1508]
Event: 0.380 Thread 0x00000000023bb000 Exception <a 'java/security/PrivilegedActionException'> (0x000000078198fde0) thrown at [D:\src\AOSP-openjdk-cygwin\jdk8u\hotspot\src\share\vm\prims\jvm.cpp, line 1508]
Event: 0.494 Thread 0x00000000023bb000 Exception <a 'java/lang/ArrayIndexOutOfBoundsException'> (0x00000007823005e0) thrown at [D:\src\AOSP-openjdk-cygwin\jdk8u\hotspot\src\share\vm\runtime\sharedRuntime.cpp, line 605]
Event: 0.635 Thread 0x00000000023bb000 Exception <a 'java/lang/ArrayIndexOutOfBoundsException'> (0x0000000782cad330) thrown at [D:\src\AOSP-openjdk-cygwin\jdk8u\hotspot\src\share\vm\runtime\sharedRuntime.cpp, line 605]
Event: 0.922 Thread 0x00000000023bb000 Implicit null exception at 0x0000000002caae2f to 0x0000000002caae99
Event: 0.970 Thread 0x00000000023bb000 Exception <a 'java/lang/NoSuchMethodError': java.lang.Object.lambda$comparing$77a9974f$1(Ljava/util/function/Function;Ljava/lang/Object;Ljava/lang/Object;)I> (0x0000000781881b10) thrown at [D:\src\AOSP-openjdk-cygwin\jdk8u\hotspot\src\share\vm\interpreter
Event: 0.982 Thread 0x00000000023bb000 Exception <a 'java/lang/NoSuchMethodError': java.lang.Object.lambda$static$0()J> (0x000000078197ecf8) thrown at [D:\src\AOSP-openjdk-cygwin\jdk8u\hotspot\src\share\vm\interpreter\linkResolver.cpp, line 620]
Event: 1.105 Thread 0x00000000023bb000 Exception <a 'java/lang/NoSuchMethodError': java.lang.Object.lambda$static$0(I)[Lorg/jetbrains/kotlin/com/intellij/openapi/editor/event/DocumentListener;> (0x00000007820f5cf0) thrown at [D:\src\AOSP-openjdk-cygwin\jdk8u\hotspot\src\share\vm\interpreter\li
Event: 1.129 Thread 0x00000000023bb000 Exception <a 'java/lang/NoSuchMethodError': java.lang.Object.lambda$static$0(I)[Lorg/jetbrains/kotlin/com/intellij/psi/PsiAnnotation;> (0x0000000782319b68) thrown at [D:\src\AOSP-openjdk-cygwin\jdk8u\hotspot\src\share\vm\interpreter\linkResolver.cpp, line

Events (10 events):
Event: 1.173 loading class org/jetbrains/kotlin/extensions/DeclarationAttributeAltererExtension$Companion
Event: 1.173 loading class org/jetbrains/kotlin/extensions/DeclarationAttributeAltererExtension$Companion done
Event: 1.173 loading class org/jetbrains/kotlin/extensions/PreprocessedVirtualFileFactoryExtension
Event: 1.173 loading class org/jetbrains/kotlin/extensions/PreprocessedVirtualFileFactoryExtension done
Event: 1.173 loading class org/jetbrains/kotlin/extensions/PreprocessedVirtualFileFactoryExtension$Companion
Event: 1.173 loading class org/jetbrains/kotlin/extensions/PreprocessedVirtualFileFactoryExtension$Companion done
Event: 1.173 loading class org/jetbrains/kotlin/js/translate/extensions/JsSyntheticTranslateExtension
Event: 1.173 loading class org/jetbrains/kotlin/js/translate/extensions/JsSyntheticTranslateExtension done
Event: 1.173 loading class org/jetbrains/kotlin/js/translate/extensions/JsSyntheticTranslateExtension$Companion
Event: 1.173 loading class org/jetbrains/kotlin/js/translate/extensions/JsSyntheticTranslateExtension$Companion done


Dynamic libraries:
0x000000013f9f0000 - 0x000000013fa21000 	C:\Program Files\Android\Android Studio1\jre\jre\bin\java.exe
0x0000000076fd0000 - 0x000000007716f000 	C:\Windows\SYSTEM32\ntdll.dll
0x0000000076d50000 - 0x0000000076e6f000 	C:\Windows\system32\kernel32.dll
0x000007fefd780000 - 0x000007fefd7e7000 	C:\Windows\system32\KERNELBASE.dll
0x000007fefdbd0000 - 0x000007fefdcab000 	C:\Windows\system32\ADVAPI32.dll
0x000007feff170000 - 0x000007feff20f000 	C:\Windows\system32\msvcrt.dll
0x000007fefe080000 - 0x000007fefe09f000 	C:\Windows\SYSTEM32\sechost.dll
0x000007fefdcb0000 - 0x000007fefdddc000 	C:\Windows\system32\RPCRT4.dll
0x0000000076c50000 - 0x0000000076d4a000 	C:\Windows\system32\USER32.dll
0x000007fefdf70000 - 0x000007fefdfd7000 	C:\Windows\system32\GDI32.dll
0x000007fefe240000 - 0x000007fefe24e000 	C:\Windows\system32\LPK.dll
0x000007fefe0c0000 - 0x000007fefe18b000 	C:\Windows\system32\USP10.dll
0x000007fefbc30000 - 0x000007fefbe25000 	C:\Windows\WinSxS\amd64_microsoft.windows.common-controls_6595b64144ccf1df_6.0.7601.24483_none_e372d88f30fbb845\COMCTL32.dll
0x000007fefdde0000 - 0x000007fefde51000 	C:\Windows\system32\SHLWAPI.dll
0x000007feff210000 - 0x000007feff23e000 	C:\Windows\system32\IMM32.DLL
0x000007fefde60000 - 0x000007fefdf69000 	C:\Windows\system32\MSCTF.dll
0x00000000665e0000 - 0x00000000666b2000 	C:\Program Files\Android\Android Studio1\jre\jre\bin\msvcr100.dll
0x000000005b3a0000 - 0x000000005bbe6000 	C:\Program Files\Android\Android Studio1\jre\jre\bin\server\jvm.dll
0x000007fef1380000 - 0x000007fef1389000 	C:\Windows\system32\WSOCK32.dll
0x000007fefe330000 - 0x000007fefe37d000 	C:\Windows\system32\WS2_32.dll
0x000007fefe230000 - 0x000007fefe238000 	C:\Windows\system32\NSI.dll
0x000007fef9200000 - 0x000007fef923b000 	C:\Windows\system32\WINMM.dll
0x000007fefc570000 - 0x000007fefc57c000 	C:\Windows\system32\VERSION.dll
0x0000000077170000 - 0x0000000077177000 	C:\Windows\system32\PSAPI.DLL
0x000007fefc0e0000 - 0x000007fefc0ef000 	C:\Program Files\Android\Android Studio1\jre\jre\bin\verify.dll
0x000007feef2b0000 - 0x000007feef2d9000 	C:\Program Files\Android\Android Studio1\jre\jre\bin\java.dll
0x000007feefd50000 - 0x000007feefd66000 	C:\Program Files\Android\Android Studio1\jre\jre\bin\zip.dll
0x000007fefe380000 - 0x000007feff10b000 	C:\Windows\system32\SHELL32.dll
0x000007fefd7f0000 - 0x000007fefd9ef000 	C:\Windows\system32\ole32.dll
0x000007fefd420000 - 0x000007fefd42f000 	C:\Windows\system32\profapi.dll

VM Arguments:
java_command: org.jetbrains.kotlin.cli.jvm.K2JVMCompiler -Xallow-no-source-files -classpath C:\Users\Administrator\.gradle\caches\modules-2\files-2.1\org.jetbrains.kotlin\kotlin-android-extensions-runtime\1.3.50\bec16087637a7cafe54894e73d38037977cb30d2\kotlin-android-extensions-runtime-1.3.50.jar;C:\Users\Administrator\.gradle\caches\modules-2\files-2.1\org.jetbrains.kotlin\kotlin-stdlib-jdk7\1.3.50\50ad05ea1c2595fb31b800e76db464d08d599af3\kotlin-stdlib-jdk7-1.3.50.jar;C:\Users\Administrator\.gradle\caches\transforms-2\files-2.1\baf6a09ea1fab5ebe94dc18f73e6f547\core-ktx-1.0.2-api.jar;C:\Users\Administrator\.gradle\caches\modules-2\files-2.1\org.jetbrains.kotlin\kotlin-stdlib\1.3.50\b529d1738c7e98bbfa36a4134039528f2ce78ebf\kotlin-stdlib-1.3.50.jar;C:\Users\Administrator\.gradle\caches\modules-2\files-2.1\org.jetbrains.kotlin\kotlin-stdlib-common\1.3.50\3d9cd3e1bc7b92e95f43d45be3bfbcf38e36ab87\kotlin-stdlib-common-1.3.50.jar;C:\Users\Administrator\.gradle\caches\modules-2\files-2.1\org.jetbrains\annotations\13.0\919f0dfe192fb4e063e7dacadee7f8bb9a2672a9\annotations-13.0.jar;C:\Users\Administrator\.gradle\caches\transforms-2\files-2.1\395e329f29bc09cde00e89c38177880c\material-1.1.0-api.jar;C:\Users\Administrator\.gradle\caches\transforms-2\files-2.1\aaeb4ac383e46bb146f322ae9032f1e8\appcompat-1.1.0-api.jar;C:\Users\Administrator\.gradle\caches\transforms-2\files-2.1\0c2de693ba914e41ef65a1c20bdf3f1c\viewpager2-1.0.0-api.jar;C:\Users\Administrator\.gradle\caches\transforms-2\files-2.1\52397f4a71f30dffd3659283f56c49cd\fragment-1.1.0-api.jar;C:\Users\Administrator\.gradle\caches\transforms-2\files-2.1\e5cd563b027052f2e3144f14db97c1d3\appcompat-resources-1.1.0-api.jar;C:\Users\Administrator\.gradle\caches\transforms-2\files-2.1\91dd8524d7698478ac8f047acd5f85d0\drawerlayout-1.0.0-api.jar;C:\Users\Administrator\.gradle\caches\transforms-2\files-2.1\1f5493633d8222a6fc30e85314f074f6\coordinatorlayout-1.1.0-api.jar;C:\Users\Administrator\.gradle\caches\transforms-2\files-2.1\24c
java_class_path (initial): C:\Users\Administrator\.gradle\caches\modules-2\files-2.1\org.jetbrains.kotlin\kotlin-compiler-embeddable\1.3.50\1251c1768e5769b06c2487d6f6cf8acf6efb8960\kotlin-compiler-embeddable-1.3.50.jar;C:\Users\Administrator\.gradle\caches\modules-2\files-2.1\org.jetbrains.kotlin\kotlin-reflect\1.3.50\b499f22fd7c3e9c2e5b6c4005221fa47fc7f9a7a\kotlin-reflect-1.3.50.jar;C:\Users\Administrator\.gradle\caches\modules-2\files-2.1\org.jetbrains.kotlin\kotlin-stdlib\1.3.50\b529d1738c7e98bbfa36a4134039528f2ce78ebf\kotlin-stdlib-1.3.50.jar;C:\Users\Administrator\.gradle\caches\modules-2\files-2.1\org.jetbrains.kotlin\kotlin-script-runtime\1.3.50\59492b8dfb92522ba0ddb5dd1c4d0ef0a4fca1af\kotlin-script-runtime-1.3.50.jar;C:\Users\Administrator\.gradle\caches\modules-2\files-2.1\org.jetbrains.kotlin\kotlin-daemon-embeddable\1.3.50\5cb93bb33f4c6f833ead0beca4c831668e00cf52\kotlin-daemon-embeddable-1.3.50.jar;C:\Users\Administrator\.gradle\caches\modules-2\files-2.1\org.jetbrains.intellij.deps\trove4j\1.0.20181211\216c2e14b070f334479d800987affe4054cd563f\trove4j-1.0.20181211.jar;C:\Users\Administrator\.gradle\caches\modules-2\files-2.1\org.jetbrains.kotlin\kotlin-stdlib-common\1.3.50\3d9cd3e1bc7b92e95f43d45be3bfbcf38e36ab87\kotlin-stdlib-common-1.3.50.jar;C:\Users\Administrator\.gradle\caches\modules-2\files-2.1\org.jetbrains\annotations\13.0\919f0dfe192fb4e063e7dacadee7f8bb9a2672a9\annotations-13.0.jar;C:\Program Files\Android\Android Studio1\jre\lib\tools.jar
Launcher Type: SUN_STANDARD

Environment Variables:
PATH=C:\Program Files (x86)\Common Files\Oracle\Java\javapath;C:\sybase\OCS-12_5\lib3p;C:\sybase\OCS-12_5\dll;C:\sybase\OCS-12_5\bin;C:\Windows\system32;C:\Windows;C:\Windows\System32\Wbem;C:\Windows\System32\WindowsPowerShell\v1.0\;C:\Program Files\Git\cmd;D:\flutter_SDK\bin;C:\Windows\System32\WindowsPowerShell\v1.0\;D:\android_SDK\platform-tools;D:\bin\业务系统\dll;D:\Microsoft VS Code\bin
USERNAME=Administrator
OS=Windows_NT
PROCESSOR_IDENTIFIER=Intel64 Family 6 Model 60 Stepping 3, GenuineIntel



---------------  S Y S T E M  ---------------

OS: Windows 7 , 64 bit Build 7601 (6.1.7601.24499)

CPU:total 4 (initial active 4) (2 cores per cpu, 2 threads per core) family 6 model 60 stepping 3, cmov, cx8, fxsr, mmx, sse, sse2, sse3, ssse3, sse4.1, sse4.2, popcnt, avx, avx2, aes, clmul, erms, lzcnt, ht, tsc, tscinvbit, bmi1, bmi2

Memory: 4k page, physical 12480660k(1453444k free), swap 12478760k(5172k free)

vm_info: OpenJDK 64-Bit Server VM (25.202-b03) for windows-amd64 JRE (1.8.0_202-release-1483-b03), built by "builder" with MS VC++ 10.0 (VS2010)

time: Tue Jun 16 10:07:54 2020
timezone: 中国标准时间
elapsed time: 1 seconds (0d 0h 0m 1s)

