#
# There is insufficient memory for the Java Runtime Environment to continue.
# Native memory allocation (malloc) failed to allocate 32744 bytes for ChunkPool::allocate
# Possible reasons:
#   The system is out of physical RAM or swap space
#   The process is running with CompressedOops enabled, and the Java Heap may be blocking the growth of the native heap
# Possible solutions:
#   Reduce memory load on the system
#   Increase physical memory or swap space
#   Check if swap backing store is full
#   Decrease Java heap size (-Xmx/-Xms)
#   Decrease number of Java threads
#   Decrease Java thread stack sizes (-Xss)
#   Set larger code cache with -XX:ReservedCodeCacheSize=
#   JVM is running with Unscaled Compressed Oops mode in which the Java heap is
#     placed in the first 4GB address space. The Java Heap base address is the
#     maximum limit for the native heap growth. Please use -XX:HeapBaseMinAddress
#     to set the Java Heap base and to place the Java Heap above 4GB virtual address.
# This output file may be truncated or incomplete.
#
#  Out of Memory Error (allocation.cpp:272), pid=4692, tid=0x0000000000002284
#
# JRE version: OpenJDK Runtime Environment (8.0_202-b03) (build 1.8.0_202-release-1483-b03)
# Java VM: OpenJDK 64-Bit Server VM (25.202-b03 mixed mode windows-amd64 compressed oops)
# Failed to write core dump. Minidumps are not enabled by default on client versions of Windows
#

---------------  T H R E A D  ---------------

Current thread (0x0000000057581000):  JavaThread "C2 CompilerThread1" daemon [_thread_in_native, id=8836, stack(0x0000000057f90000,0x0000000058090000)]

Stack: [0x0000000057f90000,0x0000000058090000]
[error occurred during error reporting (printing stack bounds), id 0xc0000005]

Native frames: (J=compiled Java code, j=interpreted, Vv=VM code, C=native code)


Current CompileTask:
C2: 249383 13777 %     4       com.android.tools.r8.ir.regalloc.LinearScanRegisterAllocator::a @ 1194 (1738 bytes)


---------------  P R O C E S S  ---------------

Java Threads: ( => current thread )
  0x000000005ed72800 JavaThread "stdout" [_thread_in_native, id=8460, stack(0x0000000065770000,0x0000000065870000)]
  0x000000005ed72000 JavaThread "stderr" [_thread_in_native, id=4908, stack(0x0000000065470000,0x0000000065570000)]
  0x000000005ed71000 JavaThread "pool-3-thread-1" [_thread_blocked, id=4704, stack(0x0000000058090000,0x0000000058190000)]
  0x000000005ed6f800 JavaThread "WorkerExecutor Queue" [_thread_blocked, id=8352, stack(0x0000000065350000,0x0000000065450000)]
  0x000000005ed6e800 JavaThread "Cache worker for execution history cache (E:\Android_code_file\KotlinStudy\.gradle\5.4.1\executionHistory)" [_thread_blocked, id=8080, stack(0x0000000064eb0000,0x0000000064fb0000)]
  0x000000005ed6e000 JavaThread "Execution worker for ':' Thread 3" [_thread_in_Java, id=8860, stack(0x0000000060980000,0x0000000060a80000)]
  0x000000005ed6d000 JavaThread "Execution worker for ':' Thread 2" [_thread_blocked, id=8664, stack(0x00000000651b0000,0x00000000652b0000)]
  0x0000000060074000 JavaThread "Execution worker for ':'" [_thread_blocked, id=8276, stack(0x0000000065010000,0x0000000065110000)]
  0x0000000060073800 JavaThread "Cache worker for file content cache (E:\Android_code_file\KotlinStudy\.gradle\5.4.1\fileContent)" [_thread_blocked, id=7912, stack(0x0000000063e20000,0x0000000063f20000)]
  0x0000000060072800 JavaThread "Cache worker for file content cache (C:\Users\Administrator\.gradle\caches\5.4.1\fileContent)" [_thread_blocked, id=8956, stack(0x0000000064b90000,0x0000000064c90000)]
  0x0000000060072000 JavaThread "Cache worker for Build Output Cleanup Cache (E:\Android_code_file\KotlinStudy\.gradle\buildOutputCleanup)" [_thread_blocked, id=6552, stack(0x0000000062b10000,0x0000000062c10000)]
  0x0000000060071000 JavaThread "Build operations Thread 4" [_thread_blocked, id=8764, stack(0x00000000649f0000,0x0000000064af0000)]
  0x000000006006e000 JavaThread "Build operations Thread 3" [_thread_blocked, id=8384, stack(0x0000000064860000,0x0000000064960000)]
  0x000000006006f800 JavaThread "Build operations Thread 2" [_thread_blocked, id=8332, stack(0x0000000061f40000,0x0000000062040000)]
  0x000000006006f000 JavaThread "Build operations" [_thread_blocked, id=6688, stack(0x00000000613d0000,0x00000000614d0000)]
  0x0000000060070800 JavaThread "Cache worker for cache directory md-rule (C:\Users\Administrator\.gradle\caches\5.4.1\md-rule)" [_thread_blocked, id=6056, stack(0x0000000061810000,0x0000000061910000)]
  0x000000005940b800 JavaThread "Cache worker for cache directory md-supplier (C:\Users\Administrator\.gradle\caches\5.4.1\md-supplier)" [_thread_blocked, id=8588, stack(0x0000000061650000,0x0000000061750000)]
  0x0000000059406800 JavaThread "Cache worker for file hash cache (E:\Android_code_file\KotlinStudy\.gradle\5.4.1\fileHashes)" [_thread_blocked, id=7032, stack(0x0000000061540000,0x0000000061640000)]
  0x0000000059401000 JavaThread "Thread-33" [_thread_blocked, id=8516, stack(0x0000000060a80000,0x0000000060b80000)]
  0x0000000059408800 JavaThread "Stdin handler" [_thread_blocked, id=5712, stack(0x00000000605f0000,0x00000000606f0000)]
  0x0000000059408000 JavaThread "Asynchronous log dispatcher for DefaultDaemonConnection: socket connection from /127.0.0.1:58642 to /127.0.0.1:59132" [_thread_blocked, id=9072, stack(0x000000005f470000,0x000000005f570000)]
  0x0000000059409800 JavaThread "Daemon worker Thread 2" [_thread_in_Java, id=2972, stack(0x000000005ac40000,0x000000005ad40000)]
  0x000000005940a000 JavaThread "Cancel handler" [_thread_blocked, id=8872, stack(0x000000005c9d0000,0x000000005cad0000)]
  0x0000000059405800 JavaThread "Handler for socket connection from /127.0.0.1:58642 to /127.0.0.1:59132" [_thread_in_native, id=8268, stack(0x000000005c700000,0x000000005c800000)]
  0x000000005940c800 JavaThread "Daemon Thread 2" [_thread_blocked, id=7652, stack(0x000000005c520000,0x000000005c620000)]
  0x000000006006d000 JavaThread "Memory manager" [_thread_blocked, id=3416, stack(0x0000000062a00000,0x0000000062b00000)]
  0x0000000059407000 JavaThread "Cache worker for execution history cache (C:\Users\Administrator\.gradle\caches\5.4.1\executionHistory)" [_thread_blocked, id=4820, stack(0x000000005c320000,0x000000005c420000)]
  0x0000000059400800 JavaThread "Cache worker for journal cache (C:\Users\Administrator\.gradle\caches\journal-1)" [_thread_blocked, id=3060, stack(0x000000005cb60000,0x000000005cc60000)]
  0x00000000593ff800 JavaThread "File lock request listener" [_thread_in_native, id=8508, stack(0x000000005b290000,0x000000005b390000)]
  0x000000005772b000 JavaThread "Cache worker for file hash cache (C:\Users\Administrator\.gradle\caches\5.4.1\fileHashes)" [_thread_blocked, id=7440, stack(0x000000005c810000,0x000000005c910000)]
  0x0000000059797800 JavaThread "Daemon periodic checks" [_thread_blocked, id=8056, stack(0x000000005bdb0000,0x000000005beb0000)]
  0x0000000058af3800 JavaThread "Incoming local TCP Connector on port 58642" [_thread_in_native, id=5528, stack(0x000000005bcb0000,0x000000005bdb0000)]
  0x000000005929b800 JavaThread "Daemon health stats" [_thread_blocked, id=7872, stack(0x000000005ad90000,0x000000005ae90000)]
  0x0000000057591800 JavaThread "Service Thread" daemon [_thread_blocked, id=6676, stack(0x0000000058250000,0x0000000058350000)]
  0x000000005758e000 JavaThread "C1 CompilerThread2" daemon [_thread_blocked, id=8776, stack(0x0000000057b30000,0x0000000057c30000)]
=>0x0000000057581000 JavaThread "C2 CompilerThread1" daemon [_thread_in_native, id=8836, stack(0x0000000057f90000,0x0000000058090000)]
  0x0000000057580000 JavaThread "C2 CompilerThread0" daemon [_thread_in_native, id=8440, stack(0x0000000057e60000,0x0000000057f60000)]
  0x0000000057589800 JavaThread "Attach Listener" daemon [_thread_blocked, id=7868, stack(0x0000000057c70000,0x0000000057d70000)]
  0x00000000560d7000 JavaThread "Signal Dispatcher" daemon [_thread_blocked, id=7536, stack(0x0000000057990000,0x0000000057a90000)]
  0x00000000560c2800 JavaThread "Finalizer" daemon [_thread_blocked, id=7744, stack(0x0000000057470000,0x0000000057570000)]
  0x00000000560c1800 JavaThread "Reference Handler" daemon [_thread_blocked, id=4488, stack(0x0000000057290000,0x0000000057390000)]
  0x000000000247f800 JavaThread "main" [_thread_blocked, id=8264, stack(0x0000000002730000,0x0000000002830000)]

Other Threads:
  0x0000000056079800 VMThread [stack: 0x0000000057150000,0x0000000057250000] [id=5852]
  0x0000000057594800 WatcherThread [stack: 0x00000000583a0000,0x00000000584a0000] [id=4420]

VM state:synchronizing (normal execution)

VM Mutex/Monitor currently owned by a thread:  ([mutex/lock_event])
[0x000000000247cb30] Safepoint_lock - owner thread: 0x0000000056079800
[0x000000000247cbb0] Threads_lock - owner thread: 0x0000000056079800
[0x000000000247d0b0] Heap_lock - owner thread: 0x0000000060074000

heap address: 0x00000000a0000000, size: 1536 MB, Compressed Oops mode: 32-bit
Narrow klass base: 0x0000000000000000, Narrow klass shift: 0
Compressed class space size: 1073741824 Address: 0x00000000156f0000

Heap:
 PSYoungGen      total 486912K, used 484615K [0x00000000e0000000, 0x0000000100000000, 0x0000000100000000)
  eden space 455680K, 100% used [0x00000000e0000000,0x00000000fbd00000,0x00000000fbd00000)
  from space 31232K, 92% used [0x00000000fe180000,0x00000000ffdc1d50,0x0000000100000000)
  to   space 34304K, 0% used [0x00000000fbd00000,0x00000000fbd00000,0x00000000fde80000)
 ParOldGen       total 138752K, used 33008K [0x00000000a0000000, 0x00000000a8780000, 0x00000000e0000000)
  object space 138752K, 23% used [0x00000000a0000000,0x00000000a203c3e8,0x00000000a8780000)
 Metaspace       used 77474K, capacity 80452K, committed 80600K, reserved 1120256K
  class space    used 10107K, capacity 10703K, committed 10752K, reserved 1048576K

Card table byte_map: [0x0000000011bf0000,0x0000000011f00000] byte_map_base: 0x00000000116f0000

Marking Bits: (ParMarkBitMap*) 0x000000005bb69f30
 Begin Bits: [0x00000000123f0000, 0x0000000013bf0000)
 End Bits:   [0x0000000013bf0000, 0x00000000153f0000)

Polling page: 0x0000000000330000

CodeCache: size=245760Kb used=39790Kb max_used=39790Kb free=205969Kb
 bounds [0x0000000002830000, 0x0000000004f40000, 0x0000000011830000]
 total_blobs=12460 nmethods=11627 adapters=744
 compilation: enabled

Compilation events (10 events):
Event: 249.258 Thread 0x000000005758e000 14209       1       com.android.tools.r8.ir.code.InstanceOf::G1 (3 bytes)
Event: 249.258 Thread 0x000000005758e000 nmethod 14209 0x0000000004f12a90 code [0x0000000004f12be0, 0x0000000004f12cf0]
Event: 249.258 Thread 0x000000005758e000 14210       1       com.android.tools.r8.ir.code.InstanceOf::F1 (3 bytes)
Event: 249.258 Thread 0x000000005758e000 nmethod 14210 0x0000000004f127d0 code [0x0000000004f12920, 0x0000000004f12a30]
Event: 249.258 Thread 0x000000005758e000 14211       2       com.android.tools.r8.ir.code.InstanceOf::a (45 bytes)
Event: 249.259 Thread 0x000000005758e000 nmethod 14211 0x0000000004f11fd0 code [0x0000000004f12180, 0x0000000004f124c8]
Event: 249.259 Thread 0x000000005758e000 14212       1       com.android.tools.r8.ir.code.InstanceOf::dest (5 bytes)
Event: 249.259 Thread 0x000000005758e000 nmethod 14212 0x0000000004f11d10 code [0x0000000004f11e60, 0x0000000004f11f70]
Event: 249.259 Thread 0x000000005758e000 14213       2       com.android.tools.r8.utils.InternalOptions::a (43 bytes)
Event: 249.259 Thread 0x000000005758e000 nmethod 14213 0x0000000004f11990 code [0x0000000004f11ae0, 0x0000000004f11c50]

GC Heap History (10 events):
Event: 32.846 GC heap before
{Heap before GC invocations=9 (full 2):
 PSYoungGen      total 330752K, used 89070K [0x00000000e0000000, 0x00000000f6080000, 0x0000000100000000)
  eden space 313856K, 23% used [0x00000000e0000000,0x00000000e467fc20,0x00000000f3280000)
  from space 16896K, 99% used [0x00000000f4f00000,0x00000000f5f7bd60,0x00000000f5f80000)
  to   space 23552K, 0% used [0x00000000f3280000,0x00000000f3280000,0x00000000f4980000)
 ParOldGen       total 103936K, used 27607K [0x00000000a0000000, 0x00000000a6580000, 0x00000000e0000000)
  object space 103936K, 26% used [0x00000000a0000000,0x00000000a1af5fc0,0x00000000a6580000)
 Metaspace       used 57381K, capacity 58976K, committed 59028K, reserved 1099776K
  class space    used 7754K, capacity 8153K, committed 8192K, reserved 1048576K
Event: 32.901 GC heap after
Heap after GC invocations=9 (full 2):
 PSYoungGen      total 337408K, used 17847K [0x00000000e0000000, 0x0000000100000000, 0x0000000100000000)
  eden space 313856K, 0% used [0x00000000e0000000,0x00000000e0000000,0x00000000f3280000)
  from space 23552K, 75% used [0x00000000f3280000,0x00000000f43edf18,0x00000000f4980000)
  to   space 25088K, 0% used [0x00000000fe780000,0x00000000fe780000,0x0000000100000000)
 ParOldGen       total 103936K, used 27679K [0x00000000a0000000, 0x00000000a6580000, 0x00000000e0000000)
  object space 103936K, 26% used [0x00000000a0000000,0x00000000a1b07fd0,0x00000000a6580000)
 Metaspace       used 57381K, capacity 58976K, committed 59028K, reserved 1099776K
  class space    used 7754K, capacity 8153K, committed 8192K, reserved 1048576K
}
Event: 32.901 GC heap before
{Heap before GC invocations=10 (full 3):
 PSYoungGen      total 337408K, used 17847K [0x00000000e0000000, 0x0000000100000000, 0x0000000100000000)
  eden space 313856K, 0% used [0x00000000e0000000,0x00000000e0000000,0x00000000f3280000)
  from space 23552K, 75% used [0x00000000f3280000,0x00000000f43edf18,0x00000000f4980000)
  to   space 25088K, 0% used [0x00000000fe780000,0x00000000fe780000,0x0000000100000000)
 ParOldGen       total 103936K, used 27679K [0x00000000a0000000, 0x00000000a6580000, 0x00000000e0000000)
  object space 103936K, 26% used [0x00000000a0000000,0x00000000a1b07fd0,0x00000000a6580000)
 Metaspace       used 57381K, capacity 58976K, committed 59028K, reserved 1099776K
  class space    used 7754K, capacity 8153K, committed 8192K, reserved 1048576K
Event: 33.214 GC heap after
Heap after GC invocations=10 (full 3):
 PSYoungGen      total 337408K, used 0K [0x00000000e0000000, 0x0000000100000000, 0x0000000100000000)
  eden space 313856K, 0% used [0x00000000e0000000,0x00000000e0000000,0x00000000f3280000)
  from space 23552K, 0% used [0x00000000f3280000,0x00000000f3280000,0x00000000f4980000)
  to   space 25088K, 0% used [0x00000000fe780000,0x00000000fe780000,0x0000000100000000)
 ParOldGen       total 138752K, used 32984K [0x00000000a0000000, 0x00000000a8780000, 0x00000000e0000000)
  object space 138752K, 23% used [0x00000000a0000000,0x00000000a20363e8,0x00000000a8780000)
 Metaspace       used 57381K, capacity 58976K, committed 59028K, reserved 1099776K
  class space    used 7754K, capacity 8153K, committed 8192K, reserved 1048576K
}
Event: 234.913 GC heap before
{Heap before GC invocations=11 (full 3):
 PSYoungGen      total 337408K, used 313856K [0x00000000e0000000, 0x0000000100000000, 0x0000000100000000)
  eden space 313856K, 100% used [0x00000000e0000000,0x00000000f3280000,0x00000000f3280000)
  from space 23552K, 0% used [0x00000000f3280000,0x00000000f3280000,0x00000000f4980000)
  to   space 25088K, 0% used [0x00000000fe780000,0x00000000fe780000,0x0000000100000000)
 ParOldGen       total 138752K, used 32984K [0x00000000a0000000, 0x00000000a8780000, 0x00000000e0000000)
  object space 138752K, 23% used [0x00000000a0000000,0x00000000a20363e8,0x00000000a8780000)
 Metaspace       used 68276K, capacity 70442K, committed 70616K, reserved 1110016K
  class space    used 8943K, capacity 9432K, committed 9472K, reserved 1048576K
Event: 234.957 GC heap after
Heap after GC invocations=11 (full 3):
 PSYoungGen      total 492032K, used 24521K [0x00000000e0000000, 0x0000000100000000, 0x0000000100000000)
  eden space 466944K, 0% used [0x00000000e0000000,0x00000000e0000000,0x00000000fc800000)
  from space 25088K, 97% used [0x00000000fe780000,0x00000000fff72558,0x0000000100000000)
  to   space 28672K, 0% used [0x00000000fc800000,0x00000000fc800000,0x00000000fe400000)
 ParOldGen       total 138752K, used 32992K [0x00000000a0000000, 0x00000000a8780000, 0x00000000e0000000)
  object space 138752K, 23% used [0x00000000a0000000,0x00000000a20383e8,0x00000000a8780000)
 Metaspace       used 68276K, capacity 70442K, committed 70616K, reserved 1110016K
  class space    used 8943K, capacity 9432K, committed 9472K, reserved 1048576K
}
Event: 243.517 GC heap before
{Heap before GC invocations=12 (full 3):
 PSYoungGen      total 492032K, used 491465K [0x00000000e0000000, 0x0000000100000000, 0x0000000100000000)
  eden space 466944K, 100% used [0x00000000e0000000,0x00000000fc800000,0x00000000fc800000)
  from space 25088K, 97% used [0x00000000fe780000,0x00000000fff72558,0x0000000100000000)
  to   space 28672K, 0% used [0x00000000fc800000,0x00000000fc800000,0x00000000fe400000)
 ParOldGen       total 138752K, used 32992K [0x00000000a0000000, 0x00000000a8780000, 0x00000000e0000000)
  object space 138752K, 23% used [0x00000000a0000000,0x00000000a20383e8,0x00000000a8780000)
 Metaspace       used 76736K, capacity 79634K, committed 79832K, reserved 1118208K
  class space    used 10086K, capacity 10660K, committed 10752K, reserved 1048576K
Event: 243.563 GC heap after
Heap after GC invocations=12 (full 3):
 PSYoungGen      total 492032K, used 25079K [0x00000000e0000000, 0x0000000100000000, 0x0000000100000000)
  eden space 466944K, 0% used [0x00000000e0000000,0x00000000e0000000,0x00000000fc800000)
  from space 25088K, 99% used [0x00000000fc800000,0x00000000fe07def8,0x00000000fe080000)
  to   space 31232K, 0% used [0x00000000fe180000,0x00000000fe180000,0x0000000100000000)
 ParOldGen       total 138752K, used 33008K [0x00000000a0000000, 0x00000000a8780000, 0x00000000e0000000)
  object space 138752K, 23% used [0x00000000a0000000,0x00000000a203c3e8,0x00000000a8780000)
 Metaspace       used 76736K, capacity 79634K, committed 79832K, reserved 1118208K
  class space    used 10086K, capacity 10660K, committed 10752K, reserved 1048576K
}
Event: 246.127 GC heap before
{Heap before GC invocations=13 (full 3):
 PSYoungGen      total 492032K, used 492023K [0x00000000e0000000, 0x0000000100000000, 0x0000000100000000)
  eden space 466944K, 100% used [0x00000000e0000000,0x00000000fc800000,0x00000000fc800000)
  from space 25088K, 99% used [0x00000000fc800000,0x00000000fe07def8,0x00000000fe080000)
  to   space 31232K, 0% used [0x00000000fe180000,0x00000000fe180000,0x0000000100000000)
 ParOldGen       total 138752K, used 33008K [0x00000000a0000000, 0x00000000a8780000, 0x00000000e0000000)
  object space 138752K, 23% used [0x00000000a0000000,0x00000000a203c3e8,0x00000000a8780000)
 Metaspace       used 77058K, capacity 79938K, committed 80088K, reserved 1118208K
  class space    used 10105K, capacity 10700K, committed 10752K, reserved 1048576K
Event: 246.243 GC heap after
Heap after GC invocations=13 (full 3):
 PSYoungGen      total 486912K, used 28935K [0x00000000e0000000, 0x0000000100000000, 0x0000000100000000)
  eden space 455680K, 0% used [0x00000000e0000000,0x00000000e0000000,0x00000000fbd00000)
  from space 31232K, 92% used [0x00000000fe180000,0x00000000ffdc1d50,0x0000000100000000)
  to   space 34304K, 0% used [0x00000000fbd00000,0x00000000fbd00000,0x00000000fde80000)
 ParOldGen       total 138752K, used 33008K [0x00000000a0000000, 0x00000000a8780000, 0x00000000e0000000)
  object space 138752K, 23% used [0x00000000a0000000,0x00000000a203c3e8,0x00000000a8780000)
 Metaspace       used 77058K, capacity 79938K, committed 80088K, reserved 1118208K
  class space    used 10105K, capacity 10700K, committed 10752K, reserved 1048576K
}

Deoptimization events (10 events):
Event: 246.072 Thread 0x000000005ed6d000 Uncommon trap: reason=class_check action=maybe_recompile pc=0x0000000004b3f044 method=com.android.tools.r8.ir.optimize.g.a(Lcom/android/tools/r8/ir/code/IRCode;)V @ 218
Event: 246.278 Thread 0x000000005ed6d000 Uncommon trap: reason=unstable_if action=reinterpret pc=0x0000000004acb9ac method=com.android.tools.r8.ir.conversion.V.b(Lcom/android/tools/r8/t/a/a/B;)Z @ 11
Event: 246.278 Thread 0x000000005ed6d000 Uncommon trap: reason=unstable_if action=reinterpret pc=0x0000000002a76680 method=com.android.tools.r8.ir.conversion.V.b(Lcom/android/tools/r8/t/a/a/B;)Z @ 11
Event: 246.291 Thread 0x000000005ed6d000 Uncommon trap: reason=unstable_if action=reinterpret pc=0x00000000045ebaf4 method=com.android.tools.r8.ir.regalloc.LinearScanRegisterAllocator.a(Lcom/android/tools/r8/ir/regalloc/LinearScanRegisterAllocator$a;Z)Lcom/android/tools/r8/ir/regalloc/LinearScan
Event: 246.796 Thread 0x000000005ed6d000 Uncommon trap: reason=unstable_if action=reinterpret pc=0x0000000004b3d6c4 method=com.android.tools.r8.ir.code.Value.a(Lcom/android/tools/r8/graph/AppView;Lcom/android/tools/r8/ir/code/IRCode;Ljava/util/function/Predicate;Ljava/util/Set;)Z @ 144
Event: 247.199 Thread 0x000000005ed6d000 Uncommon trap: reason=unstable_if action=reinterpret pc=0x0000000004237f78 method=com.android.tools.r8.graph.DexString.slowCompareTo(Lcom/android/tools/r8/graph/DexString;)I @ 141
Event: 247.297 Thread 0x000000005ed6d000 Uncommon trap: reason=unstable_if action=reinterpret pc=0x0000000004235d10 method=com.android.tools.r8.dex.DexOutputBuffer.j(I)V @ 8
Event: 247.647 Thread 0x0000000060074000 Uncommon trap: reason=unstable_if action=reinterpret pc=0x0000000004390114 method=com.android.tools.r8.n.a.a.a.g.B0$e.contains(Ljava/lang/Object;)Z @ 124
Event: 247.711 Thread 0x0000000060074000 Uncommon trap: reason=unstable_if action=reinterpret pc=0x0000000004c81ae8 method=com.android.tools.r8.ir.optimize.CodeRewriter.collapseTrivialGotos(Lcom/android/tools/r8/graph/DexEncodedMethod;Lcom/android/tools/r8/ir/code/IRCode;)V @ 389
Event: 248.625 Thread 0x0000000060074000 Uncommon trap: reason=unstable_if action=reinterpret pc=0x0000000004ddc0c0 method=com.android.tools.r8.ir.analysis.type.d.a(Lcom/android/tools/r8/ir/analysis/type/Nullability;)Lcom/android/tools/r8/ir/analysis/type/ReferenceTypeLatticeElement; @ 16

Classes redefined (0 events):
No events

Internal exceptions (10 events):
Event: 247.818 Thread 0x000000005ed6d000 Exception <a 'sun/nio/fs/WindowsException'> (0x00000000eb7eb7d8) thrown at [D:\src\AOSP-openjdk-cygwin\jdk8u\hotspot\src\share\vm\prims\jni.cpp, line 710]
Event: 247.868 Thread 0x0000000059409800 Exception <a 'sun/nio/fs/WindowsException'> (0x00000000ef3c6050) thrown at [D:\src\AOSP-openjdk-cygwin\jdk8u\hotspot\src\share\vm\prims\jni.cpp, line 710]
Event: 247.975 Thread 0x000000005ed6e000 Exception <a 'sun/nio/fs/WindowsException'> (0x00000000f0c4a670) thrown at [D:\src\AOSP-openjdk-cygwin\jdk8u\hotspot\src\share\vm\prims\jni.cpp, line 710]
Event: 248.016 Thread 0x000000005ed6d000 Exception <a 'sun/nio/fs/WindowsException'> (0x00000000f1708548) thrown at [D:\src\AOSP-openjdk-cygwin\jdk8u\hotspot\src\share\vm\prims\jni.cpp, line 710]
Event: 248.482 Thread 0x0000000060074000 Exception <a 'sun/nio/fs/WindowsException'> (0x00000000f4f5a810) thrown at [D:\src\AOSP-openjdk-cygwin\jdk8u\hotspot\src\share\vm\prims\jni.cpp, line 710]
Event: 248.499 Thread 0x000000005ed6d000 Exception <a 'sun/nio/fs/WindowsException'> (0x00000000f179d080) thrown at [D:\src\AOSP-openjdk-cygwin\jdk8u\hotspot\src\share\vm\prims\jni.cpp, line 710]
Event: 248.651 Thread 0x000000005ed6d000 Exception <a 'sun/nio/fs/WindowsException'> (0x00000000f7ac9ad8) thrown at [D:\src\AOSP-openjdk-cygwin\jdk8u\hotspot\src\share\vm\prims\jni.cpp, line 710]
Event: 248.759 Thread 0x0000000060074000 Exception <a 'sun/nio/fs/WindowsException'> (0x00000000f9155238) thrown at [D:\src\AOSP-openjdk-cygwin\jdk8u\hotspot\src\share\vm\prims\jni.cpp, line 710]
Event: 248.915 Thread 0x000000005ed6e000 Exception <a 'sun/nio/fs/WindowsException'> (0x00000000f9850528) thrown at [D:\src\AOSP-openjdk-cygwin\jdk8u\hotspot\src\share\vm\prims\jni.cpp, line 710]
Event: 249.243 Thread 0x0000000060074000 Exception <a 'sun/nio/fs/WindowsException'> (0x00000000fb9ae760) thrown at [D:\src\AOSP-openjdk-cygwin\jdk8u\hotspot\src\share\vm\prims\jni.cpp, line 710]

Events (10 events):
Event: 248.986 Thread 0x0000000059409800 DEOPT UNPACKING pc=0x00000000028775d0 sp=0x000000005ad384f0 mode 0
Event: 249.106 Thread 0x000000005ed6e000 DEOPT PACKING pc=0x0000000004ce6f5b sp=0x0000000060a7b120
Event: 249.106 Thread 0x000000005ed6e000 DEOPT UNPACKING pc=0x00000000028775d0 sp=0x0000000060a7af70 mode 0
Event: 249.251 Thread 0x0000000060074000 DEOPT PACKING pc=0x00000000046cfeb5 sp=0x000000006510b100
Event: 249.251 Thread 0x0000000060074000 DEOPT UNPACKING pc=0x00000000028775d0 sp=0x000000006510aee0 mode 0
Event: 249.254 Thread 0x0000000060074000 DEOPT PACKING pc=0x00000000046c6484 sp=0x000000006510b130
Event: 249.254 Thread 0x0000000060074000 DEOPT UNPACKING pc=0x00000000028775d0 sp=0x000000006510ae58 mode 0
Event: 249.260 Thread 0x0000000060074000 DEOPT PACKING pc=0x00000000046f39fc sp=0x000000006510b180
Event: 249.260 Thread 0x0000000060074000 DEOPT UNPACKING pc=0x00000000028775d0 sp=0x000000006510aea8 mode 0
Event: 249.269 Executing VM operation: ParallelGCFailedAllocation


Dynamic libraries:
0x000000013f4d0000 - 0x000000013f501000 	C:\Program Files\Android\Android Studio1\jre\bin\java.exe
0x0000000076fd0000 - 0x000000007716f000 	C:\Windows\SYSTEM32\ntdll.dll
0x0000000076d50000 - 0x0000000076e6f000 	C:\Windows\system32\kernel32.dll
0x000007fefd780000 - 0x000007fefd7e7000 	C:\Windows\system32\KERNELBASE.dll
0x000007fefdbd0000 - 0x000007fefdcab000 	C:\Windows\system32\ADVAPI32.dll
0x000007feff170000 - 0x000007feff20f000 	C:\Windows\system32\msvcrt.dll
0x000007fefe080000 - 0x000007fefe09f000 	C:\Windows\SYSTEM32\sechost.dll
0x000007fefdcb0000 - 0x000007fefdddc000 	C:\Windows\system32\RPCRT4.dll
0x0000000076c50000 - 0x0000000076d4a000 	C:\Windows\system32\USER32.dll
0x000007fefdf70000 - 0x000007fefdfd7000 	C:\Windows\system32\GDI32.dll
0x000007fefe240000 - 0x000007fefe24e000 	C:\Windows\system32\LPK.dll
0x000007fefe0c0000 - 0x000007fefe18b000 	C:\Windows\system32\USP10.dll
0x000007fefbc30000 - 0x000007fefbe25000 	C:\Windows\WinSxS\amd64_microsoft.windows.common-controls_6595b64144ccf1df_6.0.7601.24483_none_e372d88f30fbb845\COMCTL32.dll
0x000007fefdde0000 - 0x000007fefde51000 	C:\Windows\system32\SHLWAPI.dll
0x000007feff210000 - 0x000007feff23e000 	C:\Windows\system32\IMM32.DLL
0x000007fefde60000 - 0x000007fefdf69000 	C:\Windows\system32\MSCTF.dll
0x00000000665e0000 - 0x00000000666b2000 	C:\Program Files\Android\Android Studio1\jre\jre\bin\msvcr100.dll
0x000000005b3a0000 - 0x000000005bbe6000 	C:\Program Files\Android\Android Studio1\jre\jre\bin\server\jvm.dll
0x000007fef1380000 - 0x000007fef1389000 	C:\Windows\system32\WSOCK32.dll
0x000007fefe330000 - 0x000007fefe37d000 	C:\Windows\system32\WS2_32.dll
0x000007fefe230000 - 0x000007fefe238000 	C:\Windows\system32\NSI.dll
0x000007fef9200000 - 0x000007fef923b000 	C:\Windows\system32\WINMM.dll
0x000007fefc570000 - 0x000007fefc57c000 	C:\Windows\system32\VERSION.dll
0x0000000077170000 - 0x0000000077177000 	C:\Windows\system32\PSAPI.DLL
0x000007fefc0e0000 - 0x000007fefc0ef000 	C:\Program Files\Android\Android Studio1\jre\jre\bin\verify.dll
0x000007feef2b0000 - 0x000007feef2d9000 	C:\Program Files\Android\Android Studio1\jre\jre\bin\java.dll
0x000007feefd50000 - 0x000007feefd66000 	C:\Program Files\Android\Android Studio1\jre\jre\bin\zip.dll
0x000007fefe380000 - 0x000007feff10b000 	C:\Windows\system32\SHELL32.dll
0x000007fefd7f0000 - 0x000007fefd9ef000 	C:\Windows\system32\ole32.dll
0x000007fefd420000 - 0x000007fefd42f000 	C:\Windows\system32\profapi.dll
0x000007feefdd0000 - 0x000007feefdea000 	C:\Program Files\Android\Android Studio1\jre\jre\bin\net.dll
0x000007fefcbf0000 - 0x000007fefcc45000 	C:\Windows\system32\mswsock.dll
0x000007fefcbe0000 - 0x000007fefcbe7000 	C:\Windows\System32\wship6.dll
0x000007feef950000 - 0x000007feef961000 	C:\Program Files\Android\Android Studio1\jre\jre\bin\nio.dll
0x000007feed190000 - 0x000007feed1b6000 	C:\Users\Administrator\.gradle\native\29\windows-amd64\native-platform.dll
0x000007fef8d90000 - 0x000007fef8d93000 	C:\Windows\system32\api-ms-win-core-synch-l1-2-0.DLL
0x000007feefd40000 - 0x000007feefd4d000 	C:\Program Files\Android\Android Studio1\jre\jre\bin\management.dll
0x000007fefcc50000 - 0x000007fefcc68000 	C:\Windows\system32\CRYPTSP.dll
0x000007fefc950000 - 0x000007fefc997000 	C:\Windows\system32\rsaenh.dll
0x000007fefc760000 - 0x000007fefc77f000 	C:\Windows\system32\USERENV.dll
0x000007fefd350000 - 0x000007fefd35f000 	C:\Windows\system32\CRYPTBASE.dll
0x000007fefaef0000 - 0x000007fefaf17000 	C:\Windows\system32\IPHLPAPI.DLL
0x000007fefaed0000 - 0x000007fefaedb000 	C:\Windows\system32\WINNSI.DLL
0x000007fefacd0000 - 0x000007feface1000 	C:\Windows\system32\dhcpcsvc6.DLL
0x000007fefacb0000 - 0x000007fefacc8000 	C:\Windows\system32\dhcpcsvc.DLL
0x000007fefd2f0000 - 0x000007fefd347000 	C:\Windows\system32\apphelp.dll

VM Arguments:
jvm_args: -Xmx1536m -Dfile.encoding=GBK -Duser.country=CN -Duser.language=zh -Duser.variant 
java_command: org.gradle.launcher.daemon.bootstrap.GradleDaemon 5.4.1
java_class_path (initial): C:\Users\Administrator\.gradle\wrapper\dists\gradle-5.4.1-all\3221gyojl5jsh0helicew7rwx\gradle-5.4.1\lib\gradle-launcher-5.4.1.jar
Launcher Type: SUN_STANDARD

Environment Variables:
PATH=C:\Program Files (x86)\Common Files\Oracle\Java\javapath;C:\sybase\OCS-12_5\lib3p;C:\sybase\OCS-12_5\dll;C:\sybase\OCS-12_5\bin;C:\Windows\system32;C:\Windows;C:\Windows\System32\Wbem;C:\Windows\System32\WindowsPowerShell\v1.0\;C:\Program Files\Git\cmd;D:\flutter_SDK\bin;C:\Windows\System32\WindowsPowerShell\v1.0\;D:\android_SDK\platform-tools;D:\bin\业务系统\dll;D:\Microsoft VS Code\bin
USERNAME=Administrator
OS=Windows_NT
PROCESSOR_IDENTIFIER=Intel64 Family 6 Model 60 Stepping 3, GenuineIntel



---------------  S Y S T E M  ---------------

OS: Windows 7 , 64 bit Build 7601 (6.1.7601.24499)

CPU:total 4 (initial active 4) (2 cores per cpu, 2 threads per core) family 6 model 60 stepping 3, cmov, cx8, fxsr, mmx, sse, sse2, sse3, ssse3, sse4.1, sse4.2, popcnt, avx, avx2, aes, clmul, erms, lzcnt, ht, tsc, tscinvbit, bmi1, bmi2

Memory: 4k page, physical 12480660k(1667396k free), swap 12478760k(12968k free)

vm_info: OpenJDK 64-Bit Server VM (25.202-b03) for windows-amd64 JRE (1.8.0_202-release-1483-b03), built by "builder" with MS VC++ 10.0 (VS2010)

time: Tue Jun 16 10:25:34 2020
timezone: 中国标准时间
elapsed time: 249 seconds (0d 0h 4m 9s)

