#
# There is insufficient memory for the Java Runtime Environment to continue.
# Native memory allocation (malloc) failed to allocate 1461504 bytes for Chunk::new
# Possible reasons:
#   The system is out of physical RAM or swap space
#   The process is running with CompressedOops enabled, and the Java Heap may be blocking the growth of the native heap
# Possible solutions:
#   Reduce memory load on the system
#   Increase physical memory or swap space
#   Check if swap backing store is full
#   Decrease Java heap size (-Xmx/-Xms)
#   Decrease number of Java threads
#   Decrease Java thread stack sizes (-Xss)
#   Set larger code cache with -XX:ReservedCodeCacheSize=
#   JVM is running with Zero Based Compressed Oops mode in which the Java heap is
#     placed in the first 32GB address space. The Java Heap base address is the
#     maximum limit for the native heap growth. Please use -XX:HeapBaseMinAddress
#     to set the Java Heap base and to place the Java Heap above 32GB virtual address.
# This output file may be truncated or incomplete.
#
#  Out of Memory Error (allocation.cpp:389), pid=8536, tid=0x00000000000021ac
#
# JRE version: OpenJDK Runtime Environment (8.0_202-b03) (build 1.8.0_202-release-1483-b03)
# Java VM: OpenJDK 64-Bit Server VM (25.202-b03 mixed mode windows-amd64 compressed oops)
# Failed to write core dump. Minidumps are not enabled by default on client versions of Windows
#

---------------  T H R E A D  ---------------

Current thread (0x000000001aefc000):  JavaThread "C2 CompilerThread1" daemon [_thread_in_native, id=8620, stack(0x000000001b5b0000,0x000000001b6b0000)]

Stack: [0x000000001b5b0000,0x000000001b6b0000]
[error occurred during error reporting (printing stack bounds), id 0xc0000005]

Native frames: (J=compiled Java code, j=interpreted, Vv=VM code, C=native code)


Current CompileTask:
C2:   4056 3286       4       org.jetbrains.org.objectweb.asm.ClassReader::readMethod (1047 bytes)


---------------  P R O C E S S  ---------------

Java Threads: ( => current thread )
  0x000000001af80800 JavaThread "Service Thread" daemon [_thread_blocked, id=8628, stack(0x000000001b6e0000,0x000000001b7e0000)]
  0x000000001aefd800 JavaThread "C1 CompilerThread2" daemon [_thread_blocked, id=8624, stack(0x000000001b8a0000,0x000000001b9a0000)]
=>0x000000001aefc000 JavaThread "C2 CompilerThread1" daemon [_thread_in_native, id=8620, stack(0x000000001b5b0000,0x000000001b6b0000)]
  0x000000001aef2000 JavaThread "C2 CompilerThread0" daemon [_thread_in_native, id=8616, stack(0x000000001b440000,0x000000001b540000)]
  0x000000001aedb000 JavaThread "Attach Listener" daemon [_thread_blocked, id=8612, stack(0x000000001ac60000,0x000000001ad60000)]
  0x00000000198af000 JavaThread "Signal Dispatcher" daemon [_thread_blocked, id=8608, stack(0x000000001b310000,0x000000001b410000)]
  0x000000001988d000 JavaThread "Finalizer" daemon [_thread_blocked, id=8604, stack(0x000000001add0000,0x000000001aed0000)]
  0x0000000019885800 JavaThread "Reference Handler" daemon [_thread_blocked, id=8600, stack(0x000000001aaf0000,0x000000001abf0000)]
  0x000000000234b000 JavaThread "main" [_thread_in_vm, id=8576, stack(0x00000000024e0000,0x00000000025e0000)]

Other Threads:
  0x000000001983d800 VMThread [stack: 0x000000001a920000,0x000000001aa20000] [id=8596]
  0x000000001af2d800 WatcherThread [stack: 0x000000001ba70000,0x000000001bb70000] [id=8632]

VM state:not at safepoint (normal execution)

VM Mutex/Monitor currently owned by a thread:  ([mutex/lock_event])
[0x000000000234a280] Compile_lock - owner thread: 0x000000001aef2000
[0x000000000234a380] MethodCompileQueue_lock - owner thread: 0x000000001aef2000

heap address: 0x0000000701800000, size: 3048 MB, Compressed Oops mode: Zero based, Oop shift amount: 3
Narrow klass base: 0x0000000000000000, Narrow klass shift: 3
Compressed class space size: 1073741824 Address: 0x00000007c0000000

Heap:
 PSYoungGen      total 72192K, used 63703K [0x0000000780800000, 0x0000000785700000, 0x00000007c0000000)
  eden space 64000K, 99% used [0x0000000780800000,0x0000000784635c28,0x0000000784680000)
  from space 8192K, 0% used [0x0000000784f00000,0x0000000784f00000,0x0000000785700000)
  to   space 8192K, 0% used [0x0000000784700000,0x0000000784700000,0x0000000784f00000)
 ParOldGen       total 172544K, used 21707K [0x0000000701800000, 0x000000070c080000, 0x0000000780800000)
  object space 172544K, 12% used [0x0000000701800000,0x0000000702d32d48,0x000000070c080000)
 Metaspace       used 39257K, capacity 39832K, committed 40192K, reserved 1085440K
  class space    used 4894K, capacity 5032K, committed 5120K, reserved 1048576K

Card table byte_map: [0x00000000119a0000,0x0000000011fa0000] byte_map_base: 0x000000000e194000

Marking Bits: (ParMarkBitMap*) 0x000000005bb69f30
 Begin Bits: [0x0000000012970000, 0x0000000015910000)
 End Bits:   [0x0000000015910000, 0x00000000188b0000)

Polling page: 0x0000000000330000

CodeCache: size=245760Kb used=11793Kb max_used=11806Kb free=233966Kb
 bounds [0x00000000025e0000, 0x0000000003170000, 0x00000000115e0000]
 total_blobs=4268 nmethods=3822 adapters=359
 compilation: enabled

Compilation events (10 events):
Event: 4.051 Thread 0x000000001aefd800 3822       3       org.jetbrains.kotlin.load.java.typeEnhancement.SignatureEnhancement$SignatureParts::computeIndexedQualifiersForOverride (566 bytes)
Event: 4.054 Thread 0x000000001aefd800 nmethod 3822 0x0000000003162d10 code [0x0000000003163240, 0x0000000003166b78]
Event: 4.054 Thread 0x000000001aefd800 3823       3       org.jetbrains.kotlin.load.java.typeEnhancement.SignatureEnhancement$SignatureParts$computeIndexedQualifiersForOverride$1::<init> (11 bytes)
Event: 4.054 Thread 0x000000001aefd800 nmethod 3823 0x000000000314ad10 code [0x000000000314ae80, 0x000000000314b0b0]
Event: 4.054 Thread 0x000000001aefd800 3824       3       org.jetbrains.kotlin.load.java.typeEnhancement.TypeEnhancementKt::enhance (25 bytes)
Event: 4.054 Thread 0x000000001aefd800 nmethod 3824 0x0000000003169d50 code [0x0000000003169f20, 0x000000000316a508]
Event: 4.054 Thread 0x000000001aefd800 3825       3       org.jetbrains.kotlin.load.java.typeEnhancement.Result::getTypeIfChanged (28 bytes)
Event: 4.054 Thread 0x000000001aefd800 nmethod 3825 0x000000000316a710 code [0x000000000316a880, 0x000000000316ab08]
Event: 4.054 Thread 0x000000001aefd800 3829       3       gnu.trove.THashMap::<init> (5 bytes)
Event: 4.055 Thread 0x000000001aefd800 nmethod 3829 0x000000000316abd0 code [0x000000000316ad60, 0x000000000316afe8]

GC Heap History (10 events):
Event: 1.586 GC heap before
{Heap before GC invocations=2 (full 0):
 PSYoungGen      total 57344K, used 41096K [0x0000000780800000, 0x0000000784800000, 0x00000007c0000000)
  eden space 49152K, 66% used [0x0000000780800000,0x00000007828225c0,0x0000000783800000)
  from space 8192K, 99% used [0x0000000783800000,0x0000000783fffdd0,0x0000000784000000)
  to   space 8192K, 0% used [0x0000000784000000,0x0000000784000000,0x0000000784800000)
 ParOldGen       total 131072K, used 3688K [0x0000000701800000, 0x0000000709800000, 0x0000000780800000)
  object space 131072K, 2% used [0x0000000701800000,0x0000000701b9a2f8,0x0000000709800000)
 Metaspace       used 20678K, capacity 21116K, committed 21296K, reserved 1069056K
  class space    used 2451K, capacity 2593K, committed 2688K, reserved 1048576K
Event: 1.601 GC heap after
Heap after GC invocations=2 (full 0):
 PSYoungGen      total 57344K, used 8164K [0x0000000780800000, 0x0000000787800000, 0x00000007c0000000)
  eden space 49152K, 0% used [0x0000000780800000,0x0000000780800000,0x0000000783800000)
  from space 8192K, 99% used [0x0000000784000000,0x00000007847f9380,0x0000000784800000)
  to   space 8192K, 0% used [0x0000000783800000,0x0000000783800000,0x0000000784000000)
 ParOldGen       total 131072K, used 7635K [0x0000000701800000, 0x0000000709800000, 0x0000000780800000)
  object space 131072K, 5% used [0x0000000701800000,0x0000000701f74ee0,0x0000000709800000)
 Metaspace       used 20678K, capacity 21116K, committed 21296K, reserved 1069056K
  class space    used 2451K, capacity 2593K, committed 2688K, reserved 1048576K
}
Event: 1.601 GC heap before
{Heap before GC invocations=3 (full 1):
 PSYoungGen      total 57344K, used 8164K [0x0000000780800000, 0x0000000787800000, 0x00000007c0000000)
  eden space 49152K, 0% used [0x0000000780800000,0x0000000780800000,0x0000000783800000)
  from space 8192K, 99% used [0x0000000784000000,0x00000007847f9380,0x0000000784800000)
  to   space 8192K, 0% used [0x0000000783800000,0x0000000783800000,0x0000000784000000)
 ParOldGen       total 131072K, used 7635K [0x0000000701800000, 0x0000000709800000, 0x0000000780800000)
  object space 131072K, 5% used [0x0000000701800000,0x0000000701f74ee0,0x0000000709800000)
 Metaspace       used 20678K, capacity 21116K, committed 21296K, reserved 1069056K
  class space    used 2451K, capacity 2593K, committed 2688K, reserved 1048576K
Event: 1.664 GC heap after
Heap after GC invocations=3 (full 1):
 PSYoungGen      total 57344K, used 0K [0x0000000780800000, 0x0000000787800000, 0x00000007c0000000)
  eden space 49152K, 0% used [0x0000000780800000,0x0000000780800000,0x0000000783800000)
  from space 8192K, 0% used [0x0000000784000000,0x0000000784000000,0x0000000784800000)
  to   space 8192K, 0% used [0x0000000783800000,0x0000000783800000,0x0000000784000000)
 ParOldGen       total 98816K, used 11704K [0x0000000701800000, 0x0000000707880000, 0x0000000780800000)
  object space 98816K, 11% used [0x0000000701800000,0x000000070236e288,0x0000000707880000)
 Metaspace       used 20678K, capacity 21116K, committed 21296K, reserved 1069056K
  class space    used 2451K, capacity 2593K, committed 2688K, reserved 1048576K
}
Event: 2.366 GC heap before
{Heap before GC invocations=4 (full 1):
 PSYoungGen      total 57344K, used 49152K [0x0000000780800000, 0x0000000787800000, 0x00000007c0000000)
  eden space 49152K, 100% used [0x0000000780800000,0x0000000783800000,0x0000000783800000)
  from space 8192K, 0% used [0x0000000784000000,0x0000000784000000,0x0000000784800000)
  to   space 8192K, 0% used [0x0000000783800000,0x0000000783800000,0x0000000784000000)
 ParOldGen       total 98816K, used 11704K [0x0000000701800000, 0x0000000707880000, 0x0000000780800000)
  object space 98816K, 11% used [0x0000000701800000,0x000000070236e288,0x0000000707880000)
 Metaspace       used 26964K, capacity 27538K, committed 27776K, reserved 1073152K
  class space    used 3250K, capacity 3416K, committed 3456K, reserved 1048576K
Event: 2.377 GC heap after
Heap after GC invocations=4 (full 1):
 PSYoungGen      total 57344K, used 8165K [0x0000000780800000, 0x0000000785700000, 0x00000007c0000000)
  eden space 49152K, 0% used [0x0000000780800000,0x0000000780800000,0x0000000783800000)
  from space 8192K, 99% used [0x0000000783800000,0x0000000783ff97d8,0x0000000784000000)
  to   space 8192K, 0% used [0x0000000784f00000,0x0000000784f00000,0x0000000785700000)
 ParOldGen       total 98816K, used 15706K [0x0000000701800000, 0x0000000707880000, 0x0000000780800000)
  object space 98816K, 15% used [0x0000000701800000,0x00000007027568c8,0x0000000707880000)
 Metaspace       used 26964K, capacity 27538K, committed 27776K, reserved 1073152K
  class space    used 3250K, capacity 3416K, committed 3456K, reserved 1048576K
}
Event: 3.124 GC heap before
{Heap before GC invocations=5 (full 1):
 PSYoungGen      total 57344K, used 51234K [0x0000000780800000, 0x0000000785700000, 0x00000007c0000000)
  eden space 49152K, 87% used [0x0000000780800000,0x000000078320f3a8,0x0000000783800000)
  from space 8192K, 99% used [0x0000000783800000,0x0000000783ff97d8,0x0000000784000000)
  to   space 8192K, 0% used [0x0000000784f00000,0x0000000784f00000,0x0000000785700000)
 ParOldGen       total 98816K, used 15706K [0x0000000701800000, 0x0000000707880000, 0x0000000780800000)
  object space 98816K, 15% used [0x0000000701800000,0x00000007027568c8,0x0000000707880000)
 Metaspace       used 34747K, capacity 35300K, committed 35456K, reserved 1079296K
  class space    used 4506K, capacity 4665K, committed 4736K, reserved 1048576K
Event: 3.135 GC heap after
Heap after GC invocations=5 (full 1):
 PSYoungGen      total 72192K, used 8165K [0x0000000780800000, 0x0000000785700000, 0x00000007c0000000)
  eden space 64000K, 0% used [0x0000000780800000,0x0000000780800000,0x0000000784680000)
  from space 8192K, 99% used [0x0000000784f00000,0x00000007856f9598,0x0000000785700000)
  to   space 8192K, 0% used [0x0000000784700000,0x0000000784700000,0x0000000784f00000)
 ParOldGen       total 98816K, used 23798K [0x0000000701800000, 0x0000000707880000, 0x0000000780800000)
  object space 98816K, 24% used [0x0000000701800000,0x0000000702f3dbd8,0x0000000707880000)
 Metaspace       used 34747K, capacity 35300K, committed 35456K, reserved 1079296K
  class space    used 4506K, capacity 4665K, committed 4736K, reserved 1048576K
}
Event: 3.135 GC heap before
{Heap before GC invocations=6 (full 2):
 PSYoungGen      total 72192K, used 8165K [0x0000000780800000, 0x0000000785700000, 0x00000007c0000000)
  eden space 64000K, 0% used [0x0000000780800000,0x0000000780800000,0x0000000784680000)
  from space 8192K, 99% used [0x0000000784f00000,0x00000007856f9598,0x0000000785700000)
  to   space 8192K, 0% used [0x0000000784700000,0x0000000784700000,0x0000000784f00000)
 ParOldGen       total 98816K, used 23798K [0x0000000701800000, 0x0000000707880000, 0x0000000780800000)
  object space 98816K, 24% used [0x0000000701800000,0x0000000702f3dbd8,0x0000000707880000)
 Metaspace       used 34747K, capacity 35300K, committed 35456K, reserved 1079296K
  class space    used 4506K, capacity 4665K, committed 4736K, reserved 1048576K
Event: 3.203 GC heap after
Heap after GC invocations=6 (full 2):
 PSYoungGen      total 72192K, used 0K [0x0000000780800000, 0x0000000785700000, 0x00000007c0000000)
  eden space 64000K, 0% used [0x0000000780800000,0x0000000780800000,0x0000000784680000)
  from space 8192K, 0% used [0x0000000784f00000,0x0000000784f00000,0x0000000785700000)
  to   space 8192K, 0% used [0x0000000784700000,0x0000000784700000,0x0000000784f00000)
 ParOldGen       total 172544K, used 21707K [0x0000000701800000, 0x000000070c080000, 0x0000000780800000)
  object space 172544K, 12% used [0x0000000701800000,0x0000000702d32d48,0x000000070c080000)
 Metaspace       used 34747K, capacity 35300K, committed 35456K, reserved 1079296K
  class space    used 4506K, capacity 4665K, committed 4736K, reserved 1048576K
}

Deoptimization events (10 events):
Event: 3.340 Thread 0x000000000234b000 Uncommon trap: reason=unstable_if action=reinterpret pc=0x0000000002d769f0 method=org.jetbrains.org.objectweb.asm.ClassReader.readUtf(II[C)Ljava/lang/String; @ 41
Event: 3.342 Thread 0x000000000234b000 Uncommon trap: reason=unstable_if action=reinterpret pc=0x0000000002d6e45c method=org.jetbrains.org.objectweb.asm.ClassReader.readUtf(II[C)Ljava/lang/String; @ 41
Event: 3.343 Thread 0x000000000234b000 Uncommon trap: reason=unstable_if action=reinterpret pc=0x0000000002d206a4 method=org.jetbrains.org.objectweb.asm.ClassReader.readUtf(II[C)Ljava/lang/String; @ 41
Event: 3.366 Thread 0x000000000234b000 Uncommon trap: reason=bimorphic action=maybe_recompile pc=0x0000000002c5380c method=org.jetbrains.kotlin.protobuf.CodedInputStream.tryRefillBuffer(I)Z @ 177
Event: 3.522 Thread 0x000000000234b000 Uncommon trap: reason=class_check action=maybe_recompile pc=0x0000000002e24c2c method=org.jetbrains.kotlin.load.java.structure.impl.classFiles.BinaryClassSignatureParser.parseParameterizedClassRefSignature(Ljava/text/CharacterIterator;Lorg/jetbrains/kotli
Event: 3.522 Thread 0x000000000234b000 Uncommon trap: reason=class_check action=maybe_recompile pc=0x0000000002e24c2c method=org.jetbrains.kotlin.load.java.structure.impl.classFiles.BinaryClassSignatureParser.parseParameterizedClassRefSignature(Ljava/text/CharacterIterator;Lorg/jetbrains/kotli
Event: 3.522 Thread 0x000000000234b000 Uncommon trap: reason=class_check action=maybe_recompile pc=0x0000000002e24c2c method=org.jetbrains.kotlin.load.java.structure.impl.classFiles.BinaryClassSignatureParser.parseParameterizedClassRefSignature(Ljava/text/CharacterIterator;Lorg/jetbrains/kotli
Event: 3.522 Thread 0x000000000234b000 Uncommon trap: reason=class_check action=maybe_recompile pc=0x0000000002e24c2c method=org.jetbrains.kotlin.load.java.structure.impl.classFiles.BinaryClassSignatureParser.parseParameterizedClassRefSignature(Ljava/text/CharacterIterator;Lorg/jetbrains/kotli
Event: 3.647 Thread 0x000000000234b000 Uncommon trap: reason=unstable_if action=reinterpret pc=0x0000000002e58e80 method=java.lang.AbstractStringBuilder.append(Ljava/lang/CharSequence;)Ljava/lang/AbstractStringBuilder; @ 29
Event: 3.692 Thread 0x000000000234b000 Uncommon trap: reason=unstable_if action=reinterpret pc=0x0000000002d53d3c method=gnu.trove.TObjectHash.insertionIndex(Ljava/lang/Object;)I @ 65

Classes redefined (0 events):
No events

Internal exceptions (10 events):
Event: 2.583 Thread 0x000000000234b000 Exception <a 'java/lang/ArrayIndexOutOfBoundsException'> (0x000000078169b8f8) thrown at [D:\src\AOSP-openjdk-cygwin\jdk8u\hotspot\src\share\vm\runtime\sharedRuntime.cpp, line 605]
Event: 2.583 Thread 0x000000000234b000 Exception <a 'java/lang/ArrayIndexOutOfBoundsException'> (0x00000007816a1aa0) thrown at [D:\src\AOSP-openjdk-cygwin\jdk8u\hotspot\src\share\vm\runtime\sharedRuntime.cpp, line 605]
Event: 2.592 Thread 0x000000000234b000 Exception <a 'java/lang/ArrayIndexOutOfBoundsException'> (0x0000000781738f50) thrown at [D:\src\AOSP-openjdk-cygwin\jdk8u\hotspot\src\share\vm\runtime\sharedRuntime.cpp, line 605]
Event: 2.592 Thread 0x000000000234b000 Exception <a 'java/lang/ArrayIndexOutOfBoundsException'> (0x000000078173a098) thrown at [D:\src\AOSP-openjdk-cygwin\jdk8u\hotspot\src\share\vm\runtime\sharedRuntime.cpp, line 605]
Event: 2.592 Thread 0x000000000234b000 Exception <a 'java/lang/ArrayIndexOutOfBoundsException'> (0x000000078173ba38) thrown at [D:\src\AOSP-openjdk-cygwin\jdk8u\hotspot\src\share\vm\runtime\sharedRuntime.cpp, line 605]
Event: 2.592 Thread 0x000000000234b000 Exception <a 'java/lang/ArrayIndexOutOfBoundsException'> (0x000000078173ce50) thrown at [D:\src\AOSP-openjdk-cygwin\jdk8u\hotspot\src\share\vm\runtime\sharedRuntime.cpp, line 605]
Event: 2.956 Thread 0x000000000234b000 Exception <a 'java/lang/NoSuchMethodError': java.lang.Object.lambda$static$0(I)[Lorg/jetbrains/kotlin/psi/KtExpression;> (0x000000078299a398) thrown at [D:\src\AOSP-openjdk-cygwin\jdk8u\hotspot\src\share\vm\interpreter\linkResolver.cpp, line 620]
Event: 3.034 Thread 0x000000000234b000 Exception <a 'java/lang/NoSuchMethodError': java.lang.Object.lambda$static$0(I)[Lorg/jetbrains/kotlin/psi/KtDeclaration;> (0x0000000782cbb3f0) thrown at [D:\src\AOSP-openjdk-cygwin\jdk8u\hotspot\src\share\vm\interpreter\linkResolver.cpp, line 620]
Event: 3.057 Thread 0x000000000234b000 Exception <a 'java/lang/NoSuchMethodError': java.lang.Object.lambda$static$0(I)[Lorg/jetbrains/kotlin/psi/KtTypeElement;> (0x0000000782e1b5b0) thrown at [D:\src\AOSP-openjdk-cygwin\jdk8u\hotspot\src\share\vm\interpreter\linkResolver.cpp, line 620]
Event: 3.655 Thread 0x000000000234b000 Exception <a 'java/lang/NoSuchMethodError': java.lang.Object.lambda$static$0(I)[Lorg/jetbrains/kotlin/com/intellij/psi/PsiClass;> (0x0000000783140890) thrown at [D:\src\AOSP-openjdk-cygwin\jdk8u\hotspot\src\share\vm\interpreter\linkResolver.cpp, line 620]

Events (10 events):
Event: 3.957 loading class kotlin/sequences/TakeWhileSequence$iterator$1
Event: 3.957 loading class kotlin/sequences/TakeWhileSequence$iterator$1 done
Event: 3.957 loading class kotlin/sequences/DropSequence$iterator$1
Event: 3.957 loading class kotlin/sequences/DropSequence$iterator$1 done
Event: 4.013 loading class org/jetbrains/kotlin/load/java/lazy/types/JavaTypeResolver$argumentsMakeSenseOnlyForMutableContainer$1
Event: 4.013 loading class org/jetbrains/kotlin/load/java/lazy/types/JavaTypeResolver$argumentsMakeSenseOnlyForMutableContainer$1 done
Event: 4.045 Executing VM operation: ForceSafepoint
Event: 4.045 Executing VM operation: ForceSafepoint done
Event: 4.054 loading class org/jetbrains/kotlin/load/java/structure/impl/classFiles/AnnotationsAndParameterCollectorMethodVisitor$visitAnnotationDefault$1
Event: 4.054 loading class org/jetbrains/kotlin/load/java/structure/impl/classFiles/AnnotationsAndParameterCollectorMethodVisitor$visitAnnotationDefault$1 done


Dynamic libraries:
0x000000013fd60000 - 0x000000013fd91000 	C:\Program Files\Android\Android Studio1\jre\jre\bin\java.exe
0x0000000076fd0000 - 0x000000007716f000 	C:\Windows\SYSTEM32\ntdll.dll
0x0000000076d50000 - 0x0000000076e6f000 	C:\Windows\system32\kernel32.dll
0x000007fefd780000 - 0x000007fefd7e7000 	C:\Windows\system32\KERNELBASE.dll
0x000007fefdbd0000 - 0x000007fefdcab000 	C:\Windows\system32\ADVAPI32.dll
0x000007feff170000 - 0x000007feff20f000 	C:\Windows\system32\msvcrt.dll
0x000007fefe080000 - 0x000007fefe09f000 	C:\Windows\SYSTEM32\sechost.dll
0x000007fefdcb0000 - 0x000007fefdddc000 	C:\Windows\system32\RPCRT4.dll
0x0000000076c50000 - 0x0000000076d4a000 	C:\Windows\system32\USER32.dll
0x000007fefdf70000 - 0x000007fefdfd7000 	C:\Windows\system32\GDI32.dll
0x000007fefe240000 - 0x000007fefe24e000 	C:\Windows\system32\LPK.dll
0x000007fefe0c0000 - 0x000007fefe18b000 	C:\Windows\system32\USP10.dll
0x000007fefbc30000 - 0x000007fefbe25000 	C:\Windows\WinSxS\amd64_microsoft.windows.common-controls_6595b64144ccf1df_6.0.7601.24483_none_e372d88f30fbb845\COMCTL32.dll
0x000007fefdde0000 - 0x000007fefde51000 	C:\Windows\system32\SHLWAPI.dll
0x000007feff210000 - 0x000007feff23e000 	C:\Windows\system32\IMM32.DLL
0x000007fefde60000 - 0x000007fefdf69000 	C:\Windows\system32\MSCTF.dll
0x00000000665e0000 - 0x00000000666b2000 	C:\Program Files\Android\Android Studio1\jre\jre\bin\msvcr100.dll
0x000000005b3a0000 - 0x000000005bbe6000 	C:\Program Files\Android\Android Studio1\jre\jre\bin\server\jvm.dll
0x000007fef1380000 - 0x000007fef1389000 	C:\Windows\system32\WSOCK32.dll
0x000007fefe330000 - 0x000007fefe37d000 	C:\Windows\system32\WS2_32.dll
0x000007fefe230000 - 0x000007fefe238000 	C:\Windows\system32\NSI.dll
0x000007fef9200000 - 0x000007fef923b000 	C:\Windows\system32\WINMM.dll
0x000007fefc570000 - 0x000007fefc57c000 	C:\Windows\system32\VERSION.dll
0x0000000077170000 - 0x0000000077177000 	C:\Windows\system32\PSAPI.DLL
0x000007fefc0e0000 - 0x000007fefc0ef000 	C:\Program Files\Android\Android Studio1\jre\jre\bin\verify.dll
0x000007feef2b0000 - 0x000007feef2d9000 	C:\Program Files\Android\Android Studio1\jre\jre\bin\java.dll
0x000007feefd50000 - 0x000007feefd66000 	C:\Program Files\Android\Android Studio1\jre\jre\bin\zip.dll
0x000007fefe380000 - 0x000007feff10b000 	C:\Windows\system32\SHELL32.dll
0x000007fefd7f0000 - 0x000007fefd9ef000 	C:\Windows\system32\ole32.dll
0x000007fefd420000 - 0x000007fefd42f000 	C:\Windows\system32\profapi.dll
0x000007feefdd0000 - 0x000007feefdea000 	C:\Program Files\Android\Android Studio1\jre\jre\bin\net.dll
0x000007fefcbf0000 - 0x000007fefcc45000 	C:\Windows\system32\mswsock.dll
0x000007fefcbe0000 - 0x000007fefcbe7000 	C:\Windows\System32\wship6.dll
0x000007feef950000 - 0x000007feef961000 	C:\Program Files\Android\Android Studio1\jre\jre\bin\nio.dll

VM Arguments:
java_command: org.jetbrains.kotlin.cli.jvm.K2JVMCompiler -Xallow-no-source-files -classpath C:\Users\Administrator\.gradle\caches\modules-2\files-2.1\org.jetbrains.kotlin\kotlin-android-extensions-runtime\1.3.50\bec16087637a7cafe54894e73d38037977cb30d2\kotlin-android-extensions-runtime-1.3.50.jar;C:\Users\Administrator\.gradle\caches\modules-2\files-2.1\org.jetbrains.kotlin\kotlin-stdlib-jdk7\1.3.50\50ad05ea1c2595fb31b800e76db464d08d599af3\kotlin-stdlib-jdk7-1.3.50.jar;C:\Users\Administrator\.gradle\caches\transforms-2\files-2.1\baf6a09ea1fab5ebe94dc18f73e6f547\core-ktx-1.0.2-api.jar;C:\Users\Administrator\.gradle\caches\modules-2\files-2.1\org.jetbrains.kotlin\kotlin-stdlib\1.3.50\b529d1738c7e98bbfa36a4134039528f2ce78ebf\kotlin-stdlib-1.3.50.jar;C:\Users\Administrator\.gradle\caches\modules-2\files-2.1\org.jetbrains.kotlin\kotlin-stdlib-common\1.3.50\3d9cd3e1bc7b92e95f43d45be3bfbcf38e36ab87\kotlin-stdlib-common-1.3.50.jar;C:\Users\Administrator\.gradle\caches\modules-2\files-2.1\org.jetbrains\annotations\13.0\919f0dfe192fb4e063e7dacadee7f8bb9a2672a9\annotations-13.0.jar;C:\Users\Administrator\.gradle\caches\transforms-2\files-2.1\395e329f29bc09cde00e89c38177880c\material-1.1.0-api.jar;C:\Users\Administrator\.gradle\caches\transforms-2\files-2.1\aaeb4ac383e46bb146f322ae9032f1e8\appcompat-1.1.0-api.jar;C:\Users\Administrator\.gradle\caches\transforms-2\files-2.1\0c2de693ba914e41ef65a1c20bdf3f1c\viewpager2-1.0.0-api.jar;C:\Users\Administrator\.gradle\caches\transforms-2\files-2.1\52397f4a71f30dffd3659283f56c49cd\fragment-1.1.0-api.jar;C:\Users\Administrator\.gradle\caches\transforms-2\files-2.1\e5cd563b027052f2e3144f14db97c1d3\appcompat-resources-1.1.0-api.jar;C:\Users\Administrator\.gradle\caches\transforms-2\files-2.1\91dd8524d7698478ac8f047acd5f85d0\drawerlayout-1.0.0-api.jar;C:\Users\Administrator\.gradle\caches\transforms-2\files-2.1\1f5493633d8222a6fc30e85314f074f6\coordinatorlayout-1.1.0-api.jar;C:\Users\Administrator\.gradle\caches\transforms-2\files-2.1\24c
java_class_path (initial): C:\Users\Administrator\.gradle\caches\modules-2\files-2.1\org.jetbrains.kotlin\kotlin-compiler-embeddable\1.3.50\1251c1768e5769b06c2487d6f6cf8acf6efb8960\kotlin-compiler-embeddable-1.3.50.jar;C:\Users\Administrator\.gradle\caches\modules-2\files-2.1\org.jetbrains.kotlin\kotlin-reflect\1.3.50\b499f22fd7c3e9c2e5b6c4005221fa47fc7f9a7a\kotlin-reflect-1.3.50.jar;C:\Users\Administrator\.gradle\caches\modules-2\files-2.1\org.jetbrains.kotlin\kotlin-stdlib\1.3.50\b529d1738c7e98bbfa36a4134039528f2ce78ebf\kotlin-stdlib-1.3.50.jar;C:\Users\Administrator\.gradle\caches\modules-2\files-2.1\org.jetbrains.kotlin\kotlin-script-runtime\1.3.50\59492b8dfb92522ba0ddb5dd1c4d0ef0a4fca1af\kotlin-script-runtime-1.3.50.jar;C:\Users\Administrator\.gradle\caches\modules-2\files-2.1\org.jetbrains.kotlin\kotlin-daemon-embeddable\1.3.50\5cb93bb33f4c6f833ead0beca4c831668e00cf52\kotlin-daemon-embeddable-1.3.50.jar;C:\Users\Administrator\.gradle\caches\modules-2\files-2.1\org.jetbrains.intellij.deps\trove4j\1.0.20181211\216c2e14b070f334479d800987affe4054cd563f\trove4j-1.0.20181211.jar;C:\Users\Administrator\.gradle\caches\modules-2\files-2.1\org.jetbrains.kotlin\kotlin-stdlib-common\1.3.50\3d9cd3e1bc7b92e95f43d45be3bfbcf38e36ab87\kotlin-stdlib-common-1.3.50.jar;C:\Users\Administrator\.gradle\caches\modules-2\files-2.1\org.jetbrains\annotations\13.0\919f0dfe192fb4e063e7dacadee7f8bb9a2672a9\annotations-13.0.jar;C:\Program Files\Android\Android Studio1\jre\lib\tools.jar
Launcher Type: SUN_STANDARD

Environment Variables:
PATH=C:\Program Files (x86)\Common Files\Oracle\Java\javapath;C:\sybase\OCS-12_5\lib3p;C:\sybase\OCS-12_5\dll;C:\sybase\OCS-12_5\bin;C:\Windows\system32;C:\Windows;C:\Windows\System32\Wbem;C:\Windows\System32\WindowsPowerShell\v1.0\;C:\Program Files\Git\cmd;D:\flutter_SDK\bin;C:\Windows\System32\WindowsPowerShell\v1.0\;D:\android_SDK\platform-tools;D:\bin\业务系统\dll;D:\Microsoft VS Code\bin
USERNAME=Administrator
OS=Windows_NT
PROCESSOR_IDENTIFIER=Intel64 Family 6 Model 60 Stepping 3, GenuineIntel



---------------  S Y S T E M  ---------------

OS: Windows 7 , 64 bit Build 7601 (6.1.7601.24499)

CPU:total 4 (initial active 4) (2 cores per cpu, 2 threads per core) family 6 model 60 stepping 3, cmov, cx8, fxsr, mmx, sse, sse2, sse3, ssse3, sse4.1, sse4.2, popcnt, avx, avx2, aes, clmul, erms, lzcnt, ht, tsc, tscinvbit, bmi1, bmi2

Memory: 4k page, physical 12480660k(1395284k free), swap 12478760k(6448k free)

vm_info: OpenJDK 64-Bit Server VM (25.202-b03) for windows-amd64 JRE (1.8.0_202-release-1483-b03), built by "builder" with MS VC++ 10.0 (VS2010)

time: Tue Jun 16 10:07:11 2020
timezone: 中国标准时间
elapsed time: 4 seconds (0d 0h 0m 4s)

