#
# There is insufficient memory for the Java Runtime Environment to continue.
# Native memory allocation (malloc) failed to allocate 1120896 bytes for Chunk::new
# Possible reasons:
#   The system is out of physical RAM or swap space
#   The process is running with CompressedOops enabled, and the Java Heap may be blocking the growth of the native heap
# Possible solutions:
#   Reduce memory load on the system
#   Increase physical memory or swap space
#   Check if swap backing store is full
#   Decrease Java heap size (-Xmx/-Xms)
#   Decrease number of Java threads
#   Decrease Java thread stack sizes (-Xss)
#   Set larger code cache with -XX:ReservedCodeCacheSize=
#   JVM is running with Unscaled Compressed Oops mode in which the Java heap is
#     placed in the first 4GB address space. The Java Heap base address is the
#     maximum limit for the native heap growth. Please use -XX:HeapBaseMinAddress
#     to set the Java Heap base and to place the Java Heap above 4GB virtual address.
# This output file may be truncated or incomplete.
#
#  Out of Memory Error (allocation.cpp:389), pid=6872, tid=0x000000000000179c
#
# JRE version: OpenJDK Runtime Environment (8.0_202-b03) (build 1.8.0_202-release-1483-b03)
# Java VM: OpenJDK 64-Bit Server VM (25.202-b03 mixed mode windows-amd64 compressed oops)
# Failed to write core dump. Minidumps are not enabled by default on client versions of Windows
#

---------------  T H R E A D  ---------------

Current thread (0x0000000057982800):  JavaThread "C2 CompilerThread1" daemon [_thread_in_native, id=6044, stack(0x0000000058090000,0x0000000058190000)]

Stack: [0x0000000058090000,0x0000000058190000]
[error occurred during error reporting (printing stack bounds), id 0xc0000005]

Native frames: (J=compiled Java code, j=interpreted, Vv=VM code, C=native code)


Current CompileTask:
C2:  53825 11819   !   4       java.io.ObjectInputStream::readObject0 (566 bytes)


---------------  P R O C E S S  ---------------

Java Threads: ( => current thread )
  0x0000000061802000 JavaThread "stdout" [_thread_in_native, id=9084, stack(0x0000000067fb0000,0x00000000680b0000)]
  0x0000000061802800 JavaThread "stderr" [_thread_in_native, id=5124, stack(0x0000000067590000,0x0000000067690000)]
  0x0000000061803800 JavaThread "stdout" [_thread_in_native, id=8808, stack(0x0000000067750000,0x0000000067850000)]
  0x0000000061804000 JavaThread "stderr" [_thread_in_native, id=8984, stack(0x0000000067030000,0x0000000067130000)]
  0x0000000061807000 JavaThread "stdout" [_thread_in_native, id=8124, stack(0x0000000067940000,0x0000000067a40000)]
  0x0000000061806800 JavaThread "stderr" [_thread_in_native, id=8996, stack(0x0000000067de0000,0x0000000067ee0000)]
  0x0000000061805800 JavaThread "stdout" [_thread_in_native, id=8084, stack(0x0000000067ca0000,0x0000000067da0000)]
  0x0000000061805000 JavaThread "stderr" [_thread_in_native, id=7920, stack(0x0000000067ab0000,0x0000000067bb0000)]
  0x0000000061801000 JavaThread "pool-5-thread-1" [_thread_blocked, id=9208, stack(0x00000000672f0000,0x00000000673f0000)]
  0x0000000061800800 JavaThread "WorkerExecutor Queue Thread 4" [_thread_blocked, id=4652, stack(0x0000000067150000,0x0000000067250000)]
  0x000000005eec9000 JavaThread "WorkerExecutor Queue Thread 3" [_thread_blocked, id=9100, stack(0x0000000064170000,0x0000000064270000)]
  0x000000005eec8000 JavaThread "WorkerExecutor Queue Thread 2" [_thread_blocked, id=8048, stack(0x0000000066f10000,0x0000000067010000)]
  0x000000005eec7800 JavaThread "WorkerExecutor Queue" [_thread_blocked, id=8452, stack(0x0000000066d10000,0x0000000066e10000)]
  0x000000005eec4800 JavaThread "Cache worker for execution history cache (E:\Android_code_file\KotlinStudy\.gradle\5.4.1\executionHistory)" [_thread_blocked, id=7624, stack(0x00000000669f0000,0x0000000066af0000)]
  0x000000005eec3800 JavaThread "Execution worker for ':' Thread 3" [_thread_blocked, id=5796, stack(0x0000000066490000,0x0000000066590000)]
  0x000000005eec3000 JavaThread "Execution worker for ':' Thread 2" [_thread_blocked, id=2276, stack(0x0000000066760000,0x0000000066860000)]
  0x000000005eec2000 JavaThread "Execution worker for ':'" [_thread_blocked, id=8128, stack(0x0000000063f40000,0x0000000064040000)]
  0x000000005f221000 JavaThread "Cache worker for file content cache (E:\Android_code_file\KotlinStudy\.gradle\5.4.1\fileContent)" [_thread_blocked, id=8516, stack(0x0000000064a70000,0x0000000064b70000)]
  0x000000005f220800 JavaThread "Cache worker for Build Output Cleanup Cache (E:\Android_code_file\KotlinStudy\.gradle\buildOutputCleanup)" [_thread_blocked, id=6056, stack(0x0000000066360000,0x0000000066460000)]
  0x000000005f222000 JavaThread "Build operations Thread 4" [_thread_blocked, id=6552, stack(0x000000005bdd0000,0x000000005bed0000)]
  0x000000005f21f000 JavaThread "Build operations Thread 3" [_thread_blocked, id=5528, stack(0x0000000066220000,0x0000000066320000)]
  0x000000005f21d800 JavaThread "Build operations Thread 2" [_thread_blocked, id=7032, stack(0x00000000646b0000,0x00000000647b0000)]
  0x000000005f21f800 JavaThread "Build operations" [_thread_blocked, id=8872, stack(0x00000000660d0000,0x00000000661d0000)]
  0x0000000057995800 JavaThread "Cache worker for cache directory md-rule (C:\Users\Administrator\.gradle\caches\5.4.1\md-rule)" [_thread_blocked, id=8312, stack(0x0000000065f80000,0x0000000066080000)]
  0x0000000057991000 JavaThread "Cache worker for cache directory md-supplier (C:\Users\Administrator\.gradle\caches\5.4.1\md-supplier)" [_thread_blocked, id=9096, stack(0x0000000061fc0000,0x00000000620c0000)]
  0x000000005798a000 JavaThread "Cache worker for file hash cache (E:\Android_code_file\KotlinStudy\.gradle\5.4.1\fileHashes)" [_thread_blocked, id=7868, stack(0x0000000062210000,0x0000000062310000)]
  0x0000000057994000 JavaThread "Thread-71" [_thread_blocked, id=8836, stack(0x00000000629a0000,0x0000000062aa0000)]
  0x0000000057992800 JavaThread "Stdin handler" [_thread_blocked, id=7536, stack(0x000000005cde0000,0x000000005cee0000)]
  0x0000000057993000 JavaThread "Asynchronous log dispatcher for DefaultDaemonConnection: socket connection from /127.0.0.1:59379 to /127.0.0.1:59427" [_thread_blocked, id=5852, stack(0x000000005e390000,0x000000005e490000)]
  0x0000000057994800 JavaThread "Cancel handler" [_thread_blocked, id=7732, stack(0x000000005c4d0000,0x000000005c5d0000)]
  0x0000000057990000 JavaThread "Handler for socket connection from /127.0.0.1:59379 to /127.0.0.1:59427" [_thread_in_native, id=4620, stack(0x000000005c980000,0x000000005ca80000)]
  0x000000005f21c800 JavaThread "Cache worker for file content cache (C:\Users\Administrator\.gradle\caches\5.4.1\fileContent)" [_thread_blocked, id=4456, stack(0x0000000064060000,0x0000000064160000)]
  0x000000005f21c000 JavaThread "Memory manager" [_thread_blocked, id=5532, stack(0x0000000062cd0000,0x0000000062dd0000)]
  0x0000000057991800 JavaThread "Cache worker for execution history cache (C:\Users\Administrator\.gradle\caches\5.4.1\executionHistory)" [_thread_blocked, id=7988, stack(0x0000000062110000,0x0000000062210000)]
  0x0000000057989800 JavaThread "Cache worker for journal cache (C:\Users\Administrator\.gradle\caches\journal-1)" [_thread_blocked, id=8948, stack(0x000000005d040000,0x000000005d140000)]
  0x0000000057988800 JavaThread "File lock request listener" [_thread_in_native, id=3916, stack(0x000000005cf10000,0x000000005d010000)]
  0x0000000057d0a800 JavaThread "Cache worker for file hash cache (C:\Users\Administrator\.gradle\caches\5.4.1\fileHashes)" [_thread_blocked, id=8760, stack(0x000000005ca80000,0x000000005cb80000)]
  0x00000000592bd000 JavaThread "Daemon worker" [_thread_blocked, id=5020, stack(0x000000005c390000,0x000000005c490000)]
  0x00000000592ad000 JavaThread "Daemon" [_thread_blocked, id=8536, stack(0x000000005bcd0000,0x000000005bdd0000)]
  0x000000005934e800 JavaThread "Daemon periodic checks" [_thread_blocked, id=8432, stack(0x00000000574a0000,0x00000000575a0000)]
  0x00000000591a9800 JavaThread "Incoming local TCP Connector on port 59379" [_thread_in_native, id=8608, stack(0x000000005b210000,0x000000005b310000)]
  0x0000000059a1e000 JavaThread "Daemon health stats" [_thread_blocked, id=6696, stack(0x000000005adf0000,0x000000005aef0000)]
  0x0000000057a10800 JavaThread "Service Thread" daemon [_thread_blocked, id=4604, stack(0x0000000058360000,0x0000000058460000)]
  0x0000000057987000 JavaThread "C1 CompilerThread2" daemon [_thread_blocked, id=8396, stack(0x0000000058220000,0x0000000058320000)]
=>0x0000000057982800 JavaThread "C2 CompilerThread1" daemon [_thread_in_native, id=6044, stack(0x0000000058090000,0x0000000058190000)]
  0x00000000563ad000 JavaThread "C2 CompilerThread0" daemon [_thread_blocked, id=2660, stack(0x0000000057f00000,0x0000000058000000)]
  0x000000005796a800 JavaThread "Attach Listener" daemon [_thread_blocked, id=8748, stack(0x0000000057d70000,0x0000000057e70000)]
  0x000000005639c800 JavaThread "Signal Dispatcher" daemon [_thread_blocked, id=4712, stack(0x00000000576f0000,0x00000000577f0000)]
  0x0000000056388800 JavaThread "Finalizer" daemon [_thread_blocked, id=7748, stack(0x0000000057860000,0x0000000057960000)]
  0x0000000056381800 JavaThread "Reference Handler" daemon [_thread_blocked, id=7992, stack(0x00000000575a0000,0x00000000576a0000)]
  0x00000000024bf800 JavaThread "main" [_thread_blocked, id=8528, stack(0x00000000024f0000,0x00000000025f0000)]

Other Threads:
  0x0000000056339800 VMThread [stack: 0x0000000057390000,0x0000000057490000] [id=9156]
  0x00000000579ea800 WatcherThread [stack: 0x00000000584e0000,0x00000000585e0000] [id=6344]

VM state:not at safepoint (normal execution)

VM Mutex/Monitor currently owned by a thread: None

OutOfMemory and StackOverflow Exception counts:
OutOfMemoryError java_heap_errors=4

heap address: 0x00000000a0000000, size: 1536 MB, Compressed Oops mode: 32-bit
Narrow klass base: 0x0000000000000000, Narrow klass shift: 0
Compressed class space size: 1073741824 Address: 0x00000000159b0000

Heap:
 PSYoungGen      total 369152K, used 281567K [0x00000000e0000000, 0x00000000f8880000, 0x0000000100000000)
  eden space 339968K, 74% used [0x00000000e0000000,0x00000000ef678078,0x00000000f4c00000)
  from space 29184K, 99% used [0x00000000f4f80000,0x00000000f6bffdc8,0x00000000f6c00000)
  to   space 24576K, 0% used [0x00000000f7080000,0x00000000f7080000,0x00000000f8880000)
 ParOldGen       total 128512K, used 41411K [0x00000000a0000000, 0x00000000a7d80000, 0x00000000e0000000)
  object space 128512K, 32% used [0x00000000a0000000,0x00000000a2870f88,0x00000000a7d80000)
 Metaspace       used 72286K, capacity 74884K, committed 74968K, reserved 1114112K
  class space    used 9377K, capacity 9919K, committed 9984K, reserved 1048576K

Card table byte_map: [0x0000000011af0000,0x0000000011e00000] byte_map_base: 0x00000000115f0000

Marking Bits: (ParMarkBitMap*) 0x000000005bb69f30
 Begin Bits: [0x00000000126b0000, 0x0000000013eb0000)
 End Bits:   [0x0000000013eb0000, 0x00000000156b0000)

Polling page: 0x0000000000130000

CodeCache: size=245760Kb used=32554Kb max_used=32780Kb free=213205Kb
 bounds [0x0000000002730000, 0x0000000004770000, 0x0000000011730000]
 total_blobs=10950 nmethods=10130 adapters=732
 compilation: enabled

Compilation events (10 events):
Event: 53.761 Thread 0x00000000563ad000 11462       4       com.sun.org.apache.xerces.internal.dom.NodeImpl::appendChild (7 bytes)
Event: 53.762 Thread 0x00000000563ad000 nmethod 11462 0x0000000004678f10 code [0x0000000004679040, 0x00000000046790b8]
Event: 53.792 Thread 0x0000000057987000 11843       3       com.google.common.util.concurrent.AbstractFuture$UnsafeAtomicHelper::casWaiters (13 bytes)
Event: 53.792 Thread 0x0000000057987000 nmethod 11843 0x000000000346eb10 code [0x000000000346ec60, 0x000000000346edf0]
Event: 53.796 Thread 0x0000000057987000 11844       3       sun.nio.cs.ext.DoubleByte$Decoder::decodeLoop (28 bytes)
Event: 53.797 Thread 0x0000000057987000 nmethod 11844 0x0000000002a56c50 code [0x0000000002a56de0, 0x0000000002a57338]
Event: 53.800 Thread 0x0000000057987000 11845       1       com.android.ide.common.resources.CompileResourceRequest::getPartialRFile (5 bytes)
Event: 53.800 Thread 0x0000000057987000 nmethod 11845 0x0000000003866890 code [0x00000000038669e0, 0x0000000003866af0]
Event: 53.813 Thread 0x00000000563ad000 11846       4       com.google.common.base.Preconditions::checkPositionIndex (25 bytes)
Event: 53.813 Thread 0x00000000563ad000 nmethod 11846 0x0000000004568590 code [0x00000000045686c0, 0x0000000004568738]

GC Heap History (10 events):
Event: 8.258 GC heap before
{Heap before GC invocations=8 (full 2):
 PSYoungGen      total 204800K, used 196608K [0x00000000e0000000, 0x00000000f1780000, 0x0000000100000000)
  eden space 196608K, 100% used [0x00000000e0000000,0x00000000ec000000,0x00000000ec000000)
  from space 8192K, 0% used [0x00000000ec000000,0x00000000ec000000,0x00000000ec800000)
  to   space 16384K, 0% used [0x00000000f0780000,0x00000000f0780000,0x00000000f1780000)
 ParOldGen       total 128512K, used 19140K [0x00000000a0000000, 0x00000000a7d80000, 0x00000000e0000000)
  object space 128512K, 14% used [0x00000000a0000000,0x00000000a12b12e8,0x00000000a7d80000)
 Metaspace       used 51190K, capacity 52556K, committed 52864K, reserved 1095680K
  class space    used 6867K, capacity 7209K, committed 7296K, reserved 1048576K
Event: 8.296 GC heap after
Heap after GC invocations=8 (full 2):
 PSYoungGen      total 263680K, used 16356K [0x00000000e0000000, 0x00000000f3f00000, 0x0000000100000000)
  eden space 247296K, 0% used [0x00000000e0000000,0x00000000e0000000,0x00000000ef180000)
  from space 16384K, 99% used [0x00000000f0780000,0x00000000f1779180,0x00000000f1780000)
  to   space 22528K, 0% used [0x00000000ef180000,0x00000000ef180000,0x00000000f0780000)
 ParOldGen       total 128512K, used 26305K [0x00000000a0000000, 0x00000000a7d80000, 0x00000000e0000000)
  object space 128512K, 20% used [0x00000000a0000000,0x00000000a19b0638,0x00000000a7d80000)
 Metaspace       used 51190K, capacity 52556K, committed 52864K, reserved 1095680K
  class space    used 6867K, capacity 7209K, committed 7296K, reserved 1048576K
}
Event: 9.551 GC heap before
{Heap before GC invocations=9 (full 2):
 PSYoungGen      total 263680K, used 93395K [0x00000000e0000000, 0x00000000f3f00000, 0x0000000100000000)
  eden space 247296K, 31% used [0x00000000e0000000,0x00000000e4b3bb98,0x00000000ef180000)
  from space 16384K, 99% used [0x00000000f0780000,0x00000000f1779180,0x00000000f1780000)
  to   space 22528K, 0% used [0x00000000ef180000,0x00000000ef180000,0x00000000f0780000)
 ParOldGen       total 128512K, used 26305K [0x00000000a0000000, 0x00000000a7d80000, 0x00000000e0000000)
  object space 128512K, 20% used [0x00000000a0000000,0x00000000a19b0638,0x00000000a7d80000)
 Metaspace       used 57417K, capacity 59062K, committed 59096K, reserved 1099776K
  class space    used 7762K, capacity 8164K, committed 8192K, reserved 1048576K
Event: 9.575 GC heap after
Heap after GC invocations=9 (full 2):
 PSYoungGen      total 269824K, used 18703K [0x00000000e0000000, 0x00000000f8880000, 0x0000000100000000)
  eden space 247296K, 0% used [0x00000000e0000000,0x00000000e0000000,0x00000000ef180000)
  from space 22528K, 83% used [0x00000000ef180000,0x00000000f03c3c78,0x00000000f0780000)
  to   space 24576K, 0% used [0x00000000f7080000,0x00000000f7080000,0x00000000f8880000)
 ParOldGen       total 128512K, used 26377K [0x00000000a0000000, 0x00000000a7d80000, 0x00000000e0000000)
  object space 128512K, 20% used [0x00000000a0000000,0x00000000a19c2648,0x00000000a7d80000)
 Metaspace       used 57417K, capacity 59062K, committed 59096K, reserved 1099776K
  class space    used 7762K, capacity 8164K, committed 8192K, reserved 1048576K
}
Event: 9.575 GC heap before
{Heap before GC invocations=10 (full 3):
 PSYoungGen      total 269824K, used 18703K [0x00000000e0000000, 0x00000000f8880000, 0x0000000100000000)
  eden space 247296K, 0% used [0x00000000e0000000,0x00000000e0000000,0x00000000ef180000)
  from space 22528K, 83% used [0x00000000ef180000,0x00000000f03c3c78,0x00000000f0780000)
  to   space 24576K, 0% used [0x00000000f7080000,0x00000000f7080000,0x00000000f8880000)
 ParOldGen       total 128512K, used 26377K [0x00000000a0000000, 0x00000000a7d80000, 0x00000000e0000000)
  object space 128512K, 20% used [0x00000000a0000000,0x00000000a19c2648,0x00000000a7d80000)
 Metaspace       used 57417K, capacity 59062K, committed 59096K, reserved 1099776K
  class space    used 7762K, capacity 8164K, committed 8192K, reserved 1048576K
Event: 9.728 GC heap after
Heap after GC invocations=10 (full 3):
 PSYoungGen      total 269824K, used 0K [0x00000000e0000000, 0x00000000f8880000, 0x0000000100000000)
  eden space 247296K, 0% used [0x00000000e0000000,0x00000000e0000000,0x00000000ef180000)
  from space 22528K, 0% used [0x00000000ef180000,0x00000000ef180000,0x00000000f0780000)
  to   space 24576K, 0% used [0x00000000f7080000,0x00000000f7080000,0x00000000f8880000)
 ParOldGen       total 128512K, used 33438K [0x00000000a0000000, 0x00000000a7d80000, 0x00000000e0000000)
  object space 128512K, 26% used [0x00000000a0000000,0x00000000a20a79f8,0x00000000a7d80000)
 Metaspace       used 57417K, capacity 59062K, committed 59096K, reserved 1099776K
  class space    used 7762K, capacity 8164K, committed 8192K, reserved 1048576K
}
Event: 13.522 GC heap before
{Heap before GC invocations=11 (full 3):
 PSYoungGen      total 269824K, used 247296K [0x00000000e0000000, 0x00000000f8880000, 0x0000000100000000)
  eden space 247296K, 100% used [0x00000000e0000000,0x00000000ef180000,0x00000000ef180000)
  from space 22528K, 0% used [0x00000000ef180000,0x00000000ef180000,0x00000000f0780000)
  to   space 24576K, 0% used [0x00000000f7080000,0x00000000f7080000,0x00000000f8880000)
 ParOldGen       total 128512K, used 33438K [0x00000000a0000000, 0x00000000a7d80000, 0x00000000e0000000)
  object space 128512K, 26% used [0x00000000a0000000,0x00000000a20a79f8,0x00000000a7d80000)
 Metaspace       used 64867K, capacity 67016K, committed 67160K, reserved 1107968K
  class space    used 8787K, capacity 9233K, committed 9344K, reserved 1048576K
Event: 13.549 GC heap after
Heap after GC invocations=11 (full 3):
 PSYoungGen      total 364544K, used 24561K [0x00000000e0000000, 0x00000000f8880000, 0x0000000100000000)
  eden space 339968K, 0% used [0x00000000e0000000,0x00000000e0000000,0x00000000f4c00000)
  from space 24576K, 99% used [0x00000000f7080000,0x00000000f887c408,0x00000000f8880000)
  to   space 29184K, 0% used [0x00000000f4f80000,0x00000000f4f80000,0x00000000f6c00000)
 ParOldGen       total 128512K, used 35432K [0x00000000a0000000, 0x00000000a7d80000, 0x00000000e0000000)
  object space 128512K, 27% used [0x00000000a0000000,0x00000000a229a048,0x00000000a7d80000)
 Metaspace       used 64867K, capacity 67016K, committed 67160K, reserved 1107968K
  class space    used 8787K, capacity 9233K, committed 9344K, reserved 1048576K
}
Event: 44.971 GC heap before
{Heap before GC invocations=12 (full 3):
 PSYoungGen      total 364544K, used 364529K [0x00000000e0000000, 0x00000000f8880000, 0x0000000100000000)
  eden space 339968K, 100% used [0x00000000e0000000,0x00000000f4c00000,0x00000000f4c00000)
  from space 24576K, 99% used [0x00000000f7080000,0x00000000f887c408,0x00000000f8880000)
  to   space 29184K, 0% used [0x00000000f4f80000,0x00000000f4f80000,0x00000000f6c00000)
 ParOldGen       total 128512K, used 35432K [0x00000000a0000000, 0x00000000a7d80000, 0x00000000e0000000)
  object space 128512K, 27% used [0x00000000a0000000,0x00000000a229a048,0x00000000a7d80000)
 Metaspace       used 70147K, capacity 72688K, committed 72920K, reserved 1112064K
  class space    used 9186K, capacity 9715K, committed 9728K, reserved 1048576K
Event: 45.007 GC heap after
Heap after GC invocations=12 (full 3):
 PSYoungGen      total 369152K, used 29183K [0x00000000e0000000, 0x00000000f8880000, 0x0000000100000000)
  eden space 339968K, 0% used [0x00000000e0000000,0x00000000e0000000,0x00000000f4c00000)
  from space 29184K, 99% used [0x00000000f4f80000,0x00000000f6bffdc8,0x00000000f6c00000)
  to   space 24576K, 0% used [0x00000000f7080000,0x00000000f7080000,0x00000000f8880000)
 ParOldGen       total 128512K, used 41411K [0x00000000a0000000, 0x00000000a7d80000, 0x00000000e0000000)
  object space 128512K, 32% used [0x00000000a0000000,0x00000000a2870f88,0x00000000a7d80000)
 Metaspace       used 70147K, capacity 72688K, committed 72920K, reserved 1112064K
  class space    used 9186K, capacity 9715K, committed 9728K, reserved 1048576K
}

Deoptimization events (10 events):
Event: 52.981 Thread 0x000000005eec3000 Uncommon trap: reason=class_check action=maybe_recompile pc=0x0000000004600958 method=com.sun.org.apache.xerces.internal.dom.ElementImpl.getAttributes()Lorg/w3c/dom/NamedNodeMap; @ 8
Event: 53.000 Thread 0x000000005eec3000 Uncommon trap: reason=unstable_if action=reinterpret pc=0x000000000403b258 method=com.android.utils.XmlUtils.toXmlAttributeValue(Ljava/lang/String;)Ljava/lang/String; @ 33
Event: 53.018 Thread 0x000000005eec3000 Uncommon trap: reason=unstable_if action=reinterpret pc=0x000000000465b688 method=sun.nio.cs.UTF_8$Encoder.encodeArrayLoop(Ljava/nio/CharBuffer;Ljava/nio/ByteBuffer;)Ljava/nio/charset/CoderResult; @ 175
Event: 53.019 Thread 0x000000005eec3000 Uncommon trap: reason=unstable_if action=reinterpret pc=0x0000000004601c3c method=sun.nio.cs.UTF_8$Encoder.encodeArrayLoop(Ljava/nio/CharBuffer;Ljava/nio/ByteBuffer;)Ljava/nio/charset/CoderResult; @ 400
Event: 53.032 Thread 0x000000005eec3000 Uncommon trap: reason=array_check action=maybe_recompile pc=0x0000000004299cd8 method=java.util.TimSort.binarySort([Ljava/lang/Object;IIILjava/util/Comparator;)V @ 193
Event: 53.033 Thread 0x000000005eec3000 Uncommon trap: reason=array_check action=maybe_recompile pc=0x0000000004299da4 method=java.util.TimSort.binarySort([Ljava/lang/Object;IIILjava/util/Comparator;)V @ 183
Event: 53.034 Thread 0x000000005eec3000 Uncommon trap: reason=array_check action=maybe_recompile pc=0x0000000004299cd8 method=java.util.TimSort.binarySort([Ljava/lang/Object;IIILjava/util/Comparator;)V @ 193
Event: 53.035 Thread 0x000000005eec3000 Uncommon trap: reason=array_check action=maybe_recompile pc=0x0000000004299da4 method=java.util.TimSort.binarySort([Ljava/lang/Object;IIILjava/util/Comparator;)V @ 183
Event: 53.044 Thread 0x000000005eec3000 Uncommon trap: reason=unstable_if action=reinterpret pc=0x0000000003d6d134 method=java.io.ObjectOutputStream$ReplaceTable.lookup(Ljava/lang/Object;)Ljava/lang/Object; @ 10
Event: 53.536 Thread 0x0000000061805000 Uncommon trap: reason=unstable_if action=reinterpret pc=0x0000000003d0f458 method=java.io.BufferedReader.readLine(Z)Ljava/lang/String; @ 192

Classes redefined (0 events):
No events

Internal exceptions (10 events):
Event: 52.480 Thread 0x000000005eec3000 Implicit null exception at 0x00000000045a0ea7 to 0x000000000459f595
Event: 52.608 Thread 0x000000005eec3000 Implicit null exception at 0x00000000040eac5f to 0x00000000040eb26d
Event: 52.659 Thread 0x000000005eec3000 Implicit null exception at 0x0000000004042149 to 0x00000000040421e9
Event: 53.033 Thread 0x000000005eec3000 Exception <a 'java/lang/NoSuchMethodError': <clinit>> (0x00000000ed2c0be8) thrown at [D:\src\AOSP-openjdk-cygwin\jdk8u\hotspot\src\share\vm\prims\jni.cpp, line 1614]
Event: 53.034 Thread 0x000000005eec3000 Exception <a 'java/lang/NoSuchMethodError': <clinit>> (0x00000000ed2dac58) thrown at [D:\src\AOSP-openjdk-cygwin\jdk8u\hotspot\src\share\vm\prims\jni.cpp, line 1614]
Event: 53.034 Thread 0x000000005eec3000 Exception <a 'java/lang/NoSuchMethodError': <clinit>> (0x00000000ed2dfa68) thrown at [D:\src\AOSP-openjdk-cygwin\jdk8u\hotspot\src\share\vm\prims\jni.cpp, line 1614]
Event: 53.035 Thread 0x000000005eec3000 Exception <a 'java/lang/NoSuchMethodError': <clinit>> (0x00000000ed2eff78) thrown at [D:\src\AOSP-openjdk-cygwin\jdk8u\hotspot\src\share\vm\prims\jni.cpp, line 1614]
Event: 53.543 Thread 0x000000005eec8000 Exception <a 'java/io/IOException'> (0x00000000ef2da750) thrown at [D:\src\AOSP-openjdk-cygwin\jdk8u\hotspot\src\share\vm\prims\jni.cpp, line 710]
Event: 53.557 Thread 0x000000005eec9000 Exception <a 'java/io/IOException'> (0x00000000ee7c92a8) thrown at [D:\src\AOSP-openjdk-cygwin\jdk8u\hotspot\src\share\vm\prims\jni.cpp, line 710]
Event: 53.600 Thread 0x000000005eec8000 Exception <a 'java/io/IOException'> (0x00000000ef33ebe0) thrown at [D:\src\AOSP-openjdk-cygwin\jdk8u\hotspot\src\share\vm\prims\jni.cpp, line 710]

Events (10 events):
Event: 53.744 Thread 0x0000000057987000 flushing nmethod 0x0000000003dad9d0
Event: 53.744 Thread 0x0000000057987000 flushing nmethod 0x0000000003e0dc90
Event: 53.745 Thread 0x0000000057987000 flushing nmethod 0x0000000003e8ead0
Event: 53.745 Thread 0x0000000057987000 flushing nmethod 0x0000000003eb4e10
Event: 53.745 Thread 0x0000000057987000 flushing nmethod 0x0000000003eb6f10
Event: 53.745 Thread 0x0000000057987000 flushing nmethod 0x0000000003f24850
Event: 53.749 Thread 0x00000000563ad000 flushing nmethod 0x0000000003faefd0
Event: 53.749 Thread 0x00000000563ad000 flushing nmethod 0x0000000003fe3550
Event: 53.750 Thread 0x00000000563ad000 flushing nmethod 0x000000000410ac50
Event: 53.752 Thread 0x00000000563ad000 flushing nmethod 0x0000000004297150


Dynamic libraries:
0x000000013f4d0000 - 0x000000013f501000 	C:\Program Files\Android\Android Studio1\jre\bin\java.exe
0x0000000076fd0000 - 0x000000007716f000 	C:\Windows\SYSTEM32\ntdll.dll
0x0000000076d50000 - 0x0000000076e6f000 	C:\Windows\system32\kernel32.dll
0x000007fefd780000 - 0x000007fefd7e7000 	C:\Windows\system32\KERNELBASE.dll
0x000007fefdbd0000 - 0x000007fefdcab000 	C:\Windows\system32\ADVAPI32.dll
0x000007feff170000 - 0x000007feff20f000 	C:\Windows\system32\msvcrt.dll
0x000007fefe080000 - 0x000007fefe09f000 	C:\Windows\SYSTEM32\sechost.dll
0x000007fefdcb0000 - 0x000007fefdddc000 	C:\Windows\system32\RPCRT4.dll
0x0000000076c50000 - 0x0000000076d4a000 	C:\Windows\system32\USER32.dll
0x000007fefdf70000 - 0x000007fefdfd7000 	C:\Windows\system32\GDI32.dll
0x000007fefe240000 - 0x000007fefe24e000 	C:\Windows\system32\LPK.dll
0x000007fefe0c0000 - 0x000007fefe18b000 	C:\Windows\system32\USP10.dll
0x000007fefbc30000 - 0x000007fefbe25000 	C:\Windows\WinSxS\amd64_microsoft.windows.common-controls_6595b64144ccf1df_6.0.7601.24483_none_e372d88f30fbb845\COMCTL32.dll
0x000007fefdde0000 - 0x000007fefde51000 	C:\Windows\system32\SHLWAPI.dll
0x000007feff210000 - 0x000007feff23e000 	C:\Windows\system32\IMM32.DLL
0x000007fefde60000 - 0x000007fefdf69000 	C:\Windows\system32\MSCTF.dll
0x00000000665e0000 - 0x00000000666b2000 	C:\Program Files\Android\Android Studio1\jre\jre\bin\msvcr100.dll
0x000000005b3a0000 - 0x000000005bbe6000 	C:\Program Files\Android\Android Studio1\jre\jre\bin\server\jvm.dll
0x000007fef1380000 - 0x000007fef1389000 	C:\Windows\system32\WSOCK32.dll
0x000007fefe330000 - 0x000007fefe37d000 	C:\Windows\system32\WS2_32.dll
0x000007fefe230000 - 0x000007fefe238000 	C:\Windows\system32\NSI.dll
0x000007fef9200000 - 0x000007fef923b000 	C:\Windows\system32\WINMM.dll
0x000007fefc570000 - 0x000007fefc57c000 	C:\Windows\system32\VERSION.dll
0x0000000077170000 - 0x0000000077177000 	C:\Windows\system32\PSAPI.DLL
0x000007fefc0e0000 - 0x000007fefc0ef000 	C:\Program Files\Android\Android Studio1\jre\jre\bin\verify.dll
0x000007feef2b0000 - 0x000007feef2d9000 	C:\Program Files\Android\Android Studio1\jre\jre\bin\java.dll
0x000007feefd50000 - 0x000007feefd66000 	C:\Program Files\Android\Android Studio1\jre\jre\bin\zip.dll
0x000007fefe380000 - 0x000007feff10b000 	C:\Windows\system32\SHELL32.dll
0x000007fefd7f0000 - 0x000007fefd9ef000 	C:\Windows\system32\ole32.dll
0x000007fefd420000 - 0x000007fefd42f000 	C:\Windows\system32\profapi.dll
0x000007feefdd0000 - 0x000007feefdea000 	C:\Program Files\Android\Android Studio1\jre\jre\bin\net.dll
0x000007fefcbf0000 - 0x000007fefcc45000 	C:\Windows\system32\mswsock.dll
0x000007fefcbe0000 - 0x000007fefcbe7000 	C:\Windows\System32\wship6.dll
0x000007feef950000 - 0x000007feef961000 	C:\Program Files\Android\Android Studio1\jre\jre\bin\nio.dll
0x000007feed190000 - 0x000007feed1b6000 	C:\Users\Administrator\.gradle\native\29\windows-amd64\native-platform.dll
0x000007fef8d90000 - 0x000007fef8d93000 	C:\Windows\system32\api-ms-win-core-synch-l1-2-0.DLL
0x000007feefd40000 - 0x000007feefd4d000 	C:\Program Files\Android\Android Studio1\jre\jre\bin\management.dll
0x000007fefcc50000 - 0x000007fefcc68000 	C:\Windows\system32\CRYPTSP.dll
0x000007fefc950000 - 0x000007fefc997000 	C:\Windows\system32\rsaenh.dll
0x000007fefcdf0000 - 0x000007fefce12000 	C:\Windows\system32\bcrypt.dll
0x000007fefcd60000 - 0x000007fefcdac000 	C:\Windows\system32\bcryptprimitives.dll
0x000007fefc760000 - 0x000007fefc77f000 	C:\Windows\system32\USERENV.dll
0x000007fefd350000 - 0x000007fefd35f000 	C:\Windows\system32\CRYPTBASE.dll
0x000007fefaef0000 - 0x000007fefaf17000 	C:\Windows\system32\IPHLPAPI.DLL
0x000007fefaed0000 - 0x000007fefaedb000 	C:\Windows\system32\WINNSI.DLL
0x000007fefacd0000 - 0x000007feface1000 	C:\Windows\system32\dhcpcsvc6.DLL
0x000007fefacb0000 - 0x000007fefacc8000 	C:\Windows\system32\dhcpcsvc.DLL
0x000007fefd2f0000 - 0x000007fefd347000 	C:\Windows\system32\apphelp.dll

VM Arguments:
jvm_args: -Xmx1536m -Dfile.encoding=GBK -Duser.country=CN -Duser.language=zh -Duser.variant 
java_command: org.gradle.launcher.daemon.bootstrap.GradleDaemon 5.4.1
java_class_path (initial): C:\Users\Administrator\.gradle\wrapper\dists\gradle-5.4.1-all\3221gyojl5jsh0helicew7rwx\gradle-5.4.1\lib\gradle-launcher-5.4.1.jar
Launcher Type: SUN_STANDARD

Environment Variables:
PATH=C:\Program Files (x86)\Common Files\Oracle\Java\javapath;C:\sybase\OCS-12_5\lib3p;C:\sybase\OCS-12_5\dll;C:\sybase\OCS-12_5\bin;C:\Windows\system32;C:\Windows;C:\Windows\System32\Wbem;C:\Windows\System32\WindowsPowerShell\v1.0\;C:\Program Files\Git\cmd;D:\flutter_SDK\bin;C:\Windows\System32\WindowsPowerShell\v1.0\;D:\android_SDK\platform-tools;D:\bin\业务系统\dll;D:\Microsoft VS Code\bin
USERNAME=Administrator
OS=Windows_NT
PROCESSOR_IDENTIFIER=Intel64 Family 6 Model 60 Stepping 3, GenuineIntel



---------------  S Y S T E M  ---------------

OS: Windows 7 , 64 bit Build 7601 (6.1.7601.24499)

CPU:total 4 (initial active 4) (2 cores per cpu, 2 threads per core) family 6 model 60 stepping 3, cmov, cx8, fxsr, mmx, sse, sse2, sse3, ssse3, sse4.1, sse4.2, popcnt, avx, avx2, aes, clmul, erms, lzcnt, ht, tsc, tscinvbit, bmi1, bmi2

Memory: 4k page, physical 12480660k(1611996k free), swap 12478760k(5512k free)

vm_info: OpenJDK 64-Bit Server VM (25.202-b03) for windows-amd64 JRE (1.8.0_202-release-1483-b03), built by "builder" with MS VC++ 10.0 (VS2010)

time: Tue Jun 16 10:28:52 2020
timezone: 中国标准时间
elapsed time: 53 seconds (0d 0h 0m 53s)

