#
# There is insufficient memory for the Java Runtime Environment to continue.
# Native memory allocation (malloc) failed to allocate 1185696 bytes for Chunk::new
# Possible reasons:
#   The system is out of physical RAM or swap space
#   The process is running with CompressedOops enabled, and the Java Heap may be blocking the growth of the native heap
# Possible solutions:
#   Reduce memory load on the system
#   Increase physical memory or swap space
#   Check if swap backing store is full
#   Decrease Java heap size (-Xmx/-Xms)
#   Decrease number of Java threads
#   Decrease Java thread stack sizes (-Xss)
#   Set larger code cache with -XX:ReservedCodeCacheSize=
#   JVM is running with Unscaled Compressed Oops mode in which the Java heap is
#     placed in the first 4GB address space. The Java Heap base address is the
#     maximum limit for the native heap growth. Please use -XX:HeapBaseMinAddress
#     to set the Java Heap base and to place the Java Heap above 4GB virtual address.
# This output file may be truncated or incomplete.
#
#  Out of Memory Error (allocation.cpp:389), pid=7032, tid=0x0000000000001ad0
#
# JRE version: OpenJDK Runtime Environment (8.0_202-b03) (build 1.8.0_202-release-1483-b03)
# Java VM: OpenJDK 64-Bit Server VM (25.202-b03 mixed mode windows-amd64 compressed oops)
# Failed to write core dump. Minidumps are not enabled by default on client versions of Windows
#

---------------  T H R E A D  ---------------

Current thread (0x0000000057652800):  JavaThread "C2 CompilerThread1" daemon [_thread_in_native, id=6864, stack(0x0000000057ff0000,0x00000000580f0000)]

Stack: [0x0000000057ff0000,0x00000000580f0000]
[error occurred during error reporting (printing stack bounds), id 0xc0000005]

Native frames: (J=compiled Java code, j=interpreted, Vv=VM code, C=native code)


Current CompileTask:
C2:15665923 26402       4       com.android.tools.r8.ir.optimize.CodeRewriter::j (671 bytes)


---------------  P R O C E S S  ---------------

Java Threads: ( => current thread )
  0x000000005a9a6000 JavaThread "WorkerExecutor Queue Thread 8" [_thread_blocked, id=3416, stack(0x0000000067ce0000,0x0000000067de0000)]
  0x000000005a9a4800 JavaThread "WorkerExecutor Queue Thread 7" [_thread_in_native, id=6676, stack(0x00000000667f0000,0x00000000668f0000)]
  0x000000005a9a2000 JavaThread "Cache worker for Java compile cache (E:\Android_code_file\KotlinStudy\.gradle\5.4.1\javaCompile)" [_thread_blocked, id=8176, stack(0x0000000068310000,0x0000000068410000)]
  0x00000000598c5800 JavaThread "WorkerExecutor Queue Thread 6" [_thread_blocked, id=7148, stack(0x00000000680a0000,0x00000000681a0000)]
  0x00000000598ca800 JavaThread "RMI TCP Connection(49)-127.0.0.1" daemon [_thread_in_native, id=8164, stack(0x0000000067fa0000,0x00000000680a0000)]
  0x00000000598ca000 JavaThread "RMI Reaper" [_thread_blocked, id=4836, stack(0x0000000067460000,0x0000000067560000)]
  0x000000006aad1000 JavaThread "GC Daemon" daemon [_thread_blocked, id=4652, stack(0x0000000066970000,0x0000000066a70000)]
  0x000000006aacf000 JavaThread "RMI RenewClean-[127.0.0.1:17251,org.jetbrains.kotlin.daemon.common.LoopbackNetworkInterface$ClientLoopbackSocketFactory@be6076b]" daemon [_thread_blocked, id=3008, stack(0x0000000066230000,0x0000000066330000)]
  0x00000000598c4800 JavaThread "WorkerExecutor Queue Thread 5" [_thread_blocked, id=2380, stack(0x0000000067970000,0x0000000067a70000)]
  0x00000000598c7800 JavaThread "stdout" [_thread_in_native, id=7988, stack(0x0000000067be0000,0x0000000067ce0000)]
  0x00000000598c6000 JavaThread "stderr" [_thread_in_native, id=4124, stack(0x00000000672f0000,0x00000000673f0000)]
  0x0000000058b23800 JavaThread "stdout" [_thread_in_native, id=768, stack(0x0000000067100000,0x0000000067200000)]
  0x0000000058b21000 JavaThread "stderr" [_thread_in_native, id=1572, stack(0x0000000066080000,0x0000000066180000)]
  0x0000000058b26800 JavaThread "stdout" [_thread_in_native, id=2360, stack(0x0000000066fa0000,0x00000000670a0000)]
  0x0000000058b1f800 JavaThread "stderr" [_thread_in_native, id=2872, stack(0x0000000066c20000,0x0000000066d20000)]
  0x0000000058b20800 JavaThread "WorkerExecutor Queue Thread 4" [_thread_blocked, id=5232, stack(0x0000000066af0000,0x0000000066bf0000)]
  0x0000000058b22000 JavaThread "stdout" [_thread_in_native, id=3236, stack(0x00000000666e0000,0x00000000667e0000)]
  0x000000006aad0000 JavaThread "stderr" [_thread_in_native, id=5500, stack(0x0000000064110000,0x0000000064210000)]
  0x000000006aacc000 JavaThread "pool-20-thread-1" [_thread_blocked, id=3328, stack(0x0000000066400000,0x0000000066500000)]
  0x000000006aace800 JavaThread "Cache worker for execution history cache (E:\Android_code_file\KotlinStudy\.gradle\5.4.1\executionHistory)" [_thread_blocked, id=7732, stack(0x0000000065a90000,0x0000000065b90000)]
  0x000000006aacd800 JavaThread "Execution worker for ':' Thread 3" [_thread_blocked, id=8040, stack(0x0000000065f80000,0x0000000066080000)]
  0x000000005eb32000 JavaThread "Execution worker for ':' Thread 2" [_thread_blocked, id=8124, stack(0x0000000065bb0000,0x0000000065cb0000)]
  0x000000005eb2e000 JavaThread "Execution worker for ':'" [_thread_blocked, id=4256, stack(0x0000000065980000,0x0000000065a80000)]
  0x000000005eb2d800 JavaThread "Cache worker for file content cache (E:\Android_code_file\KotlinStudy\.gradle\5.4.1\fileContent)" [_thread_blocked, id=9052, stack(0x0000000065850000,0x0000000065950000)]
  0x000000005eb30800 JavaThread "Cache worker for Build Output Cleanup Cache (E:\Android_code_file\KotlinStudy\.gradle\buildOutputCleanup)" [_thread_blocked, id=3548, stack(0x0000000065740000,0x0000000065840000)]
  0x000000005eb31000 JavaThread "Build operations Thread 4" [_thread_blocked, id=7880, stack(0x000000005bf80000,0x000000005c080000)]
  0x000000005eb2f000 JavaThread "Build operations Thread 3" [_thread_blocked, id=2212, stack(0x0000000062580000,0x0000000062680000)]
  0x000000005eb2f800 JavaThread "Build operations Thread 2" [_thread_blocked, id=8936, stack(0x0000000062380000,0x0000000062480000)]
  0x00000000598ad800 JavaThread "Build operations" [_thread_blocked, id=8520, stack(0x00000000620b0000,0x00000000621b0000)]
  0x00000000598af800 JavaThread "Cache worker for cache directory md-rule (C:\Users\Administrator\.gradle\caches\5.4.1\md-rule)" [_thread_blocked, id=7416, stack(0x00000000621b0000,0x00000000622b0000)]
  0x00000000598a9000 JavaThread "Cache worker for cache directory md-supplier (C:\Users\Administrator\.gradle\caches\5.4.1\md-supplier)" [_thread_blocked, id=6868, stack(0x000000005f350000,0x000000005f450000)]
  0x00000000598af000 JavaThread "Cache worker for file hash cache (E:\Android_code_file\KotlinStudy\.gradle\5.4.1\fileHashes)" [_thread_blocked, id=8884, stack(0x000000005fb30000,0x000000005fc30000)]
  0x00000000598b0800 JavaThread "Thread-187" [_thread_blocked, id=6300, stack(0x000000005c6f0000,0x000000005c7f0000)]
  0x00000000598a9800 JavaThread "Stdin handler" [_thread_blocked, id=344, stack(0x000000005c190000,0x000000005c290000)]
  0x00000000598b2000 JavaThread "Asynchronous log dispatcher for DefaultDaemonConnection: socket connection from /127.0.0.1:59879 to /127.0.0.1:59709" [_thread_blocked, id=6044, stack(0x000000005cdb0000,0x000000005ceb0000)]
  0x00000000598ac000 JavaThread "Daemon worker Thread 7" [_thread_blocked, id=4620, stack(0x000000005c970000,0x000000005ca70000)]
  0x00000000598a5000 JavaThread "Cancel handler" [_thread_blocked, id=6824, stack(0x000000005c830000,0x000000005c930000)]
  0x00000000598ae000 JavaThread "Handler for socket connection from /127.0.0.1:59879 to /127.0.0.1:59709" [_thread_in_native, id=1788, stack(0x000000005c090000,0x000000005c190000)]
  0x00000000598b2800 JavaThread "Daemon Thread 7" [_thread_blocked, id=8876, stack(0x000000005bd30000,0x000000005be30000)]
  0x000000005a9a3800 JavaThread "Cache worker for Java compile cache (C:\Users\Administrator\.gradle\caches\5.4.1\javaCompile)" [_thread_blocked, id=8752, stack(0x00000000681a0000,0x00000000682a0000)]
  0x000000005a9a1800 JavaThread "RMI TCP Accept-0" daemon [_thread_in_native, id=9104, stack(0x0000000067df0000,0x0000000067ef0000)]
  0x000000005eb32800 JavaThread "RMI Scheduler(0)" daemon [_thread_blocked, id=872, stack(0x0000000067ae0000,0x0000000067be0000)]
  0x00000000598c9000 JavaThread "Cache worker for file content cache (C:\Users\Administrator\.gradle\caches\5.4.1\fileContent)" [_thread_blocked, id=3968, stack(0x0000000064d30000,0x0000000064e30000)]
  0x0000000063363000 JavaThread "Memory manager" [_thread_blocked, id=5588, stack(0x0000000064220000,0x0000000064320000)]
  0x00000000598aa800 JavaThread "Cache worker for execution history cache (C:\Users\Administrator\.gradle\caches\5.4.1\executionHistory)" [_thread_blocked, id=516, stack(0x00000000610e0000,0x00000000611e0000)]
  0x00000000598a4800 JavaThread "Cache worker for journal cache (C:\Users\Administrator\.gradle\caches\journal-1)" [_thread_blocked, id=3500, stack(0x000000005d040000,0x000000005d140000)]
  0x00000000598a3800 JavaThread "File lock request listener" [_thread_in_native, id=9200, stack(0x000000005cee0000,0x000000005cfe0000)]
  0x000000005774b000 JavaThread "Cache worker for file hash cache (C:\Users\Administrator\.gradle\caches\5.4.1\fileHashes)" [_thread_blocked, id=8664, stack(0x000000005ca80000,0x000000005cb80000)]
  0x000000005900b000 JavaThread "Daemon periodic checks" [_thread_blocked, id=8532, stack(0x000000005be80000,0x000000005bf80000)]
  0x0000000059353000 JavaThread "Incoming local TCP Connector on port 59879" [_thread_in_native, id=9140, stack(0x000000005bc30000,0x000000005bd30000)]
  0x000000005917b000 JavaThread "Daemon health stats" [_thread_blocked, id=8696, stack(0x000000005b020000,0x000000005b120000)]
  0x00000000576d2000 JavaThread "Service Thread" daemon [_thread_blocked, id=3296, stack(0x0000000058310000,0x0000000058410000)]
  0x0000000057657800 JavaThread "C1 CompilerThread2" daemon [_thread_blocked, id=5984, stack(0x0000000058150000,0x0000000058250000)]
=>0x0000000057652800 JavaThread "C2 CompilerThread1" daemon [_thread_in_native, id=6864, stack(0x0000000057ff0000,0x00000000580f0000)]
  0x000000005635d000 JavaThread "C2 CompilerThread0" daemon [_thread_in_native, id=5140, stack(0x0000000057e50000,0x0000000057f50000)]
  0x0000000057639800 JavaThread "Attach Listener" daemon [_thread_blocked, id=7872, stack(0x0000000057ce0000,0x0000000057de0000)]
  0x0000000057638800 JavaThread "Signal Dispatcher" daemon [_thread_blocked, id=9100, stack(0x0000000057a60000,0x0000000057b60000)]
  0x0000000056338800 JavaThread "Finalizer" daemon [_thread_blocked, id=6188, stack(0x0000000057530000,0x0000000057630000)]
  0x0000000056331000 JavaThread "Reference Handler" daemon [_thread_blocked, id=2724, stack(0x0000000057260000,0x0000000057360000)]
  0x00000000000ff800 JavaThread "main" [_thread_blocked, id=7276, stack(0x00000000024d0000,0x00000000025d0000)]

Other Threads:
  0x00000000562e9800 VMThread [stack: 0x0000000057360000,0x0000000057460000] [id=160]
  0x00000000576d4000 WatcherThread [stack: 0x00000000584e0000,0x00000000585e0000] [id=6480]

VM state:not at safepoint (normal execution)

VM Mutex/Monitor currently owned by a thread: None

heap address: 0x00000000a0000000, size: 1536 MB, Compressed Oops mode: 32-bit
Narrow klass base: 0x0000000000000000, Narrow klass shift: 0
Compressed class space size: 1073741824 Address: 0x0000000015960000

Heap:
 PSYoungGen      total 482816K, used 153603K [0x00000000e0000000, 0x00000000fff80000, 0x0000000100000000)
  eden space 441344K, 34% used [0x00000000e0000000,0x00000000e9600c98,0x00000000faf00000)
  from space 41472K, 0% used [0x00000000faf00000,0x00000000faf00000,0x00000000fd780000)
  to   space 39936K, 0% used [0x00000000fd880000,0x00000000fd880000,0x00000000fff80000)
 ParOldGen       total 312832K, used 52186K [0x00000000a0000000, 0x00000000b3180000, 0x00000000e0000000)
  object space 312832K, 16% used [0x00000000a0000000,0x00000000a32f6800,0x00000000b3180000)
 Metaspace       used 101287K, capacity 105231K, committed 108416K, reserved 1142784K
  class space    used 12692K, capacity 13414K, committed 14208K, reserved 1048576K

Card table byte_map: [0x0000000011a20000,0x0000000011d30000] byte_map_base: 0x0000000011520000

Marking Bits: (ParMarkBitMap*) 0x000000005bb69f30
 Begin Bits: [0x0000000012660000, 0x0000000013e60000)
 End Bits:   [0x0000000013e60000, 0x0000000015660000)

Polling page: 0x0000000000150000

CodeCache: size=245760Kb used=70226Kb max_used=70226Kb free=175533Kb
 bounds [0x0000000002660000, 0x0000000006b80000, 0x0000000011660000]
 total_blobs=21177 nmethods=20256 adapters=830
 compilation: enabled

Compilation events (10 events):
Event: 15662.978 Thread 0x0000000057657800 26448       2       org.gradle.internal.snapshot.MissingFileSnapshot::accept (8 bytes)
Event: 15662.978 Thread 0x0000000057657800 nmethod 26448 0x00000000032d6190 code [0x00000000032d6300, 0x00000000032d6488]
Event: 15662.981 Thread 0x0000000057652800 nmethod 26447 0x0000000004702010 code [0x0000000004702240, 0x0000000004703240]
Event: 15662.981 Thread 0x0000000057652800 26418       4       java.util.HashMap::containsValue (80 bytes)
Event: 15662.986 Thread 0x0000000057652800 nmethod 26418 0x00000000040499d0 code [0x0000000004049b40, 0x0000000004049e18]
Event: 15662.986 Thread 0x0000000057652800 26402       4       com.android.tools.r8.ir.optimize.CodeRewriter::j (671 bytes)
Event: 15663.098 Thread 0x0000000057657800 26449 %     3       sun.nio.fs.WindowsPath::relativize @ 91 (223 bytes)
Event: 15663.100 Thread 0x0000000057657800 nmethod 26449% 0x00000000069a1c10 code [0x00000000069a1fc0, 0x00000000069a44b8]
Event: 15663.100 Thread 0x0000000057657800 26450       3       sun.nio.fs.WindowsPath::relativize (223 bytes)
Event: 15663.102 Thread 0x0000000057657800 nmethod 26450 0x0000000006b5ae90 code [0x0000000006b5b240, 0x0000000006b5d638]

GC Heap History (10 events):
Event: 3802.521 GC heap before
{Heap before GC invocations=31 (full 4):
 PSYoungGen      total 481280K, used 182792K [0x00000000e0000000, 0x0000000100000000, 0x0000000100000000)
  eden space 439808K, 39% used [0x00000000e0000000,0x00000000eab0e040,0x00000000fad80000)
  from space 41472K, 18% used [0x00000000fd500000,0x00000000fdc74060,0x00000000ffd80000)
  to   space 40448K, 0% used [0x00000000fad80000,0x00000000fad80000,0x00000000fd500000)
 ParOldGen       total 312832K, used 148810K [0x00000000a0000000, 0x00000000b3180000, 0x00000000e0000000)
  object space 312832K, 47% used [0x00000000a0000000,0x00000000a9152b50,0x00000000b3180000)
 Metaspace       used 102958K, capacity 107991K, committed 108160K, reserved 1142784K
  class space    used 13187K, capacity 14103K, committed 14208K, reserved 1048576K
Event: 3802.538 GC heap after
Heap after GC invocations=31 (full 4):
 PSYoungGen      total 480256K, used 4305K [0x00000000e0000000, 0x0000000100000000, 0x0000000100000000)
  eden space 439808K, 0% used [0x00000000e0000000,0x00000000e0000000,0x00000000fad80000)
  from space 40448K, 10% used [0x00000000fad80000,0x00000000fb1b4488,0x00000000fd500000)
  to   space 39936K, 0% used [0x00000000fd900000,0x00000000fd900000,0x0000000100000000)
 ParOldGen       total 312832K, used 153833K [0x00000000a0000000, 0x00000000b3180000, 0x00000000e0000000)
  object space 312832K, 49% used [0x00000000a0000000,0x00000000a963a5c0,0x00000000b3180000)
 Metaspace       used 102958K, capacity 107991K, committed 108160K, reserved 1142784K
  class space    used 13187K, capacity 14103K, committed 14208K, reserved 1048576K
}
Event: 3802.538 GC heap before
{Heap before GC invocations=32 (full 5):
 PSYoungGen      total 480256K, used 4305K [0x00000000e0000000, 0x0000000100000000, 0x0000000100000000)
  eden space 439808K, 0% used [0x00000000e0000000,0x00000000e0000000,0x00000000fad80000)
  from space 40448K, 10% used [0x00000000fad80000,0x00000000fb1b4488,0x00000000fd500000)
  to   space 39936K, 0% used [0x00000000fd900000,0x00000000fd900000,0x0000000100000000)
 ParOldGen       total 312832K, used 153833K [0x00000000a0000000, 0x00000000b3180000, 0x00000000e0000000)
  object space 312832K, 49% used [0x00000000a0000000,0x00000000a963a5c0,0x00000000b3180000)
 Metaspace       used 102958K, capacity 107991K, committed 108160K, reserved 1142784K
  class space    used 13187K, capacity 14103K, committed 14208K, reserved 1048576K
Event: 3802.863 GC heap after
Heap after GC invocations=32 (full 5):
 PSYoungGen      total 480256K, used 0K [0x00000000e0000000, 0x0000000100000000, 0x0000000100000000)
  eden space 439808K, 0% used [0x00000000e0000000,0x00000000e0000000,0x00000000fad80000)
  from space 40448K, 0% used [0x00000000fad80000,0x00000000fad80000,0x00000000fd500000)
  to   space 39936K, 0% used [0x00000000fd900000,0x00000000fd900000,0x0000000100000000)
 ParOldGen       total 312832K, used 46638K [0x00000000a0000000, 0x00000000b3180000, 0x00000000e0000000)
  object space 312832K, 14% used [0x00000000a0000000,0x00000000a2d8b958,0x00000000b3180000)
 Metaspace       used 98923K, capacity 102365K, committed 108160K, reserved 1142784K
  class space    used 12463K, capacity 13085K, committed 14208K, reserved 1048576K
}
Event: 11183.873 GC heap before
{Heap before GC invocations=33 (full 5):
 PSYoungGen      total 480256K, used 439808K [0x00000000e0000000, 0x0000000100000000, 0x0000000100000000)
  eden space 439808K, 100% used [0x00000000e0000000,0x00000000fad80000,0x00000000fad80000)
  from space 40448K, 0% used [0x00000000fad80000,0x00000000fad80000,0x00000000fd500000)
  to   space 39936K, 0% used [0x00000000fd900000,0x00000000fd900000,0x0000000100000000)
 ParOldGen       total 312832K, used 46638K [0x00000000a0000000, 0x00000000b3180000, 0x00000000e0000000)
  object space 312832K, 14% used [0x00000000a0000000,0x00000000a2d8b958,0x00000000b3180000)
 Metaspace       used 101636K, capacity 106105K, committed 108160K, reserved 1142784K
  class space    used 12907K, capacity 13698K, committed 14208K, reserved 1048576K
Event: 11183.901 GC heap after
Heap after GC invocations=33 (full 5):
 PSYoungGen      total 481280K, used 25661K [0x00000000e0000000, 0x0000000100000000, 0x0000000100000000)
  eden space 441344K, 0% used [0x00000000e0000000,0x00000000e0000000,0x00000000faf00000)
  from space 39936K, 64% used [0x00000000fd900000,0x00000000ff20f5c0,0x0000000100000000)
  to   space 41472K, 0% used [0x00000000faf00000,0x00000000faf00000,0x00000000fd780000)
 ParOldGen       total 312832K, used 46646K [0x00000000a0000000, 0x00000000b3180000, 0x00000000e0000000)
  object space 312832K, 14% used [0x00000000a0000000,0x00000000a2d8d958,0x00000000b3180000)
 Metaspace       used 101636K, capacity 106105K, committed 108160K, reserved 1142784K
  class space    used 12907K, capacity 13698K, committed 14208K, reserved 1048576K
}
Event: 15645.662 GC heap before
{Heap before GC invocations=34 (full 5):
 PSYoungGen      total 481280K, used 343202K [0x00000000e0000000, 0x0000000100000000, 0x0000000100000000)
  eden space 441344K, 71% used [0x00000000e0000000,0x00000000f36194e0,0x00000000faf00000)
  from space 39936K, 64% used [0x00000000fd900000,0x00000000ff20f5c0,0x0000000100000000)
  to   space 41472K, 0% used [0x00000000faf00000,0x00000000faf00000,0x00000000fd780000)
 ParOldGen       total 312832K, used 46646K [0x00000000a0000000, 0x00000000b3180000, 0x00000000e0000000)
  object space 312832K, 14% used [0x00000000a0000000,0x00000000a2d8d958,0x00000000b3180000)
 Metaspace       used 102959K, capacity 107933K, committed 108416K, reserved 1142784K
  class space    used 13081K, capacity 13975K, committed 14208K, reserved 1048576K
Event: 15645.689 GC heap after
Heap after GC invocations=34 (full 5):
 PSYoungGen      total 482816K, used 10278K [0x00000000e0000000, 0x00000000fff80000, 0x0000000100000000)
  eden space 441344K, 0% used [0x00000000e0000000,0x00000000e0000000,0x00000000faf00000)
  from space 41472K, 24% used [0x00000000faf00000,0x00000000fb909ad8,0x00000000fd780000)
  to   space 39936K, 0% used [0x00000000fd880000,0x00000000fd880000,0x00000000fff80000)
 ParOldGen       total 312832K, used 65270K [0x00000000a0000000, 0x00000000b3180000, 0x00000000e0000000)
  object space 312832K, 20% used [0x00000000a0000000,0x00000000a3fbd9c8,0x00000000b3180000)
 Metaspace       used 102959K, capacity 107933K, committed 108416K, reserved 1142784K
  class space    used 13081K, capacity 13975K, committed 14208K, reserved 1048576K
}
Event: 15645.689 GC heap before
{Heap before GC invocations=35 (full 6):
 PSYoungGen      total 482816K, used 10278K [0x00000000e0000000, 0x00000000fff80000, 0x0000000100000000)
  eden space 441344K, 0% used [0x00000000e0000000,0x00000000e0000000,0x00000000faf00000)
  from space 41472K, 24% used [0x00000000faf00000,0x00000000fb909ad8,0x00000000fd780000)
  to   space 39936K, 0% used [0x00000000fd880000,0x00000000fd880000,0x00000000fff80000)
 ParOldGen       total 312832K, used 65270K [0x00000000a0000000, 0x00000000b3180000, 0x00000000e0000000)
  object space 312832K, 20% used [0x00000000a0000000,0x00000000a3fbd9c8,0x00000000b3180000)
 Metaspace       used 102959K, capacity 107933K, committed 108416K, reserved 1142784K
  class space    used 13081K, capacity 13975K, committed 14208K, reserved 1048576K
Event: 15646.199 GC heap after
Heap after GC invocations=35 (full 6):
 PSYoungGen      total 482816K, used 0K [0x00000000e0000000, 0x00000000fff80000, 0x0000000100000000)
  eden space 441344K, 0% used [0x00000000e0000000,0x00000000e0000000,0x00000000faf00000)
  from space 41472K, 0% used [0x00000000faf00000,0x00000000faf00000,0x00000000fd780000)
  to   space 39936K, 0% used [0x00000000fd880000,0x00000000fd880000,0x00000000fff80000)
 ParOldGen       total 312832K, used 52186K [0x00000000a0000000, 0x00000000b3180000, 0x00000000e0000000)
  object space 312832K, 16% used [0x00000000a0000000,0x00000000a32f6800,0x00000000b3180000)
 Metaspace       used 100831K, capacity 104637K, committed 108416K, reserved 1142784K
  class space    used 12650K, capacity 13337K, committed 14208K, reserved 1048576K
}

Deoptimization events (10 events):
Event: 15662.132 Thread 0x000000005eb2e000 Uncommon trap: reason=array_check action=maybe_recompile pc=0x0000000006ad7844 method=java.util.ComparableTimSort.mergeHi(IIII)V @ 101
Event: 15662.132 Thread 0x000000005eb2e000 Uncommon trap: reason=array_check action=maybe_recompile pc=0x0000000006ad7844 method=java.util.ComparableTimSort.mergeHi(IIII)V @ 101
Event: 15662.136 Thread 0x000000005eb2e000 Uncommon trap: reason=array_check action=maybe_recompile pc=0x0000000006ad7844 method=java.util.ComparableTimSort.mergeHi(IIII)V @ 101
Event: 15662.138 Thread 0x000000005eb2e000 Uncommon trap: reason=array_check action=maybe_recompile pc=0x0000000006ad7844 method=java.util.ComparableTimSort.mergeHi(IIII)V @ 101
Event: 15662.210 Thread 0x000000005eb2e000 Uncommon trap: reason=class_check action=maybe_recompile pc=0x00000000027fae58 method=java.lang.String.equals(Ljava/lang/Object;)Z @ 8
Event: 15662.797 Thread 0x0000000058b20800 Uncommon trap: reason=predicate action=maybe_recompile pc=0x000000000677a7a0 method=com.android.tools.r8.m.a.a.b.d0.a([Ljava/lang/Object;I)I @ 14
Event: 15662.848 Thread 0x00000000598c4800 Uncommon trap: reason=array_check action=maybe_recompile pc=0x0000000003c1289c method=java.util.TimSort.mergeHi(IIII)V @ 250
Event: 15662.848 Thread 0x00000000598c4800 Uncommon trap: reason=array_check action=maybe_recompile pc=0x000000000695ccd8 method=java.util.TimSort.mergeLo(IIII)V @ 375
Event: 15662.848 Thread 0x00000000598c4800 Uncommon trap: reason=array_check action=maybe_recompile pc=0x000000000695ccd8 method=java.util.TimSort.mergeLo(IIII)V @ 375
Event: 15662.885 Thread 0x000000005a9a6000 Uncommon trap: reason=unstable_if action=reinterpret pc=0x0000000002907b64 method=com.android.tools.r8.ir.optimize.z.a(Lcom/android/tools/r8/ir/code/Instruction;)Z @ 131

Classes redefined (0 events):
No events

Internal exceptions (10 events):
Event: 15662.892 Thread 0x0000000058b20800 Exception <a 'sun/nio/fs/WindowsException'> (0x00000000e7bece70) thrown at [D:\src\AOSP-openjdk-cygwin\jdk8u\hotspot\src\share\vm\prims\jni.cpp, line 710]
Event: 15662.892 Thread 0x000000005a9a6000 Exception <a 'sun/nio/fs/WindowsException'> (0x00000000e88c5a18) thrown at [D:\src\AOSP-openjdk-cygwin\jdk8u\hotspot\src\share\vm\prims\jni.cpp, line 710]
Event: 15662.893 Thread 0x000000005a9a6000 Exception <a 'sun/nio/fs/WindowsException'> (0x00000000e88cdae8) thrown at [D:\src\AOSP-openjdk-cygwin\jdk8u\hotspot\src\share\vm\prims\jni.cpp, line 710]
Event: 15662.894 Thread 0x000000005a9a6000 Exception <a 'sun/nio/fs/WindowsException'> (0x00000000e8a15658) thrown at [D:\src\AOSP-openjdk-cygwin\jdk8u\hotspot\src\share\vm\prims\jni.cpp, line 710]
Event: 15662.894 Thread 0x000000005a9a6000 Exception <a 'sun/nio/fs/WindowsException'> (0x00000000e8a5ffe8) thrown at [D:\src\AOSP-openjdk-cygwin\jdk8u\hotspot\src\share\vm\prims\jni.cpp, line 710]
Event: 15662.896 Thread 0x000000005a9a6000 Exception <a 'sun/nio/fs/WindowsException'> (0x00000000e8ab0a10) thrown at [D:\src\AOSP-openjdk-cygwin\jdk8u\hotspot\src\share\vm\prims\jni.cpp, line 710]
Event: 15662.897 Thread 0x0000000058b20800 Exception <a 'sun/nio/fs/WindowsException'> (0x00000000e7bf34b8) thrown at [D:\src\AOSP-openjdk-cygwin\jdk8u\hotspot\src\share\vm\prims\jni.cpp, line 710]
Event: 15662.899 Thread 0x0000000058b20800 Exception <a 'sun/nio/fs/WindowsException'> (0x00000000e7bf99b8) thrown at [D:\src\AOSP-openjdk-cygwin\jdk8u\hotspot\src\share\vm\prims\jni.cpp, line 710]
Event: 15662.899 Thread 0x0000000058b20800 Exception <a 'sun/nio/fs/WindowsException'> (0x00000000e7bffee8) thrown at [D:\src\AOSP-openjdk-cygwin\jdk8u\hotspot\src\share\vm\prims\jni.cpp, line 710]
Event: 15662.935 Thread 0x000000005eb2e000 Exception <a 'java/lang/NoSuchMethodError': <clinit>> (0x00000000e8d2d498) thrown at [D:\src\AOSP-openjdk-cygwin\jdk8u\hotspot\src\share\vm\prims\jni.cpp, line 1614]

Events (10 events):
Event: 15662.885 Thread 0x000000005a9a6000 DEOPT PACKING pc=0x0000000002907b64 sp=0x0000000067ddd8c0
Event: 15662.885 Thread 0x000000005a9a6000 DEOPT UNPACKING pc=0x00000000026a557b sp=0x0000000067ddd860 mode 2
Event: 15662.888 Thread 0x000000005a9a6000 DEOPT PACKING pc=0x000000000547586f sp=0x0000000067ddda60
Event: 15662.888 Thread 0x000000005a9a6000 DEOPT UNPACKING pc=0x00000000026a75d0 sp=0x0000000067ddd8b0 mode 0
Event: 15662.901 Executing VM operation: ForceSafepoint
Event: 15662.901 Executing VM operation: ForceSafepoint done
Event: 15662.956 Executing VM operation: RevokeBias
Event: 15662.957 Executing VM operation: RevokeBias done
Event: 15663.102 Thread 0x000000005a9a4800 DEOPT PACKING pc=0x00000000054f64bc sp=0x00000000668ee060
Event: 15663.102 Thread 0x000000005a9a4800 DEOPT UNPACKING pc=0x00000000026a75d0 sp=0x00000000668ede18 mode 0


Dynamic libraries:
0x000000013f4d0000 - 0x000000013f501000 	C:\Program Files\Android\Android Studio1\jre\bin\java.exe
0x0000000076fd0000 - 0x000000007716f000 	C:\Windows\SYSTEM32\ntdll.dll
0x0000000076d50000 - 0x0000000076e6f000 	C:\Windows\system32\kernel32.dll
0x000007fefd780000 - 0x000007fefd7e7000 	C:\Windows\system32\KERNELBASE.dll
0x000007fefdbd0000 - 0x000007fefdcab000 	C:\Windows\system32\ADVAPI32.dll
0x000007feff170000 - 0x000007feff20f000 	C:\Windows\system32\msvcrt.dll
0x000007fefe080000 - 0x000007fefe09f000 	C:\Windows\SYSTEM32\sechost.dll
0x000007fefdcb0000 - 0x000007fefdddc000 	C:\Windows\system32\RPCRT4.dll
0x0000000076c50000 - 0x0000000076d4a000 	C:\Windows\system32\USER32.dll
0x000007fefdf70000 - 0x000007fefdfd7000 	C:\Windows\system32\GDI32.dll
0x000007fefe240000 - 0x000007fefe24e000 	C:\Windows\system32\LPK.dll
0x000007fefe0c0000 - 0x000007fefe18b000 	C:\Windows\system32\USP10.dll
0x000007fefbc30000 - 0x000007fefbe25000 	C:\Windows\WinSxS\amd64_microsoft.windows.common-controls_6595b64144ccf1df_6.0.7601.24483_none_e372d88f30fbb845\COMCTL32.dll
0x000007fefdde0000 - 0x000007fefde51000 	C:\Windows\system32\SHLWAPI.dll
0x000007feff210000 - 0x000007feff23e000 	C:\Windows\system32\IMM32.DLL
0x000007fefde60000 - 0x000007fefdf69000 	C:\Windows\system32\MSCTF.dll
0x00000000665e0000 - 0x00000000666b2000 	C:\Program Files\Android\Android Studio1\jre\jre\bin\msvcr100.dll
0x000000005b3a0000 - 0x000000005bbe6000 	C:\Program Files\Android\Android Studio1\jre\jre\bin\server\jvm.dll
0x000007fef1380000 - 0x000007fef1389000 	C:\Windows\system32\WSOCK32.dll
0x000007fefe330000 - 0x000007fefe37d000 	C:\Windows\system32\WS2_32.dll
0x000007fefe230000 - 0x000007fefe238000 	C:\Windows\system32\NSI.dll
0x000007fef9200000 - 0x000007fef923b000 	C:\Windows\system32\WINMM.dll
0x000007fefc570000 - 0x000007fefc57c000 	C:\Windows\system32\VERSION.dll
0x0000000077170000 - 0x0000000077177000 	C:\Windows\system32\PSAPI.DLL
0x000007fefc0e0000 - 0x000007fefc0ef000 	C:\Program Files\Android\Android Studio1\jre\jre\bin\verify.dll
0x000007feef2b0000 - 0x000007feef2d9000 	C:\Program Files\Android\Android Studio1\jre\jre\bin\java.dll
0x000007feefd50000 - 0x000007feefd66000 	C:\Program Files\Android\Android Studio1\jre\jre\bin\zip.dll
0x000007fefe380000 - 0x000007feff10b000 	C:\Windows\system32\SHELL32.dll
0x000007fefd7f0000 - 0x000007fefd9ef000 	C:\Windows\system32\ole32.dll
0x000007fefd420000 - 0x000007fefd42f000 	C:\Windows\system32\profapi.dll
0x000007feefdd0000 - 0x000007feefdea000 	C:\Program Files\Android\Android Studio1\jre\jre\bin\net.dll
0x000007fefcbf0000 - 0x000007fefcc45000 	C:\Windows\system32\mswsock.dll
0x000007fefcbe0000 - 0x000007fefcbe7000 	C:\Windows\System32\wship6.dll
0x000007feef950000 - 0x000007feef961000 	C:\Program Files\Android\Android Studio1\jre\jre\bin\nio.dll
0x000007feefdf0000 - 0x000007feefe16000 	C:\Users\Administrator\.gradle\native\29\windows-amd64\native-platform.dll
0x000007fef8d90000 - 0x000007fef8d93000 	C:\Windows\system32\api-ms-win-core-synch-l1-2-0.DLL
0x000007feefd40000 - 0x000007feefd4d000 	C:\Program Files\Android\Android Studio1\jre\jre\bin\management.dll
0x000007fefcc50000 - 0x000007fefcc68000 	C:\Windows\system32\CRYPTSP.dll
0x000007fefc950000 - 0x000007fefc997000 	C:\Windows\system32\rsaenh.dll
0x000007fefc760000 - 0x000007fefc77f000 	C:\Windows\system32\USERENV.dll
0x000007fefd350000 - 0x000007fefd35f000 	C:\Windows\system32\CRYPTBASE.dll
0x000007fefaef0000 - 0x000007fefaf17000 	C:\Windows\system32\IPHLPAPI.DLL
0x000007fefaed0000 - 0x000007fefaedb000 	C:\Windows\system32\WINNSI.DLL
0x000007fefacd0000 - 0x000007feface1000 	C:\Windows\system32\dhcpcsvc6.DLL
0x000007fefacb0000 - 0x000007fefacc8000 	C:\Windows\system32\dhcpcsvc.DLL
0x000007fefd2f0000 - 0x000007fefd347000 	C:\Windows\system32\apphelp.dll
0x000007feed1e0000 - 0x000007feed1fe000 	C:\Users\Administrator\AppData\Local\Temp\native-platform8819145428813495218dir\native-platform.dll

VM Arguments:
jvm_args: -Xmx1536m -Dfile.encoding=GBK -Duser.country=CN -Duser.language=zh -Duser.variant 
java_command: org.gradle.launcher.daemon.bootstrap.GradleDaemon 5.4.1
java_class_path (initial): C:\Users\Administrator\.gradle\wrapper\dists\gradle-5.4.1-all\3221gyojl5jsh0helicew7rwx\gradle-5.4.1\lib\gradle-launcher-5.4.1.jar
Launcher Type: SUN_STANDARD

Environment Variables:
PATH=C:\Program Files (x86)\Common Files\Oracle\Java\javapath;C:\sybase\OCS-12_5\lib3p;C:\sybase\OCS-12_5\dll;C:\sybase\OCS-12_5\bin;C:\Windows\system32;C:\Windows;C:\Windows\System32\Wbem;C:\Windows\System32\WindowsPowerShell\v1.0\;C:\Program Files\Git\cmd;D:\flutter_SDK\bin;C:\Windows\System32\WindowsPowerShell\v1.0\;D:\android_SDK\platform-tools;D:\bin\业务系统\dll;D:\Microsoft VS Code\bin
USERNAME=Administrator
OS=Windows_NT
PROCESSOR_IDENTIFIER=Intel64 Family 6 Model 60 Stepping 3, GenuineIntel



---------------  S Y S T E M  ---------------

OS: Windows 7 , 64 bit Build 7601 (6.1.7601.24499)

CPU:total 4 (initial active 4) (2 cores per cpu, 2 threads per core) family 6 model 60 stepping 3, cmov, cx8, fxsr, mmx, sse, sse2, sse3, ssse3, sse4.1, sse4.2, popcnt, avx, avx2, aes, clmul, erms, lzcnt, ht, tsc, tscinvbit, bmi1, bmi2

Memory: 4k page, physical 12480660k(1677864k free), swap 12478760k(5364k free)

vm_info: OpenJDK 64-Bit Server VM (25.202-b03) for windows-amd64 JRE (1.8.0_202-release-1483-b03), built by "builder" with MS VC++ 10.0 (VS2010)

time: Tue Jun 16 14:54:14 2020
timezone: 中国标准时间
elapsed time: 15663 seconds (0d 4h 21m 3s)

