#
# There is insufficient memory for the Java Runtime Environment to continue.
# Native memory allocation (malloc) failed to allocate 730736 bytes for Chunk::new
# Possible reasons:
#   The system is out of physical RAM or swap space
#   The process is running with CompressedOops enabled, and the Java Heap may be blocking the growth of the native heap
# Possible solutions:
#   Reduce memory load on the system
#   Increase physical memory or swap space
#   Check if swap backing store is full
#   Decrease Java heap size (-Xmx/-Xms)
#   Decrease number of Java threads
#   Decrease Java thread stack sizes (-Xss)
#   Set larger code cache with -XX:ReservedCodeCacheSize=
#   JVM is running with Unscaled Compressed Oops mode in which the Java heap is
#     placed in the first 4GB address space. The Java Heap base address is the
#     maximum limit for the native heap growth. Please use -XX:HeapBaseMinAddress
#     to set the Java Heap base and to place the Java Heap above 4GB virtual address.
# This output file may be truncated or incomplete.
#
#  Out of Memory Error (allocation.cpp:389), pid=8532, tid=0x0000000000002310
#
# JRE version: OpenJDK Runtime Environment (8.0_202-b03) (build 1.8.0_202-release-1483-b03)
# Java VM: OpenJDK 64-Bit Server VM (25.202-b03 mixed mode windows-amd64 compressed oops)
# Failed to write core dump. Minidumps are not enabled by default on client versions of Windows
#

---------------  T H R E A D  ---------------

Current thread (0x00000000576af000):  JavaThread "C2 CompilerThread1" daemon [_thread_in_native, id=8976, stack(0x0000000058130000,0x0000000058230000)]

Stack: [0x0000000058130000,0x0000000058230000]
[error occurred during error reporting (printing stack bounds), id 0xc0000005]

Native frames: (J=compiled Java code, j=interpreted, Vv=VM code, C=native code)


Current CompileTask:
C2:  30735 11355 %     4       com.android.tools.r8.ir.regalloc.LinearScanRegisterAllocator::a @ 1535 (1738 bytes)


---------------  P R O C E S S  ---------------

Java Threads: ( => current thread )
  0x000000006079c800 JavaThread "Cache worker for execution history cache (E:\Android_code_file\KotlinStudy\.gradle\5.4.1\executionHistory)" [_thread_blocked, id=8720, stack(0x0000000065000000,0x0000000065100000)]
  0x000000006079c000 JavaThread "Execution worker for ':' Thread 3" [_thread_in_Java, id=4304, stack(0x0000000064550000,0x0000000064650000)]
  0x000000006079b000 JavaThread "Execution worker for ':' Thread 2" [_thread_in_Java, id=5036, stack(0x0000000064840000,0x0000000064940000)]
  0x000000006079a800 JavaThread "Execution worker for ':'" [_thread_in_Java, id=8644, stack(0x00000000643a0000,0x00000000644a0000)]
  0x000000005a0f2800 JavaThread "Cache worker for file content cache (E:\Android_code_file\KotlinStudy\.gradle\5.4.1\fileContent)" [_thread_blocked, id=7928, stack(0x0000000064950000,0x0000000064a50000)]
  0x000000005a0f1800 JavaThread "Cache worker for file content cache (C:\Users\Administrator\.gradle\caches\5.4.1\fileContent)" [_thread_blocked, id=3944, stack(0x0000000064700000,0x0000000064800000)]
  0x000000005a0f1000 JavaThread "Memory manager" [_thread_blocked, id=6284, stack(0x0000000062fe0000,0x00000000630e0000)]
  0x000000005a0ef800 JavaThread "Cache worker for Build Output Cleanup Cache (E:\Android_code_file\KotlinStudy\.gradle\buildOutputCleanup)" [_thread_blocked, id=3372, stack(0x0000000062200000,0x0000000062300000)]
  0x000000005a0ee800 JavaThread "Build operations Thread 4" [_thread_blocked, id=8480, stack(0x0000000061a10000,0x0000000061b10000)]
  0x000000005a0ee000 JavaThread "Build operations Thread 3" [_thread_blocked, id=5820, stack(0x0000000061490000,0x0000000061590000)]
  0x000000005a0ed000 JavaThread "Build operations Thread 2" [_thread_blocked, id=8804, stack(0x00000000618f0000,0x00000000619f0000)]
  0x000000005a0ec800 JavaThread "Build operations" [_thread_blocked, id=6868, stack(0x0000000061740000,0x0000000061840000)]
  0x000000005a0eb000 JavaThread "Cache worker for execution history cache (C:\Users\Administrator\.gradle\caches\5.4.1\executionHistory)" [_thread_blocked, id=8824, stack(0x000000005c530000,0x000000005c630000)]
  0x000000005a0ea000 JavaThread "Cache worker for cache directory md-rule (C:\Users\Administrator\.gradle\caches\5.4.1\md-rule)" [_thread_blocked, id=4472, stack(0x0000000061600000,0x0000000061700000)]
  0x000000005a0e9800 JavaThread "Cache worker for cache directory md-supplier (C:\Users\Administrator\.gradle\caches\5.4.1\md-supplier)" [_thread_blocked, id=5532, stack(0x0000000061170000,0x0000000061270000)]
  0x000000005a0e5000 JavaThread "Cache worker for file hash cache (E:\Android_code_file\KotlinStudy\.gradle\5.4.1\fileHashes)" [_thread_blocked, id=5588, stack(0x000000005e390000,0x000000005e490000)]
  0x000000005a0e4000 JavaThread "Cache worker for journal cache (C:\Users\Administrator\.gradle\caches\journal-1)" [_thread_blocked, id=9112, stack(0x000000005d010000,0x000000005d110000)]
  0x000000005a0e3800 JavaThread "File lock request listener" [_thread_in_native, id=3036, stack(0x000000005cc80000,0x000000005cd80000)]
  0x0000000058726800 JavaThread "Cache worker for file hash cache (C:\Users\Administrator\.gradle\caches\5.4.1\fileHashes)" [_thread_blocked, id=6440, stack(0x000000005c7d0000,0x000000005c8d0000)]
  0x0000000059ee5000 JavaThread "Thread-9" [_thread_blocked, id=9020, stack(0x000000005cae0000,0x000000005cbe0000)]
  0x0000000059ecf800 JavaThread "Stdin handler" [_thread_blocked, id=8240, stack(0x000000005c8e0000,0x000000005c9e0000)]
  0x000000005a022800 JavaThread "Asynchronous log dispatcher for DefaultDaemonConnection: socket connection from /127.0.0.1:59206 to /127.0.0.1:59207" [_thread_blocked, id=6800, stack(0x000000005c6d0000,0x000000005c7d0000)]
  0x000000005a025800 JavaThread "Daemon worker" [_thread_in_native, id=2444, stack(0x000000005c410000,0x000000005c510000)]
  0x000000005a00c800 JavaThread "Cancel handler" [_thread_blocked, id=7828, stack(0x000000005bf00000,0x000000005c000000)]
  0x0000000059ff7800 JavaThread "Handler for socket connection from /127.0.0.1:59206 to /127.0.0.1:59207" [_thread_in_native, id=3404, stack(0x000000005c0d0000,0x000000005c1d0000)]
  0x0000000059ff4000 JavaThread "Daemon" [_thread_blocked, id=5612, stack(0x000000005bc90000,0x000000005bd90000)]
  0x000000005993f800 JavaThread "Daemon periodic checks" [_thread_blocked, id=5116, stack(0x000000005bde0000,0x000000005bee0000)]
  0x000000005981a000 JavaThread "Incoming local TCP Connector on port 59206" [_thread_in_native, id=6248, stack(0x0000000058c90000,0x0000000058d90000)]
  0x00000000590ce000 JavaThread "Daemon health stats" [_thread_blocked, id=4592, stack(0x000000005ae60000,0x000000005af60000)]
  0x00000000576b4000 JavaThread "Service Thread" daemon [_thread_blocked, id=6384, stack(0x0000000058240000,0x0000000058340000)]
  0x00000000576b1000 JavaThread "C1 CompilerThread2" daemon [_thread_in_vm, id=2728, stack(0x0000000058360000,0x0000000058460000)]
=>0x00000000576af000 JavaThread "C2 CompilerThread1" daemon [_thread_in_native, id=8976, stack(0x0000000058130000,0x0000000058230000)]
  0x000000005635d000 JavaThread "C2 CompilerThread0" daemon [_thread_in_native, id=472, stack(0x0000000057ea0000,0x0000000057fa0000)]
  0x0000000057699000 JavaThread "Attach Listener" daemon [_thread_blocked, id=6148, stack(0x0000000057cb0000,0x0000000057db0000)]
  0x0000000057698800 JavaThread "Signal Dispatcher" daemon [_thread_blocked, id=2364, stack(0x0000000057ac0000,0x0000000057bc0000)]
  0x000000005633a800 JavaThread "Finalizer" daemon [_thread_blocked, id=8940, stack(0x0000000057590000,0x0000000057690000)]
  0x0000000056331800 JavaThread "Reference Handler" daemon [_thread_blocked, id=9008, stack(0x00000000573d0000,0x00000000574d0000)]
  0x000000000251f800 JavaThread "main" [_thread_blocked, id=9000, stack(0x00000000025a0000,0x00000000026a0000)]

Other Threads:
  0x00000000562e9800 VMThread [stack: 0x0000000057220000,0x0000000057320000] [id=8296]
  0x00000000576b6800 WatcherThread [stack: 0x0000000057fe0000,0x00000000580e0000] [id=160]

VM state:not at safepoint (normal execution)

VM Mutex/Monitor currently owned by a thread:  ([mutex/lock_event])
[0x000000000251bf00] CodeCache_lock - owner thread: 0x00000000576b1000
[0x000000000251d5b0] Compile_lock - owner thread: 0x00000000576b1000
[0x000000000251d6b0] MethodCompileQueue_lock - owner thread: 0x00000000576b1000

OutOfMemory and StackOverflow Exception counts:
OutOfMemoryError java_heap_errors=1

heap address: 0x00000000a0000000, size: 1536 MB, Compressed Oops mode: 32-bit
Narrow klass base: 0x0000000000000000, Narrow klass shift: 0
Compressed class space size: 1073741824 Address: 0x0000000015960000

Heap:
 PSYoungGen      total 398848K, used 325121K [0x00000000e0000000, 0x00000000faa80000, 0x0000000100000000)
  eden space 374272K, 80% used [0x00000000e0000000,0x00000000f25bfa80,0x00000000f6d80000)
  from space 24576K, 98% used [0x00000000f9100000,0x00000000fa8c0d50,0x00000000fa900000)
  to   space 31232K, 0% used [0x00000000f6d80000,0x00000000f6d80000,0x00000000f8c00000)
 ParOldGen       total 169472K, used 39884K [0x00000000a0000000, 0x00000000aa580000, 0x00000000e0000000)
  object space 169472K, 23% used [0x00000000a0000000,0x00000000a26f33e8,0x00000000aa580000)
 Metaspace       used 72336K, capacity 75102K, committed 75352K, reserved 1114112K
  class space    used 9725K, capacity 10272K, committed 10368K, reserved 1048576K

Card table byte_map: [0x0000000011a60000,0x0000000011d70000] byte_map_base: 0x0000000011560000

Marking Bits: (ParMarkBitMap*) 0x000000005bb69f30
 Begin Bits: [0x0000000012660000, 0x0000000013e60000)
 End Bits:   [0x0000000013e60000, 0x0000000015660000)

Polling page: 0x0000000000240000

CodeCache: size=245760Kb used=35323Kb max_used=35323Kb free=210436Kb
 bounds [0x00000000026a0000, 0x0000000004940000, 0x00000000116a0000]
 total_blobs=11162 nmethods=10341 adapters=731
 compilation: enabled

Compilation events (10 events):
Event: 30.712 Thread 0x00000000576b1000 11476       1       com.android.tools.r8.ir.code.InstanceOf::t0 (2 bytes)
Event: 30.712 Thread 0x00000000576b1000 nmethod 11476 0x00000000048e6e50 code [0x00000000048e6fa0, 0x00000000048e70b0]
Event: 30.712 Thread 0x00000000576b1000 11477       1       com.android.tools.r8.ir.code.InstanceOf::G1 (3 bytes)
Event: 30.712 Thread 0x00000000576b1000 nmethod 11477 0x00000000048e6ad0 code [0x00000000048e6c20, 0x00000000048e6d30]
Event: 30.712 Thread 0x00000000576b1000 11478       1       com.android.tools.r8.ir.code.InstanceOf::F1 (3 bytes)
Event: 30.712 Thread 0x00000000576b1000 nmethod 11478 0x0000000004913490 code [0x00000000049135e0, 0x00000000049136f0]
Event: 30.713 Thread 0x00000000576b1000 11479       1       com.android.tools.r8.ir.code.InstanceOf::dest (5 bytes)
Event: 30.713 Thread 0x00000000576b1000 nmethod 11479 0x00000000049131d0 code [0x0000000004913320, 0x0000000004913430]
Event: 30.714 Thread 0x00000000576b1000 11480       2       com.android.tools.r8.ir.code.ConstNumber::a (26 bytes)
Event: 30.714 Thread 0x00000000576b1000 nmethod 11480 0x0000000004912e50 code [0x0000000004912fa0, 0x0000000004913130]

GC Heap History (10 events):
Event: 15.246 GC heap before
{Heap before GC invocations=9 (full 2):
 PSYoungGen      total 292352K, used 90822K [0x00000000e0000000, 0x00000000f4180000, 0x0000000100000000)
  eden space 276480K, 27% used [0x00000000e0000000,0x00000000e4932018,0x00000000f0e00000)
  from space 15872K, 99% used [0x00000000f2480000,0x00000000f33ff828,0x00000000f3400000)
  to   space 23040K, 0% used [0x00000000f0e00000,0x00000000f0e00000,0x00000000f2480000)
 ParOldGen       total 119296K, used 26804K [0x00000000a0000000, 0x00000000a7480000, 0x00000000e0000000)
  object space 119296K, 22% used [0x00000000a0000000,0x00000000a1a2d2c0,0x00000000a7480000)
 Metaspace       used 57406K, capacity 59066K, committed 59096K, reserved 1099776K
  class space    used 7762K, capacity 8164K, committed 8192K, reserved 1048576K
Event: 15.275 GC heap after
Heap after GC invocations=9 (full 2):
 PSYoungGen      total 299520K, used 18796K [0x00000000e0000000, 0x00000000fa900000, 0x0000000100000000)
  eden space 276480K, 0% used [0x00000000e0000000,0x00000000e0000000,0x00000000f0e00000)
  from space 23040K, 81% used [0x00000000f0e00000,0x00000000f205b030,0x00000000f2480000)
  to   space 24576K, 0% used [0x00000000f9100000,0x00000000f9100000,0x00000000fa900000)
 ParOldGen       total 119296K, used 26876K [0x00000000a0000000, 0x00000000a7480000, 0x00000000e0000000)
  object space 119296K, 22% used [0x00000000a0000000,0x00000000a1a3f2d0,0x00000000a7480000)
 Metaspace       used 57406K, capacity 59066K, committed 59096K, reserved 1099776K
  class space    used 7762K, capacity 8164K, committed 8192K, reserved 1048576K
}
Event: 15.275 GC heap before
{Heap before GC invocations=10 (full 3):
 PSYoungGen      total 299520K, used 18796K [0x00000000e0000000, 0x00000000fa900000, 0x0000000100000000)
  eden space 276480K, 0% used [0x00000000e0000000,0x00000000e0000000,0x00000000f0e00000)
  from space 23040K, 81% used [0x00000000f0e00000,0x00000000f205b030,0x00000000f2480000)
  to   space 24576K, 0% used [0x00000000f9100000,0x00000000f9100000,0x00000000fa900000)
 ParOldGen       total 119296K, used 26876K [0x00000000a0000000, 0x00000000a7480000, 0x00000000e0000000)
  object space 119296K, 22% used [0x00000000a0000000,0x00000000a1a3f2d0,0x00000000a7480000)
 Metaspace       used 57406K, capacity 59066K, committed 59096K, reserved 1099776K
  class space    used 7762K, capacity 8164K, committed 8192K, reserved 1048576K
Event: 15.593 GC heap after
Heap after GC invocations=10 (full 3):
 PSYoungGen      total 299520K, used 0K [0x00000000e0000000, 0x00000000fa900000, 0x0000000100000000)
  eden space 276480K, 0% used [0x00000000e0000000,0x00000000e0000000,0x00000000f0e00000)
  from space 23040K, 0% used [0x00000000f0e00000,0x00000000f0e00000,0x00000000f2480000)
  to   space 24576K, 0% used [0x00000000f9100000,0x00000000f9100000,0x00000000fa900000)
 ParOldGen       total 169472K, used 33451K [0x00000000a0000000, 0x00000000aa580000, 0x00000000e0000000)
  object space 169472K, 19% used [0x00000000a0000000,0x00000000a20aad30,0x00000000aa580000)
 Metaspace       used 57406K, capacity 59066K, committed 59096K, reserved 1099776K
  class space    used 7762K, capacity 8164K, committed 8192K, reserved 1048576K
}
Event: 23.932 GC heap before
{Heap before GC invocations=11 (full 3):
 PSYoungGen      total 299520K, used 276480K [0x00000000e0000000, 0x00000000fa900000, 0x0000000100000000)
  eden space 276480K, 100% used [0x00000000e0000000,0x00000000f0e00000,0x00000000f0e00000)
  from space 23040K, 0% used [0x00000000f0e00000,0x00000000f0e00000,0x00000000f2480000)
  to   space 24576K, 0% used [0x00000000f9100000,0x00000000f9100000,0x00000000fa900000)
 ParOldGen       total 169472K, used 33451K [0x00000000a0000000, 0x00000000aa580000, 0x00000000e0000000)
  object space 169472K, 19% used [0x00000000a0000000,0x00000000a20aad30,0x00000000aa580000)
 Metaspace       used 69390K, capacity 71732K, committed 71896K, reserved 1112064K
  class space    used 9470K, capacity 9971K, committed 9984K, reserved 1048576K
Event: 24.003 GC heap after
Heap after GC invocations=11 (full 3):
 PSYoungGen      total 398848K, used 24575K [0x00000000e0000000, 0x00000000faa80000, 0x0000000100000000)
  eden space 374272K, 0% used [0x00000000e0000000,0x00000000e0000000,0x00000000f6d80000)
  from space 24576K, 99% used [0x00000000f9100000,0x00000000fa8ffd18,0x00000000fa900000)
  to   space 31232K, 0% used [0x00000000f6d80000,0x00000000f6d80000,0x00000000f8c00000)
 ParOldGen       total 169472K, used 39868K [0x00000000a0000000, 0x00000000aa580000, 0x00000000e0000000)
  object space 169472K, 23% used [0x00000000a0000000,0x00000000a26ef3e8,0x00000000aa580000)
 Metaspace       used 69390K, capacity 71732K, committed 71896K, reserved 1112064K
  class space    used 9470K, capacity 9971K, committed 9984K, reserved 1048576K
}
Event: 27.105 GC heap before
{Heap before GC invocations=12 (full 3):
 PSYoungGen      total 398848K, used 398847K [0x00000000e0000000, 0x00000000faa80000, 0x0000000100000000)
  eden space 374272K, 100% used [0x00000000e0000000,0x00000000f6d80000,0x00000000f6d80000)
  from space 24576K, 99% used [0x00000000f9100000,0x00000000fa8ffd18,0x00000000fa900000)
  to   space 31232K, 0% used [0x00000000f6d80000,0x00000000f6d80000,0x00000000f8c00000)
 ParOldGen       total 169472K, used 39868K [0x00000000a0000000, 0x00000000aa580000, 0x00000000e0000000)
  object space 169472K, 23% used [0x00000000a0000000,0x00000000a26ef3e8,0x00000000aa580000)
 Metaspace       used 72022K, capacity 74746K, committed 74968K, reserved 1114112K
  class space    used 9707K, capacity 10232K, committed 10240K, reserved 1048576K
Event: 27.184 GC heap after
Heap after GC invocations=12 (full 3):
 PSYoungGen      total 405504K, used 22762K [0x00000000e0000000, 0x00000000faa80000, 0x0000000100000000)
  eden space 374272K, 0% used [0x00000000e0000000,0x00000000e0000000,0x00000000f6d80000)
  from space 31232K, 72% used [0x00000000f6d80000,0x00000000f83babe0,0x00000000f8c00000)
  to   space 24576K, 0% used [0x00000000f9100000,0x00000000f9100000,0x00000000fa900000)
 ParOldGen       total 169472K, used 39876K [0x00000000a0000000, 0x00000000aa580000, 0x00000000e0000000)
  object space 169472K, 23% used [0x00000000a0000000,0x00000000a26f13e8,0x00000000aa580000)
 Metaspace       used 72022K, capacity 74746K, committed 74968K, reserved 1114112K
  class space    used 9707K, capacity 10232K, committed 10240K, reserved 1048576K
}
Event: 29.555 GC heap before
{Heap before GC invocations=13 (full 3):
 PSYoungGen      total 405504K, used 397034K [0x00000000e0000000, 0x00000000faa80000, 0x0000000100000000)
  eden space 374272K, 100% used [0x00000000e0000000,0x00000000f6d80000,0x00000000f6d80000)
  from space 31232K, 72% used [0x00000000f6d80000,0x00000000f83babe0,0x00000000f8c00000)
  to   space 24576K, 0% used [0x00000000f9100000,0x00000000f9100000,0x00000000fa900000)
 ParOldGen       total 169472K, used 39876K [0x00000000a0000000, 0x00000000aa580000, 0x00000000e0000000)
  object space 169472K, 23% used [0x00000000a0000000,0x00000000a26f13e8,0x00000000aa580000)
 Metaspace       used 72266K, capacity 74966K, committed 75096K, reserved 1114112K
  class space    used 9724K, capacity 10272K, committed 10368K, reserved 1048576K
Event: 29.589 GC heap after
Heap after GC invocations=13 (full 3):
 PSYoungGen      total 398848K, used 24323K [0x00000000e0000000, 0x00000000faa80000, 0x0000000100000000)
  eden space 374272K, 0% used [0x00000000e0000000,0x00000000e0000000,0x00000000f6d80000)
  from space 24576K, 98% used [0x00000000f9100000,0x00000000fa8c0d50,0x00000000fa900000)
  to   space 31232K, 0% used [0x00000000f6d80000,0x00000000f6d80000,0x00000000f8c00000)
 ParOldGen       total 169472K, used 39884K [0x00000000a0000000, 0x00000000aa580000, 0x00000000e0000000)
  object space 169472K, 23% used [0x00000000a0000000,0x00000000a26f33e8,0x00000000aa580000)
 Metaspace       used 72266K, capacity 74966K, committed 75096K, reserved 1114112K
  class space    used 9724K, capacity 10272K, committed 10368K, reserved 1048576K
}

Deoptimization events (10 events):
Event: 27.235 Thread 0x000000005633a800 Uncommon trap: reason=unstable_if action=reinterpret pc=0x0000000002f84514 method=java.lang.ref.Finalizer.remove()V @ 10
Event: 27.598 Thread 0x000000006079b000 Uncommon trap: reason=unstable_if action=reinterpret pc=0x0000000002a64eac method=com.android.tools.r8.ir.conversion.V.b(Lcom/android/tools/r8/t/a/a/B;)Z @ 11
Event: 28.414 Thread 0x000000006079b000 Uncommon trap: reason=unstable_if action=reinterpret pc=0x00000000047df760 method=com.android.tools.r8.ir.conversion.N.b(Lcom/android/tools/r8/t/a/a/G/a;)Z @ 15
Event: 28.499 Thread 0x000000005a025800 Uncommon trap: reason=unstable_if action=reinterpret pc=0x00000000027cb244 method=java.util.HashMap.getNode(ILjava/lang/Object;)Ljava/util/HashMap$Node; @ 84
Event: 28.499 Thread 0x000000005a025800 Uncommon trap: reason=unstable_if action=reinterpret pc=0x0000000002963010 method=java.util.HashMap.putVal(ILjava/lang/Object;Ljava/lang/Object;ZZ)Ljava/lang/Object; @ 109
Event: 28.500 Thread 0x000000005a025800 Uncommon trap: reason=unstable_if action=reinterpret pc=0x0000000002ebeedc method=java.util.HashMap.getNode(ILjava/lang/Object;)Ljava/util/HashMap$Node; @ 84
Event: 28.750 Thread 0x000000005a025800 Uncommon trap: reason=unstable_if action=reinterpret pc=0x00000000040c4dfc method=com.android.tools.r8.ir.code.Position.equals(Ljava/lang/Object;)Z @ 27
Event: 29.787 Thread 0x000000006079b000 Uncommon trap: reason=bimorphic action=maybe_recompile pc=0x00000000046ad3bc method=com.android.tools.r8.ir.code.k0.a(Lcom/android/tools/r8/ir/analysis/type/TypeLatticeElement;)Lcom/android/tools/r8/ir/code/k0; @ 29
Event: 29.787 Thread 0x000000006079b000 Uncommon trap: reason=bimorphic action=maybe_recompile pc=0x00000000046ad3bc method=com.android.tools.r8.ir.code.k0.a(Lcom/android/tools/r8/ir/analysis/type/TypeLatticeElement;)Lcom/android/tools/r8/ir/code/k0; @ 29
Event: 30.057 Thread 0x000000006079a800 Uncommon trap: reason=unstable_if action=reinterpret pc=0x00000000048666d0 method=com.android.tools.r8.ir.conversion.N.buildInstruction(Lcom/android/tools/r8/ir/conversion/IRBuilder;IZ)V @ 3

Classes redefined (0 events):
No events

Internal exceptions (10 events):
Event: 26.547 Thread 0x000000005a025800 Exception <a 'sun/nio/fs/WindowsException'> (0x00000000efd069c0) thrown at [D:\src\AOSP-openjdk-cygwin\jdk8u\hotspot\src\share\vm\prims\jni.cpp, line 710]
Event: 26.640 Thread 0x000000006079c000 Exception <a 'sun/nio/fs/WindowsException'> (0x00000000ed47a218) thrown at [D:\src\AOSP-openjdk-cygwin\jdk8u\hotspot\src\share\vm\prims\jni.cpp, line 710]
Event: 26.954 Thread 0x000000005a025800 Exception <a 'sun/nio/fs/WindowsException'> (0x00000000f4e2e888) thrown at [D:\src\AOSP-openjdk-cygwin\jdk8u\hotspot\src\share\vm\prims\jni.cpp, line 710]
Event: 28.001 Thread 0x000000006079b000 Exception <a 'sun/nio/fs/WindowsException'> (0x00000000e6addae8) thrown at [D:\src\AOSP-openjdk-cygwin\jdk8u\hotspot\src\share\vm\prims\jni.cpp, line 710]
Event: 28.405 Thread 0x000000006079b000 Exception <a 'sun/nio/fs/WindowsException'> (0x00000000e8326108) thrown at [D:\src\AOSP-openjdk-cygwin\jdk8u\hotspot\src\share\vm\prims\jni.cpp, line 710]
Event: 28.431 Thread 0x000000005a025800 Exception <a 'sun/nio/fs/WindowsException'> (0x00000000e05ff3f8) thrown at [D:\src\AOSP-openjdk-cygwin\jdk8u\hotspot\src\share\vm\prims\jni.cpp, line 710]
Event: 28.770 Thread 0x000000006079c000 Exception <a 'sun/nio/fs/WindowsException'> (0x00000000ee093868) thrown at [D:\src\AOSP-openjdk-cygwin\jdk8u\hotspot\src\share\vm\prims\jni.cpp, line 710]
Event: 29.419 Thread 0x000000005a025800 Exception <a 'sun/nio/fs/WindowsException'> (0x00000000f565ab70) thrown at [D:\src\AOSP-openjdk-cygwin\jdk8u\hotspot\src\share\vm\prims\jni.cpp, line 710]
Event: 29.985 Thread 0x000000006079b000 Exception <a 'sun/nio/fs/WindowsException'> (0x00000000e42833f8) thrown at [D:\src\AOSP-openjdk-cygwin\jdk8u\hotspot\src\share\vm\prims\jni.cpp, line 710]
Event: 30.483 Thread 0x000000006079b000 Exception <a 'sun/nio/fs/WindowsException'> (0x00000000e4740e68) thrown at [D:\src\AOSP-openjdk-cygwin\jdk8u\hotspot\src\share\vm\prims\jni.cpp, line 710]

Events (10 events):
Event: 30.513 Thread 0x000000006079b000 DEOPT PACKING pc=0x0000000003f7a517 sp=0x000000006493ab30
Event: 30.513 Thread 0x000000006079b000 DEOPT UNPACKING pc=0x00000000026e75d0 sp=0x000000006493a850 mode 0
Event: 30.530 Thread 0x000000006079b000 DEOPT PACKING pc=0x0000000003fab226 sp=0x000000006493ab80
Event: 30.530 Thread 0x000000006079b000 DEOPT UNPACKING pc=0x00000000026e75d0 sp=0x000000006493ab90 mode 0
Event: 30.540 Thread 0x000000006079a800 DEOPT PACKING pc=0x0000000003fab226 sp=0x000000006449a940
Event: 30.540 Thread 0x000000006079a800 DEOPT UNPACKING pc=0x00000000026e75d0 sp=0x000000006449a950 mode 0
Event: 30.630 Thread 0x000000006079b000 DEOPT PACKING pc=0x0000000003ee0aa5 sp=0x000000006493ab40
Event: 30.631 Thread 0x000000006079b000 DEOPT UNPACKING pc=0x00000000026e75d0 sp=0x000000006493aba8 mode 0
Event: 30.653 Thread 0x000000006079b000 DEOPT PACKING pc=0x0000000003ee0b22 sp=0x000000006493aa40
Event: 30.653 Thread 0x000000006079b000 DEOPT UNPACKING pc=0x00000000026e75d0 sp=0x000000006493aaa8 mode 0


Dynamic libraries:
0x000000013f4d0000 - 0x000000013f501000 	C:\Program Files\Android\Android Studio1\jre\bin\java.exe
0x0000000076fd0000 - 0x000000007716f000 	C:\Windows\SYSTEM32\ntdll.dll
0x0000000076d50000 - 0x0000000076e6f000 	C:\Windows\system32\kernel32.dll
0x000007fefd780000 - 0x000007fefd7e7000 	C:\Windows\system32\KERNELBASE.dll
0x000007fefdbd0000 - 0x000007fefdcab000 	C:\Windows\system32\ADVAPI32.dll
0x000007feff170000 - 0x000007feff20f000 	C:\Windows\system32\msvcrt.dll
0x000007fefe080000 - 0x000007fefe09f000 	C:\Windows\SYSTEM32\sechost.dll
0x000007fefdcb0000 - 0x000007fefdddc000 	C:\Windows\system32\RPCRT4.dll
0x0000000076c50000 - 0x0000000076d4a000 	C:\Windows\system32\USER32.dll
0x000007fefdf70000 - 0x000007fefdfd7000 	C:\Windows\system32\GDI32.dll
0x000007fefe240000 - 0x000007fefe24e000 	C:\Windows\system32\LPK.dll
0x000007fefe0c0000 - 0x000007fefe18b000 	C:\Windows\system32\USP10.dll
0x000007fefbc30000 - 0x000007fefbe25000 	C:\Windows\WinSxS\amd64_microsoft.windows.common-controls_6595b64144ccf1df_6.0.7601.24483_none_e372d88f30fbb845\COMCTL32.dll
0x000007fefdde0000 - 0x000007fefde51000 	C:\Windows\system32\SHLWAPI.dll
0x000007feff210000 - 0x000007feff23e000 	C:\Windows\system32\IMM32.DLL
0x000007fefde60000 - 0x000007fefdf69000 	C:\Windows\system32\MSCTF.dll
0x00000000665e0000 - 0x00000000666b2000 	C:\Program Files\Android\Android Studio1\jre\jre\bin\msvcr100.dll
0x000000005b3a0000 - 0x000000005bbe6000 	C:\Program Files\Android\Android Studio1\jre\jre\bin\server\jvm.dll
0x000007fef1380000 - 0x000007fef1389000 	C:\Windows\system32\WSOCK32.dll
0x000007fefe330000 - 0x000007fefe37d000 	C:\Windows\system32\WS2_32.dll
0x000007fefe230000 - 0x000007fefe238000 	C:\Windows\system32\NSI.dll
0x000007fef9200000 - 0x000007fef923b000 	C:\Windows\system32\WINMM.dll
0x000007fefc570000 - 0x000007fefc57c000 	C:\Windows\system32\VERSION.dll
0x0000000077170000 - 0x0000000077177000 	C:\Windows\system32\PSAPI.DLL
0x000007fefc0e0000 - 0x000007fefc0ef000 	C:\Program Files\Android\Android Studio1\jre\jre\bin\verify.dll
0x000007feef2b0000 - 0x000007feef2d9000 	C:\Program Files\Android\Android Studio1\jre\jre\bin\java.dll
0x000007feefd50000 - 0x000007feefd66000 	C:\Program Files\Android\Android Studio1\jre\jre\bin\zip.dll
0x000007fefe380000 - 0x000007feff10b000 	C:\Windows\system32\SHELL32.dll
0x000007fefd7f0000 - 0x000007fefd9ef000 	C:\Windows\system32\ole32.dll
0x000007fefd420000 - 0x000007fefd42f000 	C:\Windows\system32\profapi.dll
0x000007feefdd0000 - 0x000007feefdea000 	C:\Program Files\Android\Android Studio1\jre\jre\bin\net.dll
0x000007fefcbf0000 - 0x000007fefcc45000 	C:\Windows\system32\mswsock.dll
0x000007fefcbe0000 - 0x000007fefcbe7000 	C:\Windows\System32\wship6.dll
0x000007feef950000 - 0x000007feef961000 	C:\Program Files\Android\Android Studio1\jre\jre\bin\nio.dll
0x000007feed190000 - 0x000007feed1b6000 	C:\Users\Administrator\.gradle\native\29\windows-amd64\native-platform.dll
0x000007fef8d90000 - 0x000007fef8d93000 	C:\Windows\system32\api-ms-win-core-synch-l1-2-0.DLL
0x000007feefd40000 - 0x000007feefd4d000 	C:\Program Files\Android\Android Studio1\jre\jre\bin\management.dll
0x000007fefcc50000 - 0x000007fefcc68000 	C:\Windows\system32\CRYPTSP.dll
0x000007fefc950000 - 0x000007fefc997000 	C:\Windows\system32\rsaenh.dll
0x000007fefcdf0000 - 0x000007fefce12000 	C:\Windows\system32\bcrypt.dll
0x000007fefcd60000 - 0x000007fefcdac000 	C:\Windows\system32\bcryptprimitives.dll
0x000007fefc760000 - 0x000007fefc77f000 	C:\Windows\system32\USERENV.dll
0x000007fefd350000 - 0x000007fefd35f000 	C:\Windows\system32\CRYPTBASE.dll
0x000007fefaef0000 - 0x000007fefaf17000 	C:\Windows\system32\IPHLPAPI.DLL
0x000007fefaed0000 - 0x000007fefaedb000 	C:\Windows\system32\WINNSI.DLL
0x000007fefacd0000 - 0x000007feface1000 	C:\Windows\system32\dhcpcsvc6.DLL
0x000007fefacb0000 - 0x000007fefacc8000 	C:\Windows\system32\dhcpcsvc.DLL

VM Arguments:
jvm_args: -Xmx1536m -Dfile.encoding=GBK -Duser.country=CN -Duser.language=zh -Duser.variant 
java_command: org.gradle.launcher.daemon.bootstrap.GradleDaemon 5.4.1
java_class_path (initial): C:\Users\Administrator\.gradle\wrapper\dists\gradle-5.4.1-all\3221gyojl5jsh0helicew7rwx\gradle-5.4.1\lib\gradle-launcher-5.4.1.jar
Launcher Type: SUN_STANDARD

Environment Variables:
PATH=C:\Program Files (x86)\Common Files\Oracle\Java\javapath;C:\sybase\OCS-12_5\lib3p;C:\sybase\OCS-12_5\dll;C:\sybase\OCS-12_5\bin;C:\Windows\system32;C:\Windows;C:\Windows\System32\Wbem;C:\Windows\System32\WindowsPowerShell\v1.0\;C:\Program Files\Git\cmd;D:\flutter_SDK\bin;C:\Windows\System32\WindowsPowerShell\v1.0\;D:\android_SDK\platform-tools;D:\bin\业务系统\dll;D:\Microsoft VS Code\bin
USERNAME=Administrator
OS=Windows_NT
PROCESSOR_IDENTIFIER=Intel64 Family 6 Model 60 Stepping 3, GenuineIntel



---------------  S Y S T E M  ---------------

OS: Windows 7 , 64 bit Build 7601 (6.1.7601.24499)

CPU:total 4 (initial active 4) (2 cores per cpu, 2 threads per core) family 6 model 60 stepping 3, cmov, cx8, fxsr, mmx, sse, sse2, sse3, ssse3, sse4.1, sse4.2, popcnt, avx, avx2, aes, clmul, erms, lzcnt, ht, tsc, tscinvbit, bmi1, bmi2

Memory: 4k page, physical 12480660k(1707832k free), swap 12478760k(12952k free)

vm_info: OpenJDK 64-Bit Server VM (25.202-b03) for windows-amd64 JRE (1.8.0_202-release-1483-b03), built by "builder" with MS VC++ 10.0 (VS2010)

time: Tue Jun 16 10:26:14 2020
timezone: 中国标准时间
elapsed time: 30 seconds (0d 0h 0m 30s)

